"input" in: sky130A_mr.drc:180
    Polygons (raw): 161006 (flat)  834 (hierarchical)
    Elapsed: 0.030s  Memory: 629.00M
"polygons" in: sky130A_mr.drc:181
    Polygons (raw): 26604 (flat)  4 (hierarchical)
    Elapsed: 0.010s  Memory: 630.00M
"polygons" in: sky130A_mr.drc:182
    Polygons (raw): 107471 (flat)  280 (hierarchical)
    Elapsed: 0.010s  Memory: 630.00M
"polygons" in: sky130A_mr.drc:183
    Polygons (raw): 0 (flat)  0 (hierarchical)
    Elapsed: 0.000s  Memory: 630.00M
"polygons" in: sky130A_mr.drc:184
    Polygons (raw): 0 (flat)  0 (hierarchical)
    Elapsed: 0.000s  Memory: 630.00M
"polygons" in: sky130A_mr.drc:185
    Polygons (raw): 0 (flat)  0 (hierarchical)
    Elapsed: 0.000s  Memory: 630.00M
"polygons" in: sky130A_mr.drc:186
    Polygons (raw): 0 (flat)  0 (hierarchical)
    Elapsed: 0.000s  Memory: 630.00M
"polygons" in: sky130A_mr.drc:187
    Polygons (raw): 0 (flat)  0 (hierarchical)
    Elapsed: 0.000s  Memory: 630.00M
"polygons" in: sky130A_mr.drc:188
    Polygons (raw): 108155 (flat)  292 (hierarchical)
    Elapsed: 0.010s  Memory: 630.00M
"polygons" in: sky130A_mr.drc:189
    Polygons (raw): 0 (flat)  0 (hierarchical)
    Elapsed: 0.020s  Memory: 630.00M
"polygons" in: sky130A_mr.drc:190
    Polygons (raw): 0 (flat)  0 (hierarchical)
    Elapsed: 0.000s  Memory: 630.00M
"polygons" in: sky130A_mr.drc:191
    Polygons (raw): 0 (flat)  0 (hierarchical)
    Elapsed: 0.000s  Memory: 630.00M
"polygons" in: sky130A_mr.drc:192
    Polygons (raw): 0 (flat)  0 (hierarchical)
    Elapsed: 0.000s  Memory: 630.00M
"polygons" in: sky130A_mr.drc:193
    Polygons (raw): 191903 (flat)  1786 (hierarchical)
    Elapsed: 0.020s  Memory: 630.00M
"polygons" in: sky130A_mr.drc:194
    Polygons (raw): 0 (flat)  0 (hierarchical)
    Elapsed: 0.000s  Memory: 630.00M
"polygons" in: sky130A_mr.drc:195
    Polygons (raw): 120773 (flat)  282 (hierarchical)
    Elapsed: 0.010s  Memory: 630.00M
"polygons" in: sky130A_mr.drc:196
    Polygons (raw): 120773 (flat)  282 (hierarchical)
    Elapsed: 0.010s  Memory: 630.00M
"polygons" in: sky130A_mr.drc:197
    Polygons (raw): 0 (flat)  0 (hierarchical)
    Elapsed: 0.000s  Memory: 630.00M
"polygons" in: sky130A_mr.drc:198
    Polygons (raw): 0 (flat)  0 (hierarchical)
    Elapsed: 0.000s  Memory: 630.00M
"polygons" in: sky130A_mr.drc:199
    Polygons (raw): 77594 (flat)  347 (hierarchical)
    Elapsed: 0.020s  Memory: 630.00M
"polygons" in: sky130A_mr.drc:200
    Polygons (raw): 721156 (flat)  8191 (hierarchical)
    Elapsed: 0.020s  Memory: 630.00M
"polygons" in: sky130A_mr.drc:202
    Polygons (raw): 579147 (flat)  42989 (hierarchical)
    Elapsed: 0.060s  Memory: 630.00M
"polygons" in: sky130A_mr.drc:203
    Polygons (raw): 0 (flat)  0 (hierarchical)
    Elapsed: 0.000s  Memory: 631.00M
"polygons" in: sky130A_mr.drc:204
    Polygons (raw): 1540497 (flat)  44333 (hierarchical)
    Elapsed: 0.050s  Memory: 631.00M
"polygons" in: sky130A_mr.drc:206
    Polygons (raw): 383294 (flat)  158882 (hierarchical)
    Elapsed: 0.150s  Memory: 638.00M
"polygons" in: sky130A_mr.drc:207
    Polygons (raw): 51722 (flat)  51722 (hierarchical)
    Elapsed: 0.080s  Memory: 638.00M
"polygons" in: sky130A_mr.drc:209
    Polygons (raw): 73170 (flat)  73170 (hierarchical)
    Elapsed: 0.080s  Memory: 639.00M
"polygons" in: sky130A_mr.drc:210
    Polygons (raw): 12087 (flat)  12087 (hierarchical)
    Elapsed: 0.030s  Memory: 639.00M
"polygons" in: sky130A_mr.drc:212
    Polygons (raw): 9909 (flat)  9909 (hierarchical)
    Elapsed: 0.020s  Memory: 639.00M
"polygons" in: sky130A_mr.drc:213
    Polygons (raw): 10526 (flat)  10526 (hierarchical)
    Elapsed: 0.030s  Memory: 639.00M
"polygons" in: sky130A_mr.drc:215
    Polygons (raw): 1095 (flat)  1095 (hierarchical)
    Elapsed: 0.020s  Memory: 639.00M
"polygons" in: sky130A_mr.drc:216
    Polygons (raw): 10646 (flat)  10646 (hierarchical)
    Elapsed: 0.020s  Memory: 639.00M
"polygons" in: sky130A_mr.drc:218
    Polygons (raw): 251 (flat)  251 (hierarchical)
    Elapsed: 0.020s  Memory: 639.00M
"polygons" in: sky130A_mr.drc:220
    Polygons (raw): 0 (flat)  0 (hierarchical)
    Elapsed: 0.000s  Memory: 639.00M
"polygons" in: sky130A_mr.drc:221
    Polygons (raw): 0 (flat)  0 (hierarchical)
    Elapsed: 0.000s  Memory: 639.00M
"polygons" in: sky130A_mr.drc:222
    Polygons (raw): 0 (flat)  0 (hierarchical)
    Elapsed: 0.010s  Memory: 639.00M
"polygons" in: sky130A_mr.drc:223
    Polygons (raw): 0 (flat)  0 (hierarchical)
    Elapsed: 0.000s  Memory: 639.00M
"polygons" in: sky130A_mr.drc:224
    Polygons (raw): 0 (flat)  0 (hierarchical)
    Elapsed: 0.000s  Memory: 639.00M
"polygons" in: sky130A_mr.drc:225
    Polygons (raw): 0 (flat)  0 (hierarchical)
    Elapsed: 0.000s  Memory: 639.00M
"polygons" in: sky130A_mr.drc:226
    Polygons (raw): 0 (flat)  0 (hierarchical)
    Elapsed: 0.000s  Memory: 639.00M
"polygons" in: sky130A_mr.drc:227
    Polygons (raw): 0 (flat)  0 (hierarchical)
    Elapsed: 0.000s  Memory: 639.00M
"polygons" in: sky130A_mr.drc:228
    Polygons (raw): 0 (flat)  0 (hierarchical)
    Elapsed: 0.000s  Memory: 639.00M
"polygons" in: sky130A_mr.drc:229
    Polygons (raw): 0 (flat)  0 (hierarchical)
    Elapsed: 0.000s  Memory: 639.00M
"polygons" in: sky130A_mr.drc:230
    Polygons (raw): 0 (flat)  0 (hierarchical)
    Elapsed: 0.000s  Memory: 639.00M
"polygons" in: sky130A_mr.drc:231
    Polygons (raw): 0 (flat)  0 (hierarchical)
    Elapsed: 0.000s  Memory: 639.00M
"polygons" in: sky130A_mr.drc:232
    Polygons (raw): 0 (flat)  0 (hierarchical)
    Elapsed: 0.000s  Memory: 639.00M
"polygons" in: sky130A_mr.drc:233
    Polygons (raw): 0 (flat)  0 (hierarchical)
    Elapsed: 0.000s  Memory: 639.00M
"polygons" in: sky130A_mr.drc:234
    Polygons (raw): 0 (flat)  0 (hierarchical)
    Elapsed: 0.000s  Memory: 639.00M
"polygons" in: sky130A_mr.drc:235
    Polygons (raw): 0 (flat)  0 (hierarchical)
    Elapsed: 0.010s  Memory: 639.00M
"polygons" in: sky130A_mr.drc:236
    Polygons (raw): 0 (flat)  0 (hierarchical)
    Elapsed: 0.000s  Memory: 639.00M
"polygons" in: sky130A_mr.drc:237
    Polygons (raw): 0 (flat)  0 (hierarchical)
    Elapsed: 0.000s  Memory: 639.00M
"polygons" in: sky130A_mr.drc:238
    Polygons (raw): 107471 (flat)  280 (hierarchical)
    Elapsed: 0.010s  Memory: 639.00M
"polygons" in: sky130A_mr.drc:239
    Polygons (raw): 0 (flat)  0 (hierarchical)
    Elapsed: 0.000s  Memory: 640.00M
"polygons" in: sky130A_mr.drc:240
    Polygons (raw): 0 (flat)  0 (hierarchical)
    Elapsed: 0.000s  Memory: 640.00M
"polygons" in: sky130A_mr.drc:241
    Polygons (raw): 0 (flat)  0 (hierarchical)
    Elapsed: 0.000s  Memory: 640.00M
"polygons" in: sky130A_mr.drc:242
    Polygons (raw): 0 (flat)  0 (hierarchical)
    Elapsed: 0.000s  Memory: 640.00M
"polygons" in: sky130A_mr.drc:243
    Polygons (raw): 0 (flat)  0 (hierarchical)
    Elapsed: 0.000s  Memory: 640.00M
"polygons" in: sky130A_mr.drc:244
    Polygons (raw): 0 (flat)  0 (hierarchical)
    Elapsed: 0.000s  Memory: 640.00M
"polygons" in: sky130A_mr.drc:245
    Polygons (raw): 0 (flat)  0 (hierarchical)
    Elapsed: 0.000s  Memory: 640.00M
"polygons" in: sky130A_mr.drc:246
    Polygons (raw): 3 (flat)  3 (hierarchical)
    Elapsed: 0.020s  Memory: 640.00M
"polygons" in: sky130A_mr.drc:247
    Polygons (raw): 0 (flat)  0 (hierarchical)
    Elapsed: 0.000s  Memory: 640.00M
"polygons" in: sky130A_mr.drc:248
    Polygons (raw): 0 (flat)  0 (hierarchical)
    Elapsed: 0.000s  Memory: 640.00M
"polygons" in: sky130A_mr.drc:249
    Polygons (raw): 0 (flat)  0 (hierarchical)
    Elapsed: 0.000s  Memory: 640.00M
"polygons" in: sky130A_mr.drc:250
    Polygons (raw): 0 (flat)  0 (hierarchical)
    Elapsed: 0.000s  Memory: 640.00M
"polygons" in: sky130A_mr.drc:251
    Polygons (raw): 4790 (flat)  2 (hierarchical)
    Elapsed: 0.020s  Memory: 640.00M
"polygons" in: sky130A_mr.drc:252
    Polygons (raw): 0 (flat)  0 (hierarchical)
    Elapsed: 0.000s  Memory: 640.00M
"polygons" in: sky130A_mr.drc:253
    Polygons (raw): 0 (flat)  0 (hierarchical)
    Elapsed: 0.000s  Memory: 640.00M
"polygons" in: sky130A_mr.drc:254
    Polygons (raw): 0 (flat)  0 (hierarchical)
    Elapsed: 0.000s  Memory: 640.00M
"polygons" in: sky130A_mr.drc:255
    Polygons (raw): 0 (flat)  0 (hierarchical)
    Elapsed: 0.000s  Memory: 640.00M
"polygons" in: sky130A_mr.drc:256
    Polygons (raw): 0 (flat)  0 (hierarchical)
    Elapsed: 0.000s  Memory: 640.00M
"polygons" in: sky130A_mr.drc:257
    Polygons (raw): 0 (flat)  0 (hierarchical)
    Elapsed: 0.000s  Memory: 640.00M
"polygons" in: sky130A_mr.drc:258
    Polygons (raw): 0 (flat)  0 (hierarchical)
    Elapsed: 0.000s  Memory: 640.00M
"polygons" in: sky130A_mr.drc:259
    Polygons (raw): 0 (flat)  0 (hierarchical)
    Elapsed: 0.010s  Memory: 640.00M
"polygons" in: sky130A_mr.drc:260
    Polygons (raw): 0 (flat)  0 (hierarchical)
    Elapsed: 0.000s  Memory: 640.00M
"polygons" in: sky130A_mr.drc:261
    Polygons (raw): 0 (flat)  0 (hierarchical)
    Elapsed: 0.000s  Memory: 640.00M
"polygons" in: sky130A_mr.drc:262
    Polygons (raw): 0 (flat)  0 (hierarchical)
    Elapsed: 0.000s  Memory: 641.00M
"polygons" in: sky130A_mr.drc:263
    Polygons (raw): 0 (flat)  0 (hierarchical)
    Elapsed: 0.000s  Memory: 641.00M
"polygons" in: sky130A_mr.drc:264
    Polygons (raw): 0 (flat)  0 (hierarchical)
    Elapsed: 0.000s  Memory: 641.00M
"polygons" in: sky130A_mr.drc:265
    Polygons (raw): 0 (flat)  0 (hierarchical)
    Elapsed: 0.000s  Memory: 641.00M
"polygons" in: sky130A_mr.drc:266
    Polygons (raw): 0 (flat)  0 (hierarchical)
    Elapsed: 0.000s  Memory: 641.00M
"polygons" in: sky130A_mr.drc:267
    Polygons (raw): 0 (flat)  0 (hierarchical)
    Elapsed: 0.000s  Memory: 641.00M
"polygons" in: sky130A_mr.drc:268
    Polygons (raw): 0 (flat)  0 (hierarchical)
    Elapsed: 0.000s  Memory: 641.00M
"polygons" in: sky130A_mr.drc:269
    Polygons (raw): 0 (flat)  0 (hierarchical)
    Elapsed: 0.000s  Memory: 641.00M
"polygons" in: sky130A_mr.drc:270
    Polygons (raw): 0 (flat)  0 (hierarchical)
    Elapsed: 0.000s  Memory: 641.00M
"polygons" in: sky130A_mr.drc:271
    Polygons (raw): 0 (flat)  0 (hierarchical)
    Elapsed: 0.000s  Memory: 641.00M
"polygons" in: sky130A_mr.drc:272
    Polygons (raw): 0 (flat)  0 (hierarchical)
    Elapsed: 0.020s  Memory: 641.00M
"polygons" in: sky130A_mr.drc:273
    Polygons (raw): 0 (flat)  0 (hierarchical)
    Elapsed: 0.000s  Memory: 641.00M
"polygons" in: sky130A_mr.drc:274
    Polygons (raw): 0 (flat)  0 (hierarchical)
    Elapsed: 0.000s  Memory: 641.00M
"polygons" in: sky130A_mr.drc:275
    Polygons (raw): 0 (flat)  0 (hierarchical)
    Elapsed: 0.000s  Memory: 641.00M
"merged" in: sky130A_mr.drc:277
    Polygons (raw): 0 (flat)  0 (hierarchical)
    Elapsed: 0.000s  Memory: 641.00M
DRC section
BEOL section
START: 67/20 (li)
"outside" in: sky130A_mr.drc:1067
    Polygons (raw): 579147 (flat)  42989 (hierarchical)
    Elapsed: 0.000s  Memory: 641.00M
"interacting" in: sky130A_mr.drc:1068
    Polygons (raw): 0 (flat)  0 (hierarchical)
    Elapsed: 0.000s  Memory: 641.00M
"inside" in: sky130A_mr.drc:1068
    Polygons (raw): 0 (flat)  0 (hierarchical)
    Elapsed: 0.000s  Memory: 641.00M
"-" in: sky130A_mr.drc:1068
    Polygons (raw): 0 (flat)  0 (hierarchical)
    Elapsed: 0.000s  Memory: 641.00M
"or" in: sky130A_mr.drc:1067
    Polygons (raw): 36555 (flat)  20517 (hierarchical)
    Elapsed: 2.760s  Memory: 681.00M
"width" in: sky130A_mr.drc:1070
    Edge pairs: 0 (flat)  0 (hierarchical)
    Elapsed: 0.530s  Memory: 681.00M
"output" in: sky130A_mr.drc:1070
    Edge pairs: 0 (flat)  0 (hierarchical)
    Elapsed: 0.030s  Memory: 681.00M
"space" in: sky130A_mr.drc:1074
    Edge pairs: 0 (flat)  0 (hierarchical)
    Elapsed: 6.670s  Memory: 969.00M
"output" in: sky130A_mr.drc:1074
    Edge pairs: 0 (flat)  0 (hierarchical)
    Elapsed: 0.030s  Memory: 969.00M
"-" in: sky130A_mr.drc:1078
    Polygons (raw): 721156 (flat)  8191 (hierarchical)
    Elapsed: 0.000s  Memory: 969.00M
"enclosing" in: sky130A_mr.drc:1080
    Edge pairs: 338091 (flat)  272416 (hierarchical)
    Elapsed: 14.640s  Memory: 987.00M
"second_edges" in: sky130A_mr.drc:1080
    Edges: 338091 (flat)  272416 (hierarchical)
    Elapsed: 0.050s  Memory: 994.00M
"width" in: sky130A_mr.drc:1081
    Edge pairs: 0 (flat)  0 (hierarchical)
    Elapsed: 1.380s  Memory: 1045.00M
"polygons" in: sky130A_mr.drc:1082
    Polygons (raw): 0 (flat)  0 (hierarchical)
    Elapsed: 0.020s  Memory: 1036.00M
"interacting" in: sky130A_mr.drc:1082
    Polygons (raw): 0 (flat)  0 (hierarchical)
    Elapsed: 0.000s  Memory: 1036.00M
"output" in: sky130A_mr.drc:1083
    Polygons (raw): 0 (flat)  0 (hierarchical)
    Elapsed: 0.000s  Memory: 1036.00M
"interacting" in: sky130A_mr.drc:1087
    Polygons (raw): 0 (flat)  0 (hierarchical)
    Elapsed: 0.000s  Memory: 1036.00M
"-" in: sky130A_mr.drc:1087
    Polygons (raw): 579147 (flat)  42989 (hierarchical)
    Elapsed: 0.000s  Memory: 1036.00M
"with_area" in: sky130A_mr.drc:1088
    Polygons (raw): 0 (flat)  0 (hierarchical)
    Elapsed: 2.760s  Memory: 1036.00M
"output" in: sky130A_mr.drc:1088
    Polygons (raw): 0 (flat)  0 (hierarchical)
    Elapsed: 0.030s  Memory: 1036.00M
"&" in: sky130A_mr.drc:1092
    Polygons (raw): 0 (flat)  0 (hierarchical)
    Elapsed: 0.000s  Memory: 1036.00M
"space" in: sky130A_mr.drc:1093
    Edge pairs: 0 (flat)  0 (hierarchical)
    Elapsed: 0.000s  Memory: 1036.00M
"output" in: sky130A_mr.drc:1093
    Edge pairs: 0 (flat)  0 (hierarchical)
    Elapsed: 0.000s  Memory: 1036.00M
"width" in: sky130A_mr.drc:1097
    Edge pairs: 0 (flat)  0 (hierarchical)
    Elapsed: 0.000s  Memory: 1036.00M
"output" in: sky130A_mr.drc:1097
    Edge pairs: 0 (flat)  0 (hierarchical)
    Elapsed: 0.000s  Memory: 1036.00M
END: 67/20 (li)
START: 67/13 (li_res)
"width" in: sky130A_mr.drc:1105
    Edge pairs: 0 (flat)  0 (hierarchical)
    Elapsed: 0.000s  Memory: 1036.00M
"output" in: sky130A_mr.drc:1105
    Edge pairs: 0 (flat)  0 (hierarchical)
    Elapsed: 0.000s  Memory: 1036.00M
END: 67/13 (li_res)
START: 67/44 (mcon)
"-" in: sky130A_mr.drc:1113
    Polygons (raw): 1540497 (flat)  44333 (hierarchical)
    Elapsed: 0.000s  Memory: 1036.00M
"drc" in: sky130A_mr.drc:1115
    Polygons (raw): 0 (flat)  0 (hierarchical)
    Elapsed: 7.670s  Memory: 1161.00M
"-" in: sky130A_mr.drc:1116
    Polygons (raw): 1540497 (flat)  44333 (hierarchical)
    Elapsed: 0.030s  Memory: 1161.00M
"outside" in: sky130A_mr.drc:1120
    Polygons (raw): 1540497 (flat)  44333 (hierarchical)
    Elapsed: 0.000s  Memory: 1161.00M
"non_rectangles" in: sky130A_mr.drc:1121
    Polygons (raw): 0 (flat)  0 (hierarchical)
    Elapsed: 6.710s  Memory: 1173.00M
"output" in: sky130A_mr.drc:1121
    Polygons (raw): 0 (flat)  0 (hierarchical)
    Elapsed: 0.030s  Memory: 1173.00M
"drc" in: sky130A_mr.drc:1126
    Edge pairs: 0 (flat)  0 (hierarchical)
    Elapsed: 7.840s  Memory: 1181.00M
"output" in: sky130A_mr.drc:1126
    Edge pairs: 0 (flat)  0 (hierarchical)
    Elapsed: 0.020s  Memory: 1181.00M
"drc" in: sky130A_mr.drc:1130
    Edges: 0 (flat)  0 (hierarchical)
    Elapsed: 1.330s  Memory: 1181.00M
"output" in: sky130A_mr.drc:1130
    Edges: 0 (flat)  0 (hierarchical)
    Elapsed: 0.020s  Memory: 1181.00M
"space" in: sky130A_mr.drc:1134
    Edge pairs: 0 (flat)  0 (hierarchical)
    Elapsed: 10.710s  Memory: 1181.00M
"output" in: sky130A_mr.drc:1134
    Edge pairs: 0 (flat)  0 (hierarchical)
    Elapsed: 0.030s  Memory: 1181.00M
"width" in: sky130A_mr.drc:1139
    Edge pairs: 0 (flat)  0 (hierarchical)
    Elapsed: 0.000s  Memory: 1181.00M
"output" in: sky130A_mr.drc:1139
    Edge pairs: 0 (flat)  0 (hierarchical)
    Elapsed: 0.000s  Memory: 1181.00M
"drc" in: sky130A_mr.drc:1143
    Edge pairs: 0 (flat)  0 (hierarchical)
    Elapsed: 0.030s  Memory: 1181.00M
"output" in: sky130A_mr.drc:1143
    Edge pairs: 0 (flat)  0 (hierarchical)
    Elapsed: 0.000s  Memory: 1181.00M
"-" in: sky130A_mr.drc:1147
    Polygons (raw): 0 (flat)  0 (hierarchical)
    Elapsed: 0.000s  Memory: 1181.00M
"output" in: sky130A_mr.drc:1147
    Polygons (raw): 0 (flat)  0 (hierarchical)
    Elapsed: 0.000s  Memory: 1181.00M
"-" in: sky130A_mr.drc:1152
    Polygons (raw): 0 (flat)  0 (hierarchical)
    Elapsed: 7.540s  Memory: 1181.00M
"output" in: sky130A_mr.drc:1152
    Polygons (raw): 0 (flat)  0 (hierarchical)
    Elapsed: 0.030s  Memory: 1181.00M
END: 67/44 (mcon)
START: 68/20 (m1)
"width" in: sky130A_mr.drc:1157
    Edge pairs: 0 (flat)  0 (hierarchical)
    Elapsed: 2.990s  Memory: 1181.00M
"output" in: sky130A_mr.drc:1157
    Edge pairs: 0 (flat)  0 (hierarchical)
    Elapsed: 0.030s  Memory: 1181.00M
"sized" in: sky130A_mr.drc:1158
    Polygons (raw): 0 (flat)  0 (hierarchical)
    Elapsed: 0.440s  Memory: 1181.00M
"sized" in: sky130A_mr.drc:1158
    Polygons (raw): 0 (flat)  0 (hierarchical)
    Elapsed: 0.000s  Memory: 1181.00M
"snap" in: sky130A_mr.drc:1158
    Polygons (raw): 0 (flat)  0 (hierarchical)
    Elapsed: 0.000s  Memory: 1181.00M
"&" in: sky130A_mr.drc:1158
    Polygons (raw): 0 (flat)  0 (hierarchical)
    Elapsed: 0.000s  Memory: 1181.00M
"edges" in: sky130A_mr.drc:1159
    Edges: 246682 (flat)  222706 (hierarchical)
    Elapsed: 0.020s  Memory: 1181.00M
"-" in: sky130A_mr.drc:1159
    Edges: 246682 (flat)  222706 (hierarchical)
    Elapsed: 0.030s  Memory: 1181.00M
"edges" in: sky130A_mr.drc:1160
    Edges: 0 (flat)  0 (hierarchical)
    Elapsed: 0.000s  Memory: 1181.00M
"merged" in: sky130A_mr.drc:1160
    Polygons (raw): 19081 (flat)  17567 (hierarchical)
    Elapsed: 0.000s  Memory: 1181.00M
"outside_part" in: sky130A_mr.drc:1160
    Edges: 0 (flat)  0 (hierarchical)
    Elapsed: 0.000s  Memory: 1181.00M
"space" in: sky130A_mr.drc:1162
    Edge pairs: 0 (flat)  0 (hierarchical)
    Elapsed: 1.030s  Memory: 1181.00M
"output" in: sky130A_mr.drc:1162
    Edge pairs: 0 (flat)  0 (hierarchical)
    Elapsed: 0.040s  Memory: 1181.00M
"separation" in: sky130A_mr.drc:1168
    Edge pairs: 0 (flat)  0 (hierarchical)
    Elapsed: 0.020s  Memory: 1181.00M
"space" in: sky130A_mr.drc:1169
    Edge pairs: 0 (flat)  0 (hierarchical)
    Elapsed: 0.000s  Memory: 1181.00M
"+" in: sky130A_mr.drc:1168
    Edge pairs: 0 (flat)  0 (hierarchical)
    Elapsed: 0.000s  Memory: 1181.00M
"output" in: sky130A_mr.drc:1170
    Edge pairs: 0 (flat)  0 (hierarchical)
    Elapsed: 0.000s  Memory: 1181.00M
"input" in: sky130A_mr.drc:1181
    Polygons (raw): 383294 (flat)  158882 (hierarchical)
    Elapsed: 0.150s  Memory: 1181.00M
"enclosing" in: sky130A_mr.drc:1183
    Edge pairs: 0 (flat)  0 (hierarchical)
    Elapsed: 9.420s  Memory: 1245.00M
"output" in: sky130A_mr.drc:1183
    Edge pairs: 0 (flat)  0 (hierarchical)
    Elapsed: 0.020s  Memory: 1181.00M
"-" in: sky130A_mr.drc:1187
    Polygons (raw): 0 (flat)  0 (hierarchical)
    Elapsed: 7.710s  Memory: 1181.00M
"output" in: sky130A_mr.drc:1187
    Polygons (raw): 0 (flat)  0 (hierarchical)
    Elapsed: 0.030s  Memory: 1181.00M
"input" in: sky130A_mr.drc:1201
    Polygons (raw): 0 (flat)  0 (hierarchical)
    Elapsed: 0.020s  Memory: 1181.00M
"enclosing" in: sky130A_mr.drc:1202
    Edge pairs: 0 (flat)  0 (hierarchical)
    Elapsed: 0.000s  Memory: 1181.00M
"output" in: sky130A_mr.drc:1202
    Edge pairs: 0 (flat)  0 (hierarchical)
    Elapsed: 0.000s  Memory: 1181.00M
"-" in: sky130A_mr.drc:1207
    Polygons (raw): 0 (flat)  0 (hierarchical)
    Elapsed: 0.000s  Memory: 1181.00M
"output" in: sky130A_mr.drc:1207
    Polygons (raw): 0 (flat)  0 (hierarchical)
    Elapsed: 0.000s  Memory: 1181.00M
"with_area" in: sky130A_mr.drc:1212
    Polygons (raw): 0 (flat)  0 (hierarchical)
    Elapsed: 0.030s  Memory: 1181.00M
"output" in: sky130A_mr.drc:1212
    Polygons (raw): 0 (flat)  0 (hierarchical)
    Elapsed: 0.000s  Memory: 1181.00M
"holes" in: sky130A_mr.drc:1215
    Polygons (raw): 4 (flat)  4 (hierarchical)
    Elapsed: 0.010s  Memory: 1181.00M
"with_area" in: sky130A_mr.drc:1216
    Polygons (raw): 0 (flat)  0 (hierarchical)
    Elapsed: 0.020s  Memory: 1181.00M
"output" in: sky130A_mr.drc:1217
    Polygons (raw): 0 (flat)  0 (hierarchical)
    Elapsed: 0.000s  Memory: 1181.00M
"enclosing" in: sky130A_mr.drc:1228
    Edge pairs: 54248 (flat)  47492 (hierarchical)
    Elapsed: 6.720s  Memory: 1181.00M
"second_edges" in: sky130A_mr.drc:1228
    Edges: 54248 (flat)  47492 (hierarchical)
    Elapsed: 0.030s  Memory: 1181.00M
"width" in: sky130A_mr.drc:1230
    Edge pairs: 0 (flat)  0 (hierarchical)
    Elapsed: 0.250s  Memory: 1192.00M
"polygons" in: sky130A_mr.drc:1232
    Polygons (raw): 0 (flat)  0 (hierarchical)
    Elapsed: 0.000s  Memory: 1192.00M
"interacting" in: sky130A_mr.drc:1232
    Polygons (raw): 0 (flat)  0 (hierarchical)
    Elapsed: 0.000s  Memory: 1192.00M
"output" in: sky130A_mr.drc:1233
    Polygons (raw): 0 (flat)  0 (hierarchical)
    Elapsed: 0.000s  Memory: 1192.00M
END: 68/20 (m1)
START: 68/44 (via)
"drc" in: sky130A_mr.drc:1244
    Polygons (raw): 0 (flat)  0 (hierarchical)
    Elapsed: 0.320s  Memory: 1192.00M
"-" in: sky130A_mr.drc:1245
    Polygons (raw): 51722 (flat)  51722 (hierarchical)
    Elapsed: 0.040s  Memory: 1192.00M
"-" in: sky130A_mr.drc:1250
    Polygons (raw): 51722 (flat)  51722 (hierarchical)
    Elapsed: 0.000s  Memory: 1192.00M
"non_rectangles" in: sky130A_mr.drc:1252
    Polygons (raw): 0 (flat)  0 (hierarchical)
    Elapsed: 0.270s  Memory: 1192.00M
"output" in: sky130A_mr.drc:1252
    Polygons (raw): 0 (flat)  0 (hierarchical)
    Elapsed: 0.000s  Memory: 1192.00M
"width" in: sky130A_mr.drc:1256
    Edge pairs: 0 (flat)  0 (hierarchical)
    Elapsed: 0.020s  Memory: 1192.00M
"output" in: sky130A_mr.drc:1256
    Edge pairs: 0 (flat)  0 (hierarchical)
    Elapsed: 0.010s  Memory: 1192.00M
"drc" in: sky130A_mr.drc:1261
    Edges: 0 (flat)  0 (hierarchical)
    Elapsed: 0.090s  Memory: 1192.00M
"output" in: sky130A_mr.drc:1261
    Edges: 0 (flat)  0 (hierarchical)
    Elapsed: 0.000s  Memory: 1192.00M
"space" in: sky130A_mr.drc:1266
    Edge pairs: 0 (flat)  0 (hierarchical)
    Elapsed: 0.610s  Memory: 1192.00M
"output" in: sky130A_mr.drc:1266
    Edge pairs: 0 (flat)  0 (hierarchical)
    Elapsed: 0.020s  Memory: 1192.00M
"width" in: sky130A_mr.drc:1272
    Edge pairs: 0 (flat)  0 (hierarchical)
    Elapsed: 0.000s  Memory: 1192.00M
"output" in: sky130A_mr.drc:1272
    Edge pairs: 0 (flat)  0 (hierarchical)
    Elapsed: 0.000s  Memory: 1192.00M
"drc" in: sky130A_mr.drc:1276
    Edge pairs: 0 (flat)  0 (hierarchical)
    Elapsed: 0.020s  Memory: 1192.00M
"output" in: sky130A_mr.drc:1276
    Edge pairs: 0 (flat)  0 (hierarchical)
    Elapsed: 0.010s  Memory: 1192.00M
"-" in: sky130A_mr.drc:1280
    Polygons (raw): 0 (flat)  0 (hierarchical)
    Elapsed: 0.000s  Memory: 1192.00M
"output" in: sky130A_mr.drc:1280
    Polygons (raw): 0 (flat)  0 (hierarchical)
    Elapsed: 0.000s  Memory: 1192.00M
"edges" in: sky130A_mr.drc:1287
    Edges: 246682 (flat)  222706 (hierarchical)
    Elapsed: 0.030s  Memory: 1192.00M
"drc" in: sky130A_mr.drc:1288
    Edges: 104048 (flat)  104048 (hierarchical)
    Elapsed: 0.580s  Memory: 1192.00M
"enclosing" in: sky130A_mr.drc:1288
    Edge pairs: 0 (flat)  0 (hierarchical)
    Elapsed: 0.170s  Memory: 1192.00M
"output" in: sky130A_mr.drc:1289
    Edge pairs: 0 (flat)  0 (hierarchical)
    Elapsed: 0.000s  Memory: 1192.00M
"squares" in: sky130A_mr.drc:1291
    Polygons (raw): 26012 (flat)  26012 (hierarchical)
    Elapsed: 0.010s  Memory: 1192.00M
"drc" in: sky130A_mr.drc:1292
    Edges: 104048 (flat)  104048 (hierarchical)
    Elapsed: 0.310s  Memory: 1192.00M
"-" in: sky130A_mr.drc:1293
    Edges: 0 (flat)  0 (hierarchical)
    Elapsed: 1.320s  Memory: 1192.00M
"output" in: sky130A_mr.drc:1294
    Edges: 0 (flat)  0 (hierarchical)
    Elapsed: 0.040s  Memory: 1192.00M
"edges" in: sky130A_mr.drc:1298
    Edges: 246682 (flat)  222706 (hierarchical)
    Elapsed: 0.020s  Memory: 1192.00M
"drc" in: sky130A_mr.drc:1299
    Edges: 104048 (flat)  104048 (hierarchical)
    Elapsed: 0.310s  Memory: 1192.00M
"enclosing" in: sky130A_mr.drc:1299
    Edge pairs: 40466 (flat)  40466 (hierarchical)
    Elapsed: 0.550s  Memory: 1192.00M
"second_edges" in: sky130A_mr.drc:1300
    Edges: 40466 (flat)  40466 (hierarchical)
    Elapsed: 0.030s  Memory: 1192.00M
"width" in: sky130A_mr.drc:1302
    Edge pairs: 0 (flat)  0 (hierarchical)
    Elapsed: 0.180s  Memory: 1192.00M
"polygons" in: sky130A_mr.drc:1303
    Polygons (raw): 0 (flat)  0 (hierarchical)
    Elapsed: 0.000s  Memory: 1192.00M
"interacting" in: sky130A_mr.drc:1303
    Polygons (raw): 0 (flat)  0 (hierarchical)
    Elapsed: 0.000s  Memory: 1192.00M
"output" in: sky130A_mr.drc:1304
    Polygons (raw): 0 (flat)  0 (hierarchical)
    Elapsed: 0.000s  Memory: 1192.00M
END: 68/44 (via)
START: 69/20 (m2)
"&" in: sky130A_mr.drc:1313
    Polygons (raw): 0 (flat)  0 (hierarchical)
    Elapsed: 0.000s  Memory: 1192.00M
"width" in: sky130A_mr.drc:1314
    Edge pairs: 0 (flat)  0 (hierarchical)
    Elapsed: 0.400s  Memory: 1192.00M
"output" in: sky130A_mr.drc:1314
    Edge pairs: 0 (flat)  0 (hierarchical)
    Elapsed: 0.030s  Memory: 1192.00M
"sized" in: sky130A_mr.drc:1316
    Polygons (raw): 0 (flat)  0 (hierarchical)
    Elapsed: 0.200s  Memory: 1192.00M
"sized" in: sky130A_mr.drc:1316
    Polygons (raw): 0 (flat)  0 (hierarchical)
    Elapsed: 0.000s  Memory: 1192.00M
"snap" in: sky130A_mr.drc:1316
    Polygons (raw): 0 (flat)  0 (hierarchical)
    Elapsed: 0.000s  Memory: 1192.00M
"&" in: sky130A_mr.drc:1316
    Polygons (raw): 0 (flat)  0 (hierarchical)
    Elapsed: 0.000s  Memory: 1192.00M
"edges" in: sky130A_mr.drc:1317
    Edges: 141200 (flat)  141200 (hierarchical)
    Elapsed: 0.010s  Memory: 1192.00M
"-" in: sky130A_mr.drc:1317
    Edges: 141200 (flat)  141200 (hierarchical)
    Elapsed: 0.000s  Memory: 1192.00M
"edges" in: sky130A_mr.drc:1318
    Edges: 0 (flat)  0 (hierarchical)
    Elapsed: 0.000s  Memory: 1192.00M
"merged" in: sky130A_mr.drc:1318
    Polygons (raw): 9875 (flat)  9875 (hierarchical)
    Elapsed: 0.000s  Memory: 1192.00M
"outside_part" in: sky130A_mr.drc:1318
    Edges: 0 (flat)  0 (hierarchical)
    Elapsed: 0.000s  Memory: 1192.00M
"-" in: sky130A_mr.drc:1319
    Polygons (raw): 51722 (flat)  51722 (hierarchical)
    Elapsed: 0.010s  Memory: 1192.00M
"space" in: sky130A_mr.drc:1321
    Edge pairs: 0 (flat)  0 (hierarchical)
    Elapsed: 0.570s  Memory: 1192.00M
"output" in: sky130A_mr.drc:1321
    Edge pairs: 0 (flat)  0 (hierarchical)
    Elapsed: 0.030s  Memory: 1192.00M
"separation" in: sky130A_mr.drc:1327
    Edge pairs: 0 (flat)  0 (hierarchical)
    Elapsed: 0.020s  Memory: 1192.00M
"space" in: sky130A_mr.drc:1328
    Edge pairs: 0 (flat)  0 (hierarchical)
    Elapsed: 0.010s  Memory: 1192.00M
"+" in: sky130A_mr.drc:1327
    Edge pairs: 0 (flat)  0 (hierarchical)
    Elapsed: 0.000s  Memory: 1192.00M
"output" in: sky130A_mr.drc:1329
    Edge pairs: 0 (flat)  0 (hierarchical)
    Elapsed: 0.000s  Memory: 1192.00M
"with_area" in: sky130A_mr.drc:1331
    Polygons (raw): 0 (flat)  0 (hierarchical)
    Elapsed: 0.020s  Memory: 1192.00M
"output" in: sky130A_mr.drc:1331
    Polygons (raw): 0 (flat)  0 (hierarchical)
    Elapsed: 0.000s  Memory: 1192.00M
"holes" in: sky130A_mr.drc:1333
    Polygons (raw): 0 (flat)  0 (hierarchical)
    Elapsed: 0.010s  Memory: 1192.00M
"with_area" in: sky130A_mr.drc:1334
    Polygons (raw): 0 (flat)  0 (hierarchical)
    Elapsed: 0.000s  Memory: 1192.00M
"output" in: sky130A_mr.drc:1335
    Polygons (raw): 0 (flat)  0 (hierarchical)
    Elapsed: 0.000s  Memory: 1192.00M
"enclosing" in: sky130A_mr.drc:1343
    Edge pairs: 0 (flat)  0 (hierarchical)
    Elapsed: 0.300s  Memory: 1192.00M
"output" in: sky130A_mr.drc:1343
    Edge pairs: 0 (flat)  0 (hierarchical)
    Elapsed: 0.000s  Memory: 1192.00M
"-" in: sky130A_mr.drc:1347
    Polygons (raw): 0 (flat)  0 (hierarchical)
    Elapsed: 0.330s  Memory: 1192.00M
"output" in: sky130A_mr.drc:1347
    Polygons (raw): 0 (flat)  0 (hierarchical)
    Elapsed: 0.030s  Memory: 1192.00M
"enclosing" in: sky130A_mr.drc:1351
    Edge pairs: 0 (flat)  0 (hierarchical)
    Elapsed: 0.000s  Memory: 1192.00M
"output" in: sky130A_mr.drc:1351
    Edge pairs: 0 (flat)  0 (hierarchical)
    Elapsed: 0.010s  Memory: 1192.00M
"enclosing" in: sky130A_mr.drc:1356
    Edge pairs: 43129 (flat)  43129 (hierarchical)
    Elapsed: 0.480s  Memory: 1192.00M
"second_edges" in: sky130A_mr.drc:1356
    Edges: 43129 (flat)  43129 (hierarchical)
    Elapsed: 0.030s  Memory: 1192.00M
"width" in: sky130A_mr.drc:1358
    Edge pairs: 0 (flat)  0 (hierarchical)
    Elapsed: 0.200s  Memory: 1192.00M
"polygons" in: sky130A_mr.drc:1359
    Polygons (raw): 0 (flat)  0 (hierarchical)
    Elapsed: 0.000s  Memory: 1192.00M
"interacting" in: sky130A_mr.drc:1359
    Polygons (raw): 0 (flat)  0 (hierarchical)
    Elapsed: 0.000s  Memory: 1192.00M
"output" in: sky130A_mr.drc:1360
    Polygons (raw): 0 (flat)  0 (hierarchical)
    Elapsed: 0.000s  Memory: 1192.00M
END: 69/20 (m2)
START: 69/44 (via2)
"drc" in: sky130A_mr.drc:1371
    Polygons (raw): 0 (flat)  0 (hierarchical)
    Elapsed: 0.100s  Memory: 1192.00M
"-" in: sky130A_mr.drc:1372
    Polygons (raw): 12087 (flat)  12087 (hierarchical)
    Elapsed: 0.000s  Memory: 1192.00M
"-" in: sky130A_mr.drc:1377
    Polygons (raw): 12087 (flat)  12087 (hierarchical)
    Elapsed: 0.000s  Memory: 1192.00M
"non_rectangles" in: sky130A_mr.drc:1378
    Polygons (raw): 0 (flat)  0 (hierarchical)
    Elapsed: 0.070s  Memory: 1192.00M
"output" in: sky130A_mr.drc:1378
    Polygons (raw): 0 (flat)  0 (hierarchical)
    Elapsed: 0.000s  Memory: 1192.00M
"width" in: sky130A_mr.drc:1382
    Edge pairs: 0 (flat)  0 (hierarchical)
    Elapsed: 0.010s  Memory: 1192.00M
"output" in: sky130A_mr.drc:1382
    Edge pairs: 0 (flat)  0 (hierarchical)
    Elapsed: 0.000s  Memory: 1192.00M
"edges" in: sky130A_mr.drc:1387
    Edges: 24600 (flat)  24600 (hierarchical)
    Elapsed: 0.010s  Memory: 1192.00M
"without_length" in: sky130A_mr.drc:1388
    Edges: 0 (flat)  0 (hierarchical)
    Elapsed: 0.000s  Memory: 1192.00M
"output" in: sky130A_mr.drc:1389
    Edges: 0 (flat)  0 (hierarchical)
    Elapsed: 0.000s  Memory: 1192.00M
"space" in: sky130A_mr.drc:1390
    Edge pairs: 0 (flat)  0 (hierarchical)
    Elapsed: 0.150s  Memory: 1192.00M
"output" in: sky130A_mr.drc:1390
    Edge pairs: 0 (flat)  0 (hierarchical)
    Elapsed: 0.030s  Memory: 1192.00M
"width" in: sky130A_mr.drc:1396
    Edge pairs: 0 (flat)  0 (hierarchical)
    Elapsed: 0.000s  Memory: 1192.00M
"output" in: sky130A_mr.drc:1396
    Edge pairs: 0 (flat)  0 (hierarchical)
    Elapsed: 0.000s  Memory: 1192.00M
"drc" in: sky130A_mr.drc:1400
    Edge pairs: 0 (flat)  0 (hierarchical)
    Elapsed: 0.030s  Memory: 1192.00M
"output" in: sky130A_mr.drc:1400
    Edge pairs: 0 (flat)  0 (hierarchical)
    Elapsed: 0.000s  Memory: 1192.00M
"-" in: sky130A_mr.drc:1404
    Polygons (raw): 0 (flat)  0 (hierarchical)
    Elapsed: 0.000s  Memory: 1192.00M
"output" in: sky130A_mr.drc:1404
    Polygons (raw): 0 (flat)  0 (hierarchical)
    Elapsed: 0.000s  Memory: 1192.00M
"enclosing" in: sky130A_mr.drc:1410
    Edge pairs: 0 (flat)  0 (hierarchical)
    Elapsed: 0.070s  Memory: 1192.00M
"output" in: sky130A_mr.drc:1410
    Edge pairs: 0 (flat)  0 (hierarchical)
    Elapsed: 0.000s  Memory: 1192.00M
"-" in: sky130A_mr.drc:1414
    Polygons (raw): 0 (flat)  0 (hierarchical)
    Elapsed: 0.090s  Memory: 1192.00M
"output" in: sky130A_mr.drc:1414
    Polygons (raw): 0 (flat)  0 (hierarchical)
    Elapsed: 0.000s  Memory: 1192.00M
"enclosing" in: sky130A_mr.drc:1417
    Edge pairs: 4808 (flat)  4808 (hierarchical)
    Elapsed: 0.090s  Memory: 1192.00M
"second_edges" in: sky130A_mr.drc:1417
    Edges: 4808 (flat)  4808 (hierarchical)
    Elapsed: 0.000s  Memory: 1192.00M
"width" in: sky130A_mr.drc:1419
    Edge pairs: 0 (flat)  0 (hierarchical)
    Elapsed: 0.060s  Memory: 1192.00M
"polygons" in: sky130A_mr.drc:1420
    Polygons (raw): 0 (flat)  0 (hierarchical)
    Elapsed: 0.000s  Memory: 1192.00M
"interacting" in: sky130A_mr.drc:1420
    Polygons (raw): 0 (flat)  0 (hierarchical)
    Elapsed: 0.000s  Memory: 1192.00M
"output" in: sky130A_mr.drc:1421
    Polygons (raw): 0 (flat)  0 (hierarchical)
    Elapsed: 0.000s  Memory: 1192.00M
END: 69/44 (via2)
START: 70/20 (m3)
"width" in: sky130A_mr.drc:1430
    Edge pairs: 0 (flat)  0 (hierarchical)
    Elapsed: 0.080s  Memory: 1192.00M
"output" in: sky130A_mr.drc:1430
    Edge pairs: 0 (flat)  0 (hierarchical)
    Elapsed: 0.000s  Memory: 1192.00M
"sized" in: sky130A_mr.drc:1432
    Polygons (raw): 0 (flat)  0 (hierarchical)
    Elapsed: 0.050s  Memory: 1192.00M
"sized" in: sky130A_mr.drc:1432
    Polygons (raw): 0 (flat)  0 (hierarchical)
    Elapsed: 0.010s  Memory: 1192.00M
"snap" in: sky130A_mr.drc:1432
    Polygons (raw): 0 (flat)  0 (hierarchical)
    Elapsed: 0.000s  Memory: 1192.00M
"&" in: sky130A_mr.drc:1432
    Polygons (raw): 0 (flat)  0 (hierarchical)
    Elapsed: 0.000s  Memory: 1192.00M
"edges" in: sky130A_mr.drc:1433
    Edges: 16522 (flat)  16522 (hierarchical)
    Elapsed: 0.000s  Memory: 1192.00M
"-" in: sky130A_mr.drc:1433
    Edges: 16522 (flat)  16522 (hierarchical)
    Elapsed: 0.000s  Memory: 1192.00M
"edges" in: sky130A_mr.drc:1434
    Edges: 0 (flat)  0 (hierarchical)
    Elapsed: 0.000s  Memory: 1192.00M
"merged" in: sky130A_mr.drc:1434
    Polygons (raw): 2369 (flat)  2369 (hierarchical)
    Elapsed: 0.000s  Memory: 1192.00M
"outside_part" in: sky130A_mr.drc:1434
    Edges: 0 (flat)  0 (hierarchical)
    Elapsed: 0.000s  Memory: 1192.00M
"space" in: sky130A_mr.drc:1436
    Edge pairs: 0 (flat)  0 (hierarchical)
    Elapsed: 0.060s  Memory: 1192.00M
"output" in: sky130A_mr.drc:1436
    Edge pairs: 0 (flat)  0 (hierarchical)
    Elapsed: 0.010s  Memory: 1192.00M
"separation" in: sky130A_mr.drc:1442
    Edge pairs: 0 (flat)  0 (hierarchical)
    Elapsed: 0.020s  Memory: 1192.00M
"space" in: sky130A_mr.drc:1443
    Edge pairs: 0 (flat)  0 (hierarchical)
    Elapsed: 0.000s  Memory: 1192.00M
"+" in: sky130A_mr.drc:1442
    Edge pairs: 0 (flat)  0 (hierarchical)
    Elapsed: 0.000s  Memory: 1192.00M
"output" in: sky130A_mr.drc:1444
    Edge pairs: 0 (flat)  0 (hierarchical)
    Elapsed: 0.000s  Memory: 1192.00M
"enclosing" in: sky130A_mr.drc:1452
    Edge pairs: 0 (flat)  0 (hierarchical)
    Elapsed: 0.060s  Memory: 1192.00M
"output" in: sky130A_mr.drc:1452
    Edge pairs: 0 (flat)  0 (hierarchical)
    Elapsed: 0.000s  Memory: 1192.00M
"-" in: sky130A_mr.drc:1456
    Polygons (raw): 0 (flat)  0 (hierarchical)
    Elapsed: 0.070s  Memory: 1192.00M
"output" in: sky130A_mr.drc:1456
    Polygons (raw): 0 (flat)  0 (hierarchical)
    Elapsed: 0.000s  Memory: 1192.00M
"with_area" in: sky130A_mr.drc:1458
    Polygons (raw): 0 (flat)  0 (hierarchical)
    Elapsed: 0.010s  Memory: 1192.00M
"output" in: sky130A_mr.drc:1458
    Polygons (raw): 0 (flat)  0 (hierarchical)
    Elapsed: 0.000s  Memory: 1192.00M
"holes" in: sky130A_mr.drc:1460
    Polygons (raw): 0 (flat)  0 (hierarchical)
    Elapsed: 0.000s  Memory: 1192.00M
"with_area" in: sky130A_mr.drc:1461
    Polygons (raw): 0 (flat)  0 (hierarchical)
    Elapsed: 0.010s  Memory: 1192.00M
"output" in: sky130A_mr.drc:1462
    Polygons (raw): 0 (flat)  0 (hierarchical)
    Elapsed: 0.000s  Memory: 1192.00M
END: 70/20 (m3)
START: 70/44 (via3)
"drc" in: sky130A_mr.drc:1469
    Polygons (raw): 0 (flat)  0 (hierarchical)
    Elapsed: 0.090s  Memory: 1192.00M
"-" in: sky130A_mr.drc:1470
    Polygons (raw): 10526 (flat)  10526 (hierarchical)
    Elapsed: 0.000s  Memory: 1192.00M
"-" in: sky130A_mr.drc:1475
    Polygons (raw): 10526 (flat)  10526 (hierarchical)
    Elapsed: 0.000s  Memory: 1192.00M
"non_rectangles" in: sky130A_mr.drc:1476
    Polygons (raw): 0 (flat)  0 (hierarchical)
    Elapsed: 0.070s  Memory: 1192.00M
"output" in: sky130A_mr.drc:1476
    Polygons (raw): 0 (flat)  0 (hierarchical)
    Elapsed: 0.030s  Memory: 1192.00M
"width" in: sky130A_mr.drc:1480
    Edge pairs: 0 (flat)  0 (hierarchical)
    Elapsed: 0.010s  Memory: 1192.00M
"output" in: sky130A_mr.drc:1480
    Edge pairs: 0 (flat)  0 (hierarchical)
    Elapsed: 0.000s  Memory: 1192.00M
"edges" in: sky130A_mr.drc:1485
    Edges: 21088 (flat)  21088 (hierarchical)
    Elapsed: 0.000s  Memory: 1192.00M
"without_length" in: sky130A_mr.drc:1486
    Edges: 0 (flat)  0 (hierarchical)
    Elapsed: 0.010s  Memory: 1192.00M
"output" in: sky130A_mr.drc:1487
    Edges: 0 (flat)  0 (hierarchical)
    Elapsed: 0.000s  Memory: 1192.00M
"space" in: sky130A_mr.drc:1489
    Edge pairs: 0 (flat)  0 (hierarchical)
    Elapsed: 0.140s  Memory: 1192.00M
"output" in: sky130A_mr.drc:1489
    Edge pairs: 0 (flat)  0 (hierarchical)
    Elapsed: 0.000s  Memory: 1192.00M
"enclosing" in: sky130A_mr.drc:1493
    Edge pairs: 0 (flat)  0 (hierarchical)
    Elapsed: 0.050s  Memory: 1192.00M
"output" in: sky130A_mr.drc:1493
    Edge pairs: 0 (flat)  0 (hierarchical)
    Elapsed: 0.000s  Memory: 1192.00M
"-" in: sky130A_mr.drc:1497
    Polygons (raw): 0 (flat)  0 (hierarchical)
    Elapsed: 0.060s  Memory: 1192.00M
"output" in: sky130A_mr.drc:1497
    Polygons (raw): 0 (flat)  0 (hierarchical)
    Elapsed: 0.000s  Memory: 1192.00M
"enclosing" in: sky130A_mr.drc:1503
    Edge pairs: 10696 (flat)  10696 (hierarchical)
    Elapsed: 0.100s  Memory: 1192.00M
"second_edges" in: sky130A_mr.drc:1503
    Edges: 10696 (flat)  10696 (hierarchical)
    Elapsed: 0.000s  Memory: 1192.00M
"width" in: sky130A_mr.drc:1505
    Edge pairs: 0 (flat)  0 (hierarchical)
    Elapsed: 0.080s  Memory: 1192.00M
"polygons" in: sky130A_mr.drc:1506
    Polygons (raw): 0 (flat)  0 (hierarchical)
    Elapsed: 0.020s  Memory: 1192.00M
"interacting" in: sky130A_mr.drc:1506
    Polygons (raw): 0 (flat)  0 (hierarchical)
    Elapsed: 0.000s  Memory: 1192.00M
"output" in: sky130A_mr.drc:1507
    Polygons (raw): 0 (flat)  0 (hierarchical)
    Elapsed: 0.000s  Memory: 1192.00M
END: 70/44 (via3)
START: 71/20 (m4)
"width" in: sky130A_mr.drc:1516
    Edge pairs: 0 (flat)  0 (hierarchical)
    Elapsed: 0.050s  Memory: 1192.00M
"output" in: sky130A_mr.drc:1516
    Edge pairs: 0 (flat)  0 (hierarchical)
    Elapsed: 0.000s  Memory: 1192.00M
"sized" in: sky130A_mr.drc:1518
    Polygons (raw): 151 (flat)  151 (hierarchical)
    Elapsed: 0.010s  Memory: 1192.00M
"sized" in: sky130A_mr.drc:1518
    Polygons (raw): 151 (flat)  151 (hierarchical)
    Elapsed: 0.000s  Memory: 1192.00M
"snap" in: sky130A_mr.drc:1518
    Polygons (raw): 151 (flat)  151 (hierarchical)
    Elapsed: 0.080s  Memory: 1192.00M
"&" in: sky130A_mr.drc:1518
    Polygons (raw): 151 (flat)  151 (hierarchical)
    Elapsed: 0.020s  Memory: 1192.00M
"edges" in: sky130A_mr.drc:1519
    Edges: 2364 (flat)  2364 (hierarchical)
    Elapsed: 0.000s  Memory: 1192.00M
"-" in: sky130A_mr.drc:1519
    Edges: 1760 (flat)  1760 (hierarchical)
    Elapsed: 0.040s  Memory: 1192.00M
"edges" in: sky130A_mr.drc:1520
    Edges: 604 (flat)  604 (hierarchical)
    Elapsed: 0.010s  Memory: 1192.00M
"merged" in: sky130A_mr.drc:1520
    Polygons (raw): 286 (flat)  286 (hierarchical)
    Elapsed: 0.000s  Memory: 1192.00M
"outside_part" in: sky130A_mr.drc:1520
    Edges: 604 (flat)  604 (hierarchical)
    Elapsed: 0.010s  Memory: 1192.00M
"space" in: sky130A_mr.drc:1522
    Edge pairs: 0 (flat)  0 (hierarchical)
    Elapsed: 0.070s  Memory: 1192.00M
"output" in: sky130A_mr.drc:1522
    Edge pairs: 0 (flat)  0 (hierarchical)
    Elapsed: 0.000s  Memory: 1192.00M
"with_area" in: sky130A_mr.drc:1527
    Polygons (raw): 0 (flat)  0 (hierarchical)
    Elapsed: 0.010s  Memory: 1192.00M
"output" in: sky130A_mr.drc:1527
    Polygons (raw): 0 (flat)  0 (hierarchical)
    Elapsed: 0.000s  Memory: 1192.00M
"separation" in: sky130A_mr.drc:1530
    Edge pairs: 0 (flat)  0 (hierarchical)
    Elapsed: 0.040s  Memory: 1192.00M
"space" in: sky130A_mr.drc:1531
    Edge pairs: 0 (flat)  0 (hierarchical)
    Elapsed: 0.050s  Memory: 1192.00M
"+" in: sky130A_mr.drc:1530
    Edge pairs: 0 (flat)  0 (hierarchical)
    Elapsed: 0.010s  Memory: 1192.00M
"output" in: sky130A_mr.drc:1532
    Edge pairs: 0 (flat)  0 (hierarchical)
    Elapsed: 0.000s  Memory: 1192.00M
"enclosing" in: sky130A_mr.drc:1540
    Edge pairs: 0 (flat)  0 (hierarchical)
    Elapsed: 0.060s  Memory: 1192.00M
"output" in: sky130A_mr.drc:1540
    Edge pairs: 0 (flat)  0 (hierarchical)
    Elapsed: 0.000s  Memory: 1192.00M
"-" in: sky130A_mr.drc:1544
    Polygons (raw): 0 (flat)  0 (hierarchical)
    Elapsed: 0.060s  Memory: 1192.00M
"output" in: sky130A_mr.drc:1544
    Polygons (raw): 0 (flat)  0 (hierarchical)
    Elapsed: 0.000s  Memory: 1192.00M
"holes" in: sky130A_mr.drc:1547
    Polygons (raw): 0 (flat)  0 (hierarchical)
    Elapsed: 0.000s  Memory: 1192.00M
"with_area" in: sky130A_mr.drc:1548
    Polygons (raw): 0 (flat)  0 (hierarchical)
    Elapsed: 0.000s  Memory: 1192.00M
"output" in: sky130A_mr.drc:1549
    Polygons (raw): 0 (flat)  0 (hierarchical)
    Elapsed: 0.000s  Memory: 1192.00M
END: 71/20 (m4)
START: 71/44 (via4)
"drc" in: sky130A_mr.drc:1555
    Polygons (raw): 0 (flat)  0 (hierarchical)
    Elapsed: 0.120s  Memory: 1192.00M
"-" in: sky130A_mr.drc:1556
    Polygons (raw): 10646 (flat)  10646 (hierarchical)
    Elapsed: 0.000s  Memory: 1192.00M
"-" in: sky130A_mr.drc:1561
    Polygons (raw): 10646 (flat)  10646 (hierarchical)
    Elapsed: 0.000s  Memory: 1192.00M
"non_rectangles" in: sky130A_mr.drc:1562
    Polygons (raw): 0 (flat)  0 (hierarchical)
    Elapsed: 0.100s  Memory: 1192.00M
"output" in: sky130A_mr.drc:1562
    Polygons (raw): 0 (flat)  0 (hierarchical)
    Elapsed: 0.000s  Memory: 1192.00M
"width" in: sky130A_mr.drc:1566
    Edge pairs: 0 (flat)  0 (hierarchical)
    Elapsed: 0.130s  Memory: 1192.00M
"output" in: sky130A_mr.drc:1566
    Edge pairs: 0 (flat)  0 (hierarchical)
    Elapsed: 0.030s  Memory: 1192.00M
"drc" in: sky130A_mr.drc:1570
    Edges: 0 (flat)  0 (hierarchical)
    Elapsed: 0.030s  Memory: 1192.00M
"output" in: sky130A_mr.drc:1570
    Edges: 0 (flat)  0 (hierarchical)
    Elapsed: 0.000s  Memory: 1192.00M
"space" in: sky130A_mr.drc:1576
    Edge pairs: 0 (flat)  0 (hierarchical)
    Elapsed: 0.060s  Memory: 1192.00M
"polygons" in: sky130A_mr.drc:1577
    Polygons (raw): 0 (flat)  0 (hierarchical)
    Elapsed: 0.000s  Memory: 1192.00M
"output" in: sky130A_mr.drc:1578
    Polygons (raw): 0 (flat)  0 (hierarchical)
    Elapsed: 0.010s  Memory: 1192.00M
"width" in: sky130A_mr.drc:1581
    Edge pairs: 0 (flat)  0 (hierarchical)
    Elapsed: 0.000s  Memory: 1192.00M
"output" in: sky130A_mr.drc:1581
    Edge pairs: 0 (flat)  0 (hierarchical)
    Elapsed: 0.010s  Memory: 1192.00M
"drc" in: sky130A_mr.drc:1585
    Edge pairs: 0 (flat)  0 (hierarchical)
    Elapsed: 0.030s  Memory: 1192.00M
"output" in: sky130A_mr.drc:1585
    Edge pairs: 0 (flat)  0 (hierarchical)
    Elapsed: 0.000s  Memory: 1192.00M
"-" in: sky130A_mr.drc:1589
    Polygons (raw): 0 (flat)  0 (hierarchical)
    Elapsed: 0.010s  Memory: 1192.00M
"output" in: sky130A_mr.drc:1589
    Polygons (raw): 0 (flat)  0 (hierarchical)
    Elapsed: 0.000s  Memory: 1192.00M
"enclosing" in: sky130A_mr.drc:1595
    Edge pairs: 0 (flat)  0 (hierarchical)
    Elapsed: 0.090s  Memory: 1192.00M
"output" in: sky130A_mr.drc:1595
    Edge pairs: 0 (flat)  0 (hierarchical)
    Elapsed: 0.000s  Memory: 1192.00M
"-" in: sky130A_mr.drc:1599
    Polygons (raw): 0 (flat)  0 (hierarchical)
    Elapsed: 0.070s  Memory: 1192.00M
"output" in: sky130A_mr.drc:1599
    Polygons (raw): 0 (flat)  0 (hierarchical)
    Elapsed: 0.010s  Memory: 1192.00M
END: 71/44 (via4)
START: 72/20 (m5)
"width" in: sky130A_mr.drc:1604
    Edge pairs: 0 (flat)  0 (hierarchical)
    Elapsed: 0.040s  Memory: 1192.00M
"output" in: sky130A_mr.drc:1604
    Edge pairs: 0 (flat)  0 (hierarchical)
    Elapsed: 0.000s  Memory: 1192.00M
"space" in: sky130A_mr.drc:1606
    Edge pairs: 0 (flat)  0 (hierarchical)
    Elapsed: 0.030s  Memory: 1192.00M
"output" in: sky130A_mr.drc:1606
    Edge pairs: 0 (flat)  0 (hierarchical)
    Elapsed: 0.000s  Memory: 1192.00M
"enclosing" in: sky130A_mr.drc:1608
    Edge pairs: 0 (flat)  0 (hierarchical)
    Elapsed: 0.080s  Memory: 1192.00M
"output" in: sky130A_mr.drc:1608
    Edge pairs: 0 (flat)  0 (hierarchical)
    Elapsed: 0.020s  Memory: 1192.00M
"-" in: sky130A_mr.drc:1612
    Polygons (raw): 0 (flat)  0 (hierarchical)
    Elapsed: 0.060s  Memory: 1192.00M
"output" in: sky130A_mr.drc:1612
    Polygons (raw): 0 (flat)  0 (hierarchical)
    Elapsed: 0.000s  Memory: 1192.00M
"with_area" in: sky130A_mr.drc:1619
    Polygons (raw): 0 (flat)  0 (hierarchical)
    Elapsed: 0.010s  Memory: 1192.00M
"output" in: sky130A_mr.drc:1619
    Polygons (raw): 0 (flat)  0 (hierarchical)
    Elapsed: 0.000s  Memory: 1192.00M
"holes" in: sky130A_mr.drc:1621
    Polygons (raw): 0 (flat)  0 (hierarchical)
    Elapsed: 0.000s  Memory: 1192.00M
"with_area" in: sky130A_mr.drc:1622
    Polygons (raw): 0 (flat)  0 (hierarchical)
    Elapsed: 0.000s  Memory: 1192.00M
"output" in: sky130A_mr.drc:1623
    Polygons (raw): 0 (flat)  0 (hierarchical)
    Elapsed: 0.000s  Memory: 1192.00M
END: 72/20 (m5)
START: 76/20 (pad)
"space" in: sky130A_mr.drc:1628
    Edge pairs: 0 (flat)  0 (hierarchical)
    Elapsed: 0.000s  Memory: 1192.00M
"output" in: sky130A_mr.drc:1628
    Edge pairs: 0 (flat)  0 (hierarchical)
    Elapsed: 0.000s  Memory: 1192.00M
END: 76/20 (pad)
START: 81/10 (moduleCut)
"output" in: sky130A_mr.drc:1634
    Polygons (raw): 0 (flat)  0 (hierarchical)
    Elapsed: 0.010s  Memory: 1192.00M
END: 81/10 (moduleCut)
Writing report database: /tmp/tmpno0qwfzi/repo/precheck_results/02_MAY_2026___19_46_57/outputs/reports/klayout_beol_check.xml ..
Total elapsed: 114.260s  Memory: 1188.00M
Args:
	sram_exclude: false
	feol: false
	beol: true
	floating_met: false
	offgrid: false
	seal: 
 
Cell exclusion list:
   rule    | cell
   nwell.6 | sky130_fd_io__gpiov2_amux, sky130_fd_io__simple_pad_and_busses
 
release 2025.11.17_01.10
