"polygons" in: met_min_ca_density.lydrc:35
    Polygons (raw): 358978 (flat)  22732 (hierarchical)
    Elapsed: 0.060s  Memory: 622.00M
"polygons" in: met_min_ca_density.lydrc:36
    Polygons (raw): 771387 (flat)  22277 (hierarchical)
    Elapsed: 0.030s  Memory: 623.00M
"polygons" in: met_min_ca_density.lydrc:38
    Polygons (raw): 299811 (flat)  79851 (hierarchical)
    Elapsed: 0.080s  Memory: 625.00M
"polygons" in: met_min_ca_density.lydrc:39
    Polygons (raw): 25973 (flat)  25973 (hierarchical)
    Elapsed: 0.070s  Memory: 625.00M
"polygons" in: met_min_ca_density.lydrc:41
    Polygons (raw): 37045 (flat)  37045 (hierarchical)
    Elapsed: 0.050s  Memory: 626.00M
"polygons" in: met_min_ca_density.lydrc:42
    Polygons (raw): 6147 (flat)  6147 (hierarchical)
    Elapsed: 0.020s  Memory: 626.00M
"polygons" in: met_min_ca_density.lydrc:44
    Polygons (raw): 6221 (flat)  6221 (hierarchical)
    Elapsed: 0.020s  Memory: 626.00M
"polygons" in: met_min_ca_density.lydrc:45
    Polygons (raw): 5270 (flat)  5270 (hierarchical)
    Elapsed: 0.020s  Memory: 626.00M
"polygons" in: met_min_ca_density.lydrc:47
    Polygons (raw): 832 (flat)  832 (hierarchical)
    Elapsed: 0.020s  Memory: 626.00M
"polygons" in: met_min_ca_density.lydrc:48
    Polygons (raw): 0 (flat)  0 (hierarchical)
    Elapsed: 0.000s  Memory: 626.00M
"polygons" in: met_min_ca_density.lydrc:49
    Polygons (raw): 10596 (flat)  10596 (hierarchical)
    Elapsed: 0.030s  Memory: 626.00M
"polygons" in: met_min_ca_density.lydrc:51
    Polygons (raw): 414 (flat)  414 (hierarchical)
    Elapsed: 0.010s  Memory: 626.00M
"input" in: met_min_ca_density.lydrc:53
    Polygons (raw): 2 (flat)  2 (hierarchical)
    Elapsed: 0.010s  Memory: 626.00M
"area" in: met_min_ca_density.lydrc:55
    Elapsed: 0.030s  Memory: 629.00M
"polygons" in: met_min_ca_density.lydrc:59
    Polygons (raw): 358978 (flat)  22732 (hierarchical)
    Elapsed: 0.040s  Memory: 629.00M
"area" in: met_min_ca_density.lydrc:59
    Elapsed: 2.410s  Memory: 666.00M
li1_ca_density is 0.9770252069047711
"polygons" in: met_min_ca_density.lydrc:69
    Polygons (raw): 299811 (flat)  79851 (hierarchical)
    Elapsed: 0.100s  Memory: 666.00M
"area" in: met_min_ca_density.lydrc:69
    Elapsed: 2.270s  Memory: 667.00M
m1_ca_density is 0.9906023014063473
"polygons" in: met_min_ca_density.lydrc:79
    Polygons (raw): 37045 (flat)  37045 (hierarchical)
    Elapsed: 0.070s  Memory: 667.00M
"area" in: met_min_ca_density.lydrc:79
    Elapsed: 0.200s  Memory: 670.00M
m2_ca_density is 0.9985183030821918
"polygons" in: met_min_ca_density.lydrc:89
    Polygons (raw): 6221 (flat)  6221 (hierarchical)
    Elapsed: 0.020s  Memory: 670.00M
"area" in: met_min_ca_density.lydrc:89
    Elapsed: 0.050s  Memory: 670.00M
m3_ca_density is 0.9993706916640722
"polygons" in: met_min_ca_density.lydrc:99
    Polygons (raw): 832 (flat)  832 (hierarchical)
    Elapsed: 0.010s  Memory: 670.00M
"area" in: met_min_ca_density.lydrc:99
    Elapsed: 0.030s  Memory: 670.00M
m4_ca_density is 0.8610796062324876
"polygons" in: met_min_ca_density.lydrc:109
    Polygons (raw): 414 (flat)  414 (hierarchical)
    Elapsed: 0.020s  Memory: 670.00M
"area" in: met_min_ca_density.lydrc:109
    Elapsed: 0.030s  Memory: 670.00M
m5_ca_density is 0.8596460345968244
Writing report database: /tmp/tmpaw9zs9cy/repo/precheck_results/02_MAY_2026___21_25_46/outputs/reports/klayout_met_min_ca_density_check.xml ..
Total elapsed: 6.200s  Memory: 670.00M
