/usr/local/lib/python3.9/site-packages/cf_precheck/be_checks/run_oeb_check: line 61: /usr/local/lib/python3.9/site-packages/cf_precheck/be_checks/set_lvs_env.py: No such file or directory
DESIGN NAME: user_project_wrapper
WORK_ROOT   : /tmp/tmpaw9zs9cy/repo/precheck_results/02_MAY_2026___21_25_46/tmp_oeb
LOG_ROOT    : /tmp/tmpaw9zs9cy/repo/precheck_results/02_MAY_2026___21_25_46/logs
SIGNOFF_ROOT: /tmp/tmpaw9zs9cy/repo/precheck_results/02_MAY_2026___21_25_46/outputs/reports
 
Running extract...
TOP LAYOUT: user_project_wrapper
LAYOUT FILE: /tmp/tmpaw9zs9cy/repo/gds/user_project_wrapper.gds
EXTRACT_FLATGLOB: *sky130_fd_pr__*[A-Z]*
EXTRACT_ABSTRACT: *__fill_*
 *__fakediode_*
 *__tapvpwrvgnd_*
WORK_ROOT   : /tmp/tmpaw9zs9cy/repo/precheck_results/02_MAY_2026___21_25_46/tmp_oeb
LOG_ROOT    : /tmp/tmpaw9zs9cy/repo/precheck_results/02_MAY_2026___21_25_46/logs
SIGNOFF_ROOT: /tmp/tmpaw9zs9cy/repo/precheck_results/02_MAY_2026___21_25_46/outputs/reports
LOG FILE: /tmp/tmpaw9zs9cy/repo/precheck_results/02_MAY_2026___21_25_46/logs/ext.log
Adding subcutout style to tech file.
/opt/pdks/sky130A/libs.tech/magic/sky130A.tech: version 1.0.493
WORK_ROOT   : /tmp/tmpaw9zs9cy/repo/precheck_results/02_MAY_2026___21_25_46/tmp_oeb
LOG_ROOT    : /tmp/tmpaw9zs9cy/repo/precheck_results/02_MAY_2026___21_25_46/logs
SIGNOFF_ROOT: /tmp/tmpaw9zs9cy/repo/precheck_results/02_MAY_2026___21_25_46/outputs/reports
 
Running hierarchical comparison between verilog and layout...
No verilog files...
[INFO] Changing from /tmp/tmpaw9zs9cy/repo/gds/user_project_wrapper.gds
	to /tmp/tmpaw9zs9cy/repo/precheck_results/02_MAY_2026___21_25_46/tmp_oeb/layout.txt
Hierarchy check for  passed.
Extracting to /tmp/tmpaw9zs9cy/repo/precheck_results/02_MAY_2026___21_25_46/tmp_oeb/ext
 

Magic 8.3 revision 471 - Compiled on Wed Apr 22 16:23:58 UTC 2026.
Starting magic under Tcl interpreter
Using the terminal as the console.
Using NULL graphics device.
Processing system .magicrc file
Sourcing design magicrc.well for technology sky130A ...
2 Magic internal units = 1 Lambda
Loading tech file /tmp/tmpaw9zs9cy/repo/precheck_results/02_MAY_2026___21_25_46/tmp_oeb/sky130A.tech
Input style sky130(): scaleFactor=2, multiplier=2
The following types are not handled by extraction and will be treated as non-electrical types:
    ubm 
Scaled tech values by 2 / 1 to match internal grid scaling
Loading "/tmp/tmpaw9zs9cy/repo/precheck_results/02_MAY_2026___21_25_46/tmp_oeb/ext/abstract.tcl" from command line.
Abstracting
CIF input style is now "sky130()"
Abstracting /tmp/tmpaw9zs9cy/repo/gds/user_project_wrapper.gds
Warning: Calma reading is not undoable!  I hope that's OK.
Library written using GDS-II Release 3.0
Library name: user_project_wrapper
Reading "sky130_fd_sc_hd__conb_1".
Reading "sky130_fd_sc_hd__buf_12".
Reading "sky130_fd_sc_hd__decap_3".
Reading "sky130_fd_sc_hd__fill_1".
Reading "sky130_fd_sc_hd__tapvpwrvgnd_1".
Reading "sky130_fd_sc_hd__decap_8".
Reading "sky130_ef_sc_hd__decap_12".
Reading "sky130_fd_sc_hd__decap_6".
Reading "sky130_fd_sc_hd__decap_4".
Reading "sky130_fd_sc_hd__fill_2".
Reading "sky130_fd_sc_hd__xnor2_1".
Reading "sky130_fd_sc_hd__or2_1".
Reading "sky130_fd_sc_hd__xor2_2".
Reading "sky130_fd_sc_hd__o21ai_2".
Reading "sky130_fd_sc_hd__o21ba_1".
Reading "sky130_fd_sc_hd__nor2_1".
Reading "sky130_fd_sc_hd__o211a_1".
Reading "sky130_fd_sc_hd__a211oi_2".
Reading "sky130_fd_sc_hd__a211oi_1".
Reading "sky130_fd_sc_hd__or3_1".
Reading "sky130_fd_sc_hd__and2_1".
Reading "sky130_fd_sc_hd__o211ai_2".
Reading "sky130_fd_sc_hd__or2_2".
Reading "sky130_fd_sc_hd__o21ai_1".
Reading "sky130_fd_sc_hd__diode_2".
Reading "sky130_fd_sc_hd__a21o_1".
Reading "sky130_fd_sc_hd__nand2_1".
Reading "sky130_fd_sc_hd__a21boi_2".
Reading "sky130_fd_sc_hd__xnor2_2".
Reading "sky130_fd_sc_hd__or2b_1".
Reading "sky130_fd_sc_hd__o21a_1".
Reading "sky130_fd_sc_hd__nor3_1".
Reading "sky130_fd_sc_hd__a211o_1".
Reading "sky130_fd_sc_hd__o211ai_4".
Reading "sky130_fd_sc_hd__and3_1".
Reading "sky130_fd_sc_hd__a21oi_1".
Reading "sky130_fd_sc_hd__a21boi_1".
Reading "sky130_fd_sc_hd__a311o_1".
Reading "sky130_fd_sc_hd__o2111a_1".
Reading "sky130_fd_sc_hd__xor2_1".
Reading "sky130_fd_sc_hd__a221oi_4".
Reading "sky130_fd_sc_hd__a21bo_1".
Reading "sky130_fd_sc_hd__a21oi_2".
Reading "sky130_fd_sc_hd__o31a_1".
Reading "sky130_fd_sc_hd__dlygate4sd3_1".
Reading "sky130_fd_sc_hd__clkbuf_4".
Reading "sky130_fd_sc_hd__clkbuf_1".
Reading "sky130_fd_sc_hd__clkbuf_2".
Reading "sky130_fd_sc_hd__and2b_1".
Reading "sky130_fd_sc_hd__dfrtp_4".
Reading "sky130_fd_sc_hd__dfrtp_1".
Reading "sky130_fd_sc_hd__a31o_1".
Reading "sky130_fd_sc_hd__a2bb2o_1".
Reading "sky130_fd_sc_hd__mux2_1".
Reading "sky130_fd_sc_hd__buf_2".
Reading "sky130_fd_sc_hd__a22o_1".
Reading "sky130_fd_sc_hd__nand3_1".
Reading "sky130_fd_sc_hd__bufinv_16".
Reading "sky130_fd_sc_hd__clkbuf_8".
Reading "sky130_fd_sc_hd__o31ai_2".
Reading "sky130_fd_sc_hd__a31oi_1".
Reading "sky130_fd_sc_hd__inv_6".
Reading "sky130_fd_sc_hd__nand2_4".
Reading "sky130_fd_sc_hd__o21bai_1".
Reading "sky130_fd_sc_hd__nand2_2".
Reading "sky130_fd_sc_hd__nand3_2".
Reading "sky130_fd_sc_hd__o21ai_4".
Reading "sky130_fd_sc_hd__o22a_1".
Reading "sky130_fd_sc_hd__clkinvlp_4".
Reading "sky130_fd_sc_hd__o211a_2".
Reading "sky130_fd_sc_hd__nor3b_1".
Reading "sky130_fd_sc_hd__and4_1".
Reading "sky130_fd_sc_hd__a22oi_1".
Reading "sky130_fd_sc_hd__nor2_2".
Reading "sky130_fd_sc_hd__clkbuf_16".
Reading "sky130_fd_sc_hd__o31ai_1".
Reading "sky130_fd_sc_hd__dfrtp_2".
Reading "sky130_fd_sc_hd__nand3b_1".
Reading "sky130_fd_sc_hd__nand4_1".
Reading "sky130_fd_sc_hd__inv_8".
Reading "sky130_fd_sc_hd__a32o_1".
Reading "sky130_fd_sc_hd__clkinv_2".
Reading "sky130_fd_sc_hd__a21oi_4".
Reading "sky130_fd_sc_hd__a22oi_2".
Reading "sky130_fd_sc_hd__nand4_4".
Reading "sky130_fd_sc_hd__a41o_1".
Reading "sky130_fd_sc_hd__nand3_4".
Reading "sky130_fd_sc_hd__or2b_2".
Reading "sky130_fd_sc_hd__and2b_2".
Reading "sky130_fd_sc_hd__xnor2_4".
Reading "sky130_fd_sc_hd__nand3b_2".
Reading "sky130_fd_sc_hd__nor3_2".
Reading "sky130_fd_sc_hd__o32a_4".
Reading "sky130_fd_sc_hd__clkinv_4".
Reading "sky130_fd_sc_hd__o211ai_1".
Reading "sky130_fd_sc_hd__nand4_2".
Reading "sky130_fd_sc_hd__mux2_2".
Reading "sky130_fd_sc_hd__a211oi_4".
Reading "sky130_fd_sc_hd__or3_2".
Reading "sky130_fd_sc_hd__o21a_2".
Reading "sky130_fd_sc_hd__and4bb_2".
Reading "sky130_fd_sc_hd__dfstp_1".
Reading "sky130_fd_sc_hd__a2bb2oi_1".
Reading "sky130_fd_sc_hd__or3b_1".
Reading "sky130_fd_sc_hd__clkinv_1".
Reading "sky130_fd_sc_hd__dlymetal6s2s_1".
Reading "sky130_fd_sc_hd__and4bb_1".
Reading "sky130_fd_sc_hd__o2bb2a_1".
Reading "sky130_fd_sc_hd__or4b_1".
Reading "sky130_fd_sc_hd__o22ai_2".
Reading "sky130_fd_sc_hd__or4_2".
Reading "sky130_fd_sc_hd__a221o_1".
Reading "sky130_fd_sc_hd__or4_1".
Reading "sky130_fd_sc_hd__o221a_1".
Reading "sky130_fd_sc_hd__or4bb_1".
Reading "sky130_fd_sc_hd__o221a_4".
Reading "sky130_fd_sc_hd__clkinvlp_2".
Reading "sky130_fd_sc_hd__dfstp_2".
Reading "sky130_fd_sc_hd__or4b_4".
Reading "sky130_fd_sc_hd__a2111oi_1".
CIF file read warning: CIF style sky130(): units rescaled by factor of 5 / 1
CIF file read warning: Input off lambda grid by 2/5; snapped to grid.
Reading "sky130_fd_sc_hd__o2bb2ai_1".
Reading "sky130_fd_sc_hd__or3b_4".
Reading "sky130_fd_sc_hd__nor2_4".
Reading "sky130_fd_sc_hd__nor4_4".
Reading "sky130_fd_sc_hd__or3b_2".
Reading "sky130_fd_sc_hd__or4_4".
Reading "sky130_fd_sc_hd__and3b_1".
Reading "sky130_fd_sc_hd__o32a_1".
Reading "sky130_fd_sc_hd__a41o_4".
Reading "sky130_fd_sc_hd__nor3b_4".
Reading "sky130_fd_sc_hd__and4_4".
Reading "sky130_fd_sc_hd__and4b_1".
Reading "sky130_fd_sc_hd__a2111o_1".
Reading "sky130_fd_sc_hd__and2_2".
Reading "sky130_fd_sc_hd__and3_4".
Reading "sky130_fd_sc_hd__o311a_1".
Reading "sky130_fd_sc_hd__mux4_1".
Reading "sky130_fd_sc_hd__o22ai_1".
Reading "sky130_fd_sc_hd__clkinv_8".
Reading "sky130_fd_sc_hd__a221oi_1".
Reading "top".
    5000 uses
    10000 uses
    15000 uses
    20000 uses
    25000 uses
    30000 uses
    35000 uses
    40000 uses
    45000 uses
    50000 uses
Reading "user_project_wrapper".
Error while reading cell "user_project_wrapper" (byte position 19295086): cell sky130_fd_sc_hd__inv_2 was used but not defined.
Error while reading cell "user_project_wrapper" (byte position 19295086): cell sky130_fd_sc_hd__buf_4 was used but not defined.

TIME: read GDS: 00:00:04 


TIME: create subcut: 00:00:00 

Abstracting sky130_fd_sc_hd__fill_1
instance count:0 port count:5
Abstracting sky130_fd_sc_hd__fill_2
instance count:0 port count:5
Abstracting sky130_fd_sc_hd__tapvpwrvgnd_1
instance count:0 port count:3

TIME: create abstract: 00:00:00 

Using technology "sky130A", version 1.0.493

Magic 8.3 revision 471 - Compiled on Wed Apr 22 16:23:58 UTC 2026.
Starting magic under Tcl interpreter
Using the terminal as the console.
Using NULL graphics device.
Processing system .magicrc file
Sourcing design magicrc.well for technology sky130A ...
2 Magic internal units = 1 Lambda
Loading tech file /tmp/tmpaw9zs9cy/repo/precheck_results/02_MAY_2026___21_25_46/tmp_oeb/sky130A.tech
Input style sky130(): scaleFactor=2, multiplier=2
The following types are not handled by extraction and will be treated as non-electrical types:
    ubm 
Scaled tech values by 2 / 1 to match internal grid scaling
Loading "/tmp/tmpaw9zs9cy/repo/precheck_results/02_MAY_2026___21_25_46/tmp_oeb/ext/extract.tcl" from command line.
Extracting with top ports unique (digital)
CIF input style is now "sky130()"
Flattening 

Extracting /tmp/tmpaw9zs9cy/repo/gds/user_project_wrapper.gds
Warning: Calma reading is not undoable!  I hope that's OK.
Library written using GDS-II Release 3.0
Library name: user_project_wrapper
Reading "sky130_fd_sc_hd__conb_1".
Reading "sky130_fd_sc_hd__buf_12".
Reading "sky130_fd_sc_hd__decap_3".
Reading "sky130_fd_sc_hd__fill_1".
Reading "sky130_fd_sc_hd__tapvpwrvgnd_1".
Reading "sky130_fd_sc_hd__decap_8".
Reading "sky130_ef_sc_hd__decap_12".
Reading "sky130_fd_sc_hd__decap_6".
Reading "sky130_fd_sc_hd__decap_4".
Reading "sky130_fd_sc_hd__fill_2".
Reading "sky130_fd_sc_hd__xnor2_1".
Reading "sky130_fd_sc_hd__or2_1".
Reading "sky130_fd_sc_hd__xor2_2".
Reading "sky130_fd_sc_hd__o21ai_2".
Reading "sky130_fd_sc_hd__o21ba_1".
Reading "sky130_fd_sc_hd__nor2_1".
Reading "sky130_fd_sc_hd__o211a_1".
Reading "sky130_fd_sc_hd__a211oi_2".
Reading "sky130_fd_sc_hd__a211oi_1".
Reading "sky130_fd_sc_hd__or3_1".
Reading "sky130_fd_sc_hd__and2_1".
Reading "sky130_fd_sc_hd__o211ai_2".
Reading "sky130_fd_sc_hd__or2_2".
Reading "sky130_fd_sc_hd__o21ai_1".
Reading "sky130_fd_sc_hd__diode_2".
Reading "sky130_fd_sc_hd__a21o_1".
Reading "sky130_fd_sc_hd__nand2_1".
Reading "sky130_fd_sc_hd__a21boi_2".
Reading "sky130_fd_sc_hd__xnor2_2".
Reading "sky130_fd_sc_hd__or2b_1".
Reading "sky130_fd_sc_hd__o21a_1".
Reading "sky130_fd_sc_hd__nor3_1".
Reading "sky130_fd_sc_hd__a211o_1".
Reading "sky130_fd_sc_hd__o211ai_4".
Reading "sky130_fd_sc_hd__and3_1".
Reading "sky130_fd_sc_hd__a21oi_1".
Reading "sky130_fd_sc_hd__a21boi_1".
Reading "sky130_fd_sc_hd__a311o_1".
Reading "sky130_fd_sc_hd__o2111a_1".
Reading "sky130_fd_sc_hd__xor2_1".
Reading "sky130_fd_sc_hd__a221oi_4".
Reading "sky130_fd_sc_hd__a21bo_1".
Reading "sky130_fd_sc_hd__a21oi_2".
Reading "sky130_fd_sc_hd__o31a_1".
Reading "sky130_fd_sc_hd__dlygate4sd3_1".
Reading "sky130_fd_sc_hd__clkbuf_4".
Reading "sky130_fd_sc_hd__clkbuf_1".
Reading "sky130_fd_sc_hd__clkbuf_2".
Reading "sky130_fd_sc_hd__and2b_1".
Reading "sky130_fd_sc_hd__dfrtp_4".
Reading "sky130_fd_sc_hd__dfrtp_1".
Reading "sky130_fd_sc_hd__a31o_1".
Reading "sky130_fd_sc_hd__a2bb2o_1".
Reading "sky130_fd_sc_hd__mux2_1".
Reading "sky130_fd_sc_hd__buf_2".
Reading "sky130_fd_sc_hd__a22o_1".
Reading "sky130_fd_sc_hd__nand3_1".
Reading "sky130_fd_sc_hd__bufinv_16".
Reading "sky130_fd_sc_hd__clkbuf_8".
Reading "sky130_fd_sc_hd__o31ai_2".
Reading "sky130_fd_sc_hd__a31oi_1".
Reading "sky130_fd_sc_hd__inv_6".
Reading "sky130_fd_sc_hd__nand2_4".
Reading "sky130_fd_sc_hd__o21bai_1".
Reading "sky130_fd_sc_hd__nand2_2".
Reading "sky130_fd_sc_hd__nand3_2".
Reading "sky130_fd_sc_hd__o21ai_4".
Reading "sky130_fd_sc_hd__o22a_1".
Reading "sky130_fd_sc_hd__clkinvlp_4".
Reading "sky130_fd_sc_hd__o211a_2".
Reading "sky130_fd_sc_hd__nor3b_1".
Reading "sky130_fd_sc_hd__and4_1".
Reading "sky130_fd_sc_hd__a22oi_1".
Reading "sky130_fd_sc_hd__nor2_2".
Reading "sky130_fd_sc_hd__clkbuf_16".
Reading "sky130_fd_sc_hd__o31ai_1".
Reading "sky130_fd_sc_hd__dfrtp_2".
Reading "sky130_fd_sc_hd__nand3b_1".
Reading "sky130_fd_sc_hd__nand4_1".
Reading "sky130_fd_sc_hd__inv_8".
Reading "sky130_fd_sc_hd__a32o_1".
Reading "sky130_fd_sc_hd__clkinv_2".
Reading "sky130_fd_sc_hd__a21oi_4".
Reading "sky130_fd_sc_hd__a22oi_2".
Reading "sky130_fd_sc_hd__nand4_4".
Reading "sky130_fd_sc_hd__a41o_1".
Reading "sky130_fd_sc_hd__nand3_4".
Reading "sky130_fd_sc_hd__or2b_2".
Reading "sky130_fd_sc_hd__and2b_2".
Reading "sky130_fd_sc_hd__xnor2_4".
Reading "sky130_fd_sc_hd__nand3b_2".
Reading "sky130_fd_sc_hd__nor3_2".
Reading "sky130_fd_sc_hd__o32a_4".
Reading "sky130_fd_sc_hd__clkinv_4".
Reading "sky130_fd_sc_hd__o211ai_1".
Reading "sky130_fd_sc_hd__nand4_2".
Reading "sky130_fd_sc_hd__mux2_2".
Reading "sky130_fd_sc_hd__a211oi_4".
Reading "sky130_fd_sc_hd__or3_2".
Reading "sky130_fd_sc_hd__o21a_2".
Reading "sky130_fd_sc_hd__and4bb_2".
Reading "sky130_fd_sc_hd__dfstp_1".
Reading "sky130_fd_sc_hd__a2bb2oi_1".
Reading "sky130_fd_sc_hd__or3b_1".
Reading "sky130_fd_sc_hd__clkinv_1".
Reading "sky130_fd_sc_hd__dlymetal6s2s_1".
Reading "sky130_fd_sc_hd__and4bb_1".
Reading "sky130_fd_sc_hd__o2bb2a_1".
Reading "sky130_fd_sc_hd__or4b_1".
Reading "sky130_fd_sc_hd__o22ai_2".
Reading "sky130_fd_sc_hd__or4_2".
Reading "sky130_fd_sc_hd__a221o_1".
Reading "sky130_fd_sc_hd__or4_1".
Reading "sky130_fd_sc_hd__o221a_1".
Reading "sky130_fd_sc_hd__or4bb_1".
Reading "sky130_fd_sc_hd__o221a_4".
Reading "sky130_fd_sc_hd__clkinvlp_2".
Reading "sky130_fd_sc_hd__dfstp_2".
Reading "sky130_fd_sc_hd__or4b_4".
Reading "sky130_fd_sc_hd__a2111oi_1".
CIF file read warning: CIF style sky130(): units rescaled by factor of 5 / 1
CIF file read warning: Input off lambda grid by 2/5; snapped to grid.
Reading "sky130_fd_sc_hd__o2bb2ai_1".
Reading "sky130_fd_sc_hd__or3b_4".
Reading "sky130_fd_sc_hd__nor2_4".
Reading "sky130_fd_sc_hd__nor4_4".
Reading "sky130_fd_sc_hd__or3b_2".
Reading "sky130_fd_sc_hd__or4_4".
Reading "sky130_fd_sc_hd__and3b_1".
Reading "sky130_fd_sc_hd__o32a_1".
Reading "sky130_fd_sc_hd__a41o_4".
Reading "sky130_fd_sc_hd__nor3b_4".
Reading "sky130_fd_sc_hd__and4_4".
Reading "sky130_fd_sc_hd__and4b_1".
Reading "sky130_fd_sc_hd__a2111o_1".
Reading "sky130_fd_sc_hd__and2_2".
Reading "sky130_fd_sc_hd__and3_4".
Reading "sky130_fd_sc_hd__o311a_1".
Reading "sky130_fd_sc_hd__mux4_1".
Reading "sky130_fd_sc_hd__o22ai_1".
Reading "sky130_fd_sc_hd__clkinv_8".
Reading "sky130_fd_sc_hd__a221oi_1".
Reading "top".
Error while reading cell "top" (byte position 19295086): Cell "sky130_fd_sc_hd__buf_4" is used but not defined in this file.
Error while reading cell "top" (byte position 19295086): Rewinding input.  Cells may have been instanced before they were defined.  Consider using "gds ordering on".
    5000 uses
    10000 uses
Error while reading cell "top" (byte position 19295086): Cell "sky130_fd_sc_hd__inv_2" is used but not defined in this file.
Error while reading cell "top" (byte position 19295086): Rewinding input.  Cells may have been instanced before they were defined.  Consider using "gds ordering on".
    15000 uses
    20000 uses
    25000 uses
    30000 uses
    35000 uses
    40000 uses
    45000 uses
    50000 uses
Reading "user_project_wrapper".
Error while reading cell "user_project_wrapper" (byte position 19295086): cell sky130_fd_sc_hd__inv_2 was used but not defined.
Error while reading cell "user_project_wrapper" (byte position 19295086): cell sky130_fd_sc_hd__buf_4 was used but not defined.

TIME: read GDS: 00:00:16 


TIME: add subcut: 00:00:00 

Abstracting sky130_fd_sc_hd__fill_1
Abstracting sky130_fd_sc_hd__fill_2
Abstracting sky130_fd_sc_hd__tapvpwrvgnd_1

TIME: set abstract: 00:00:00 

Cell sky130_fd_sc_hd__buf_4 couldn't be read
Cell sky130_fd_sc_hd__buf_4 is unavailable.  It could not be expanded.
Cell sky130_fd_sc_hd__inv_2 couldn't be read
Cell sky130_fd_sc_hd__inv_2 is unavailable.  It could not be expanded.
Cell sky130_fd_sc_hd__inv_2 is unavailable.  It could not be expanded.
Cell sky130_fd_sc_hd__inv_2 is unavailable.  It could not be expanded.
Cell sky130_fd_sc_hd__buf_4 is unavailable.  It could not be expanded.
Cell sky130_fd_sc_hd__inv_2 is unavailable.  It could not be expanded.
Cell sky130_fd_sc_hd__inv_2 is unavailable.  It could not be expanded.
Cell sky130_fd_sc_hd__inv_2 is unavailable.  It could not be expanded.
Cell sky130_fd_sc_hd__inv_2 is unavailable.  It could not be expanded.
Cell sky130_fd_sc_hd__inv_2 is unavailable.  It could not be expanded.
Cell sky130_fd_sc_hd__inv_2 is unavailable.  It could not be expanded.
Cell sky130_fd_sc_hd__buf_4 is unavailable.  It could not be expanded.
Cell sky130_fd_sc_hd__inv_2 is unavailable.  It could not be expanded.
Cell sky130_fd_sc_hd__inv_2 is unavailable.  It could not be expanded.
Cell sky130_fd_sc_hd__inv_2 is unavailable.  It could not be expanded.
Cell sky130_fd_sc_hd__inv_2 is unavailable.  It could not be expanded.
Cell sky130_fd_sc_hd__inv_2 is unavailable.  It could not be expanded.
Cell sky130_fd_sc_hd__inv_2 is unavailable.  It could not be expanded.
Cell sky130_fd_sc_hd__buf_4 is unavailable.  It could not be expanded.
Cell sky130_fd_sc_hd__buf_4 is unavailable.  It could not be expanded.
Cell sky130_fd_sc_hd__inv_2 is unavailable.  It could not be expanded.
Cell sky130_fd_sc_hd__inv_2 is unavailable.  It could not be expanded.
Cell sky130_fd_sc_hd__buf_4 is unavailable.  It could not be expanded.
Cell sky130_fd_sc_hd__inv_2 is unavailable.  It could not be expanded.
Cell sky130_fd_sc_hd__buf_4 is unavailable.  It could not be expanded.
Cell sky130_fd_sc_hd__inv_2 is unavailable.  It could not be expanded.
Cell sky130_fd_sc_hd__buf_4 is unavailable.  It could not be expanded.
Cell sky130_fd_sc_hd__buf_4 is unavailable.  It could not be expanded.
Cell sky130_fd_sc_hd__inv_2 is unavailable.  It could not be expanded.
Cell sky130_fd_sc_hd__inv_2 is unavailable.  It could not be expanded.
Cell sky130_fd_sc_hd__inv_2 is unavailable.  It could not be expanded.
Cell sky130_fd_sc_hd__inv_2 is unavailable.  It could not be expanded.
Cell sky130_fd_sc_hd__buf_4 is unavailable.  It could not be expanded.
Cell sky130_fd_sc_hd__inv_2 is unavailable.  It could not be expanded.
Cell sky130_fd_sc_hd__inv_2 is unavailable.  It could not be expanded.
Cell sky130_fd_sc_hd__inv_2 is unavailable.  It could not be expanded.
Cell sky130_fd_sc_hd__inv_2 is unavailable.  It could not be expanded.
Cell sky130_fd_sc_hd__inv_2 is unavailable.  It could not be expanded.
Cell sky130_fd_sc_hd__inv_2 is unavailable.  It could not be expanded.
Cell sky130_fd_sc_hd__inv_2 is unavailable.  It could not be expanded.
Cell sky130_fd_sc_hd__inv_2 is unavailable.  It could not be expanded.
Cell sky130_fd_sc_hd__inv_2 is unavailable.  It could not be expanded.
Cell sky130_fd_sc_hd__inv_2 is unavailable.  It could not be expanded.
Cell sky130_fd_sc_hd__buf_4 is unavailable.  It could not be expanded.
Cell sky130_fd_sc_hd__inv_2 is unavailable.  It could not be expanded.
Cell sky130_fd_sc_hd__buf_4 is unavailable.  It could not be expanded.
Cell sky130_fd_sc_hd__inv_2 is unavailable.  It could not be expanded.
Cell sky130_fd_sc_hd__inv_2 is unavailable.  It could not be expanded.
Cell sky130_fd_sc_hd__inv_2 is unavailable.  It could not be expanded.
Cell sky130_fd_sc_hd__inv_2 is unavailable.  It could not be expanded.
Cell sky130_fd_sc_hd__inv_2 is unavailable.  It could not be expanded.
Cell sky130_fd_sc_hd__buf_4 is unavailable.  It could not be expanded.
Cell sky130_fd_sc_hd__inv_2 is unavailable.  It could not be expanded.
Cell sky130_fd_sc_hd__inv_2 is unavailable.  It could not be expanded.
Cell sky130_fd_sc_hd__inv_2 is unavailable.  It could not be expanded.
Cell sky130_fd_sc_hd__inv_2 is unavailable.  It could not be expanded.
Cell sky130_fd_sc_hd__inv_2 is unavailable.  It could not be expanded.
Cell sky130_fd_sc_hd__buf_4 is unavailable.  It could not be expanded.
Cell sky130_fd_sc_hd__inv_2 is unavailable.  It could not be expanded.
Cell sky130_fd_sc_hd__buf_4 is unavailable.  It could not be expanded.
Cell sky130_fd_sc_hd__inv_2 is unavailable.  It could not be expanded.
Cell sky130_fd_sc_hd__inv_2 is unavailable.  It could not be expanded.
Cell sky130_fd_sc_hd__inv_2 is unavailable.  It could not be expanded.
Cell sky130_fd_sc_hd__buf_4 is unavailable.  It could not be expanded.
Cell sky130_fd_sc_hd__inv_2 is unavailable.  It could not be expanded.
Cell sky130_fd_sc_hd__inv_2 is unavailable.  It could not be expanded.
Cell sky130_fd_sc_hd__inv_2 is unavailable.  It could not be expanded.
Cell sky130_fd_sc_hd__inv_2 is unavailable.  It could not be expanded.
Cell sky130_fd_sc_hd__inv_2 is unavailable.  It could not be expanded.
Cell sky130_fd_sc_hd__inv_2 is unavailable.  It could not be expanded.
Cell sky130_fd_sc_hd__inv_2 is unavailable.  It could not be expanded.
Cell sky130_fd_sc_hd__inv_2 is unavailable.  It could not be expanded.
Cell sky130_fd_sc_hd__buf_4 is unavailable.  It could not be expanded.
Cell sky130_fd_sc_hd__inv_2 is unavailable.  It could not be expanded.
Cell sky130_fd_sc_hd__inv_2 is unavailable.  It could not be expanded.
Cell sky130_fd_sc_hd__inv_2 is unavailable.  It could not be expanded.
Cell sky130_fd_sc_hd__inv_2 is unavailable.  It could not be expanded.
Cell sky130_fd_sc_hd__inv_2 is unavailable.  It could not be expanded.
Cell sky130_fd_sc_hd__inv_2 is unavailable.  It could not be expanded.
Cell sky130_fd_sc_hd__buf_4 is unavailable.  It could not be expanded.
Cell sky130_fd_sc_hd__inv_2 is unavailable.  It could not be expanded.
Cell sky130_fd_sc_hd__inv_2 is unavailable.  It could not be expanded.
Cell sky130_fd_sc_hd__inv_2 is unavailable.  It could not be expanded.
Cell sky130_fd_sc_hd__inv_2 is unavailable.  It could not be expanded.
Cell sky130_fd_sc_hd__inv_2 is unavailable.  It could not be expanded.
Cell sky130_fd_sc_hd__inv_2 is unavailable.  It could not be expanded.
Cell sky130_fd_sc_hd__inv_2 is unavailable.  It could not be expanded.
Cell sky130_fd_sc_hd__inv_2 is unavailable.  It could not be expanded.
Cell sky130_fd_sc_hd__inv_2 is unavailable.  It could not be expanded.
Cell sky130_fd_sc_hd__inv_2 is unavailable.  It could not be expanded.
Cell sky130_fd_sc_hd__buf_4 is unavailable.  It could not be expanded.
Cell sky130_fd_sc_hd__inv_2 is unavailable.  It could not be expanded.
Cell sky130_fd_sc_hd__inv_2 is unavailable.  It could not be expanded.
Cell sky130_fd_sc_hd__inv_2 is unavailable.  It could not be expanded.
Cell sky130_fd_sc_hd__inv_2 is unavailable.  It could not be expanded.
Cell sky130_fd_sc_hd__inv_2 is unavailable.  It could not be expanded.
Cell sky130_fd_sc_hd__inv_2 is unavailable.  It could not be expanded.
Cell sky130_fd_sc_hd__inv_2 is unavailable.  It could not be expanded.
Cell sky130_fd_sc_hd__inv_2 is unavailable.  It could not be expanded.
Cell sky130_fd_sc_hd__inv_2 is unavailable.  It could not be expanded.
Cell sky130_fd_sc_hd__inv_2 is unavailable.  It could not be expanded.
Cell sky130_fd_sc_hd__inv_2 is unavailable.  It could not be expanded.
Cell sky130_fd_sc_hd__inv_2 is unavailable.  It could not be expanded.
Cell sky130_fd_sc_hd__inv_2 is unavailable.  It could not be expanded.
Cell sky130_fd_sc_hd__inv_2 is unavailable.  It could not be expanded.
Cell sky130_fd_sc_hd__inv_2 is unavailable.  It could not be expanded.
Cell sky130_fd_sc_hd__inv_2 is unavailable.  It could not be expanded.
Cell sky130_fd_sc_hd__inv_2 is unavailable.  It could not be expanded.
Cell sky130_fd_sc_hd__inv_2 is unavailable.  It could not be expanded.
Cell sky130_fd_sc_hd__inv_2 is unavailable.  It could not be expanded.
Cell sky130_fd_sc_hd__inv_2 is unavailable.  It could not be expanded.
Cell sky130_fd_sc_hd__inv_2 is unavailable.  It could not be expanded.
Cell sky130_fd_sc_hd__inv_2 is unavailable.  It could not be expanded.
Cell sky130_fd_sc_hd__inv_2 is unavailable.  It could not be expanded.
Cell sky130_fd_sc_hd__inv_2 is unavailable.  It could not be expanded.
Cell sky130_fd_sc_hd__inv_2 is unavailable.  It could not be expanded.
Cell sky130_fd_sc_hd__inv_2 is unavailable.  It could not be expanded.
Cell sky130_fd_sc_hd__buf_4 is unavailable.  It could not be expanded.
Cell sky130_fd_sc_hd__buf_4 is unavailable.  It could not be expanded.
Cell sky130_fd_sc_hd__buf_4 is unavailable.  It could not be expanded.
Cell sky130_fd_sc_hd__buf_4 is unavailable.  It could not be expanded.
Cell sky130_fd_sc_hd__buf_4 is unavailable.  It could not be expanded.
Cell sky130_fd_sc_hd__buf_4 is unavailable.  It could not be expanded.
Cell sky130_fd_sc_hd__buf_4 is unavailable.  It could not be expanded.
Cell sky130_fd_sc_hd__buf_4 is unavailable.  It could not be expanded.
Cell sky130_fd_sc_hd__buf_4 is unavailable.  It could not be expanded.
Cell sky130_fd_sc_hd__buf_4 is unavailable.  It could not be expanded.
Cell sky130_fd_sc_hd__inv_2 is unavailable.  It could not be expanded.
Cell sky130_fd_sc_hd__buf_4 is unavailable.  It could not be expanded.
Cell sky130_fd_sc_hd__buf_4 is unavailable.  It could not be expanded.
Cell sky130_fd_sc_hd__buf_4 is unavailable.  It could not be expanded.
Cell sky130_fd_sc_hd__buf_4 is unavailable.  It could not be expanded.
Cell sky130_fd_sc_hd__buf_4 is unavailable.  It could not be expanded.
Cell sky130_fd_sc_hd__buf_4 is unavailable.  It could not be expanded.
Cell sky130_fd_sc_hd__buf_4 is unavailable.  It could not be expanded.
Cell sky130_fd_sc_hd__buf_4 is unavailable.  It could not be expanded.
Cell sky130_fd_sc_hd__buf_4 is unavailable.  It could not be expanded.
Cell sky130_fd_sc_hd__buf_4 is unavailable.  It could not be expanded.
Cell sky130_fd_sc_hd__buf_4 is unavailable.  It could not be expanded.
Cell sky130_fd_sc_hd__buf_4 is unavailable.  It could not be expanded.
Failure to read entire subtree of cell.
The following types are not handled by extraction and will be treated as non-electrical types:
    ubm 
Extraction style is now "ngspice()"
Failure to read entire subtree of cell.

TIME: extract: 00:00:01 


TIME: netlist: 00:00:00 

Using technology "sky130A", version 1.0.493
Creating layout hierarchy in /tmp/tmpaw9zs9cy/repo/precheck_results/02_MAY_2026___21_25_46/tmp_oeb/ext/user_project_wrapper.hier...
awk: /usr/local/lib/python3.9/site-packages/cf_precheck/be_checks/scripts/ext.hier.awk:2: fatal: cannot open file `/tmp/tmpaw9zs9cy/repo/precheck_results/02_MAY_2026___21_25_46/tmp_oeb/ext/*.ext' for reading: No such file or directory

Error: extraction did not complete successfully
gzip: /tmp/tmpaw9zs9cy/repo/precheck_results/02_MAY_2026___21_25_46/tmp_oeb/ext/user_project_wrapper.gds.spice: No such file or directory
 
Running CVC for oeb check...
Creating /tmp/tmpaw9zs9cy/repo/precheck_results/02_MAY_2026___21_25_46/tmp_oeb/user_project_wrapper.cdl.gz

gzip: /tmp/tmpaw9zs9cy/repo/precheck_results/02_MAY_2026___21_25_46/outputs/reports/user_project_wrapper.gds.spice.gz: unexpected end of file
Default cvcrc in default.cvcrc
CVC: Circuit Validation Check  Version 1.1.7
CVC: Log output to /tmp/tmpaw9zs9cy/repo/precheck_results/02_MAY_2026___21_25_46/tmp_oeb/cvc.oeb.log
CVC: Error output to /tmp/tmpaw9zs9cy/repo/precheck_results/02_MAY_2026___21_25_46/tmp_oeb/cvc.oeb.error.gz
CVC: Debug output to /tmp/tmpaw9zs9cy/repo/precheck_results/02_MAY_2026___21_25_46/tmp_oeb/cvc.oeb.debug.gz
CVC: Start: Sat May  2 21:29:26 2026

Using the following parameters for CVC (Circuit Validation Check) from /tmp/tmpaw9zs9cy/repo/precheck_results/02_MAY_2026___21_25_46/tmp_oeb/cvcrc.oeb
CVC_TOP = 'user_project_wrapper'
CVC_NETLIST = '/tmp/tmpaw9zs9cy/repo/precheck_results/02_MAY_2026___21_25_46/tmp_oeb/user_project_wrapper.cdl.gz'
CVC_MODE = 'user_project_wrapper'
CVC_MODEL_FILE = '/usr/local/lib/python3.9/site-packages/cf_precheck/be_checks/tech/sky130A/cvc.models'
CVC_POWER_FILE = '/tmp/tmpaw9zs9cy/repo/precheck_results/02_MAY_2026___21_25_46/tmp_oeb/cvc.power.user_project_wrapper'
CVC_FUSE_FILE = ''
CVC_REPORT_FILE = '/tmp/tmpaw9zs9cy/repo/precheck_results/02_MAY_2026___21_25_46/tmp_oeb/cvc.oeb.log'
CVC_REPORT_TITLE = 'CVC user_project_wrapper'
CVC_CIRCUIT_ERROR_LIMIT = '100'
CVC_SEARCH_LIMIT = '100'
CVC_LEAK_LIMIT = '0.0002'
CVC_SOI = 'false'
CVC_SCRC = 'false'
CVC_VTH_GATES = 'false'
CVC_MIN_VTH_GATES = 'false'
CVC_IGNORE_VTH_FLOATING = 'false'
CVC_IGNORE_NO_LEAK_FLOATING = 'false'
CVC_LEAK_OVERVOLTAGE = 'true'
CVC_LOGIC_DIODES = 'false'
CVC_ANALOG_GATES = 'true'
CVC_BACKUP_RESULTS = 'false'
CVC_MOS_DIODE_ERROR_THRESHOLD = '0'
CVC_SHORT_ERROR_THRESHOLD = '0'
CVC_BIAS_ERROR_THRESHOLD = '0'
CVC_FORWARD_ERROR_THRESHOLD = '0'
CVC_FLOATING_ERROR_THRESHOLD = '0'
CVC_GATE_ERROR_THRESHOLD = '0'
CVC_LEAK?_ERROR_THRESHOLD = '0'
CVC_EXPECTED_ERROR_THRESHOLD = '0'
CVC_OVERVOLTAGE_ERROR_THRESHOLD = '0'
CVC_PARALLEL_CIRCUIT_PORT_LIMIT = '0'
CVC_CELL_ERROR_LIMIT_FILE = ''
CVC_CELL_CHECKSUM_FILE = ''
CVC_LARGE_CIRCUIT_SIZE = '10000000'
CVC_NET_CHECK_FILE = ''
CVC_MODEL_CHECK_FILE = ''
End of parameters

CVC: Reading device model settings...
CVC: Reading power settings...
CVC: Parsing netlist /tmp/tmpaw9zs9cy/repo/precheck_results/02_MAY_2026___21_25_46/tmp_oeb/user_project_wrapper.cdl.gz

Cdl fixed data size 1
Usage CDL: Time: 0  Memory: 4784  I/O: 24  Swap: 0
CVC: Counting and linking...
Fatal error:could not find subcircuit: user_project_wrapper
 gpio/user/analog |   in   |   out  | analog |  oeb min/sim/max  | configuration

No warnings or errors detected
