2026-05-02 21:25:46 [INFO] Extracting compressed files in: /tmp/tmpaw9zs9cy/repo
2026-05-02 21:25:46 [INFO] Project type: digital
2026-05-02 21:25:46 [INFO] GDS hash (user_project_wrapper): 68ca7d62ad681c62cf5a92d3f4cd05f3524b98b4
2026-05-02 21:25:46 [INFO] Tools: KLayout v0.29.2 | Magic v8.3.471
2026-05-02 21:25:46 [INFO] PDK: SKY130A unknown
2026-05-02 21:25:46 [INFO] Running 13 checks: [topcell_check, gpio_defines, xor, klayout_feol, klayout_beol, klayout_offgrid, klayout_met_min_ca_density, klayout_pin_label_purposes_overlapping_drawing, klayout_zeroarea, spike_check, illegal_cellname_check, lvs, oeb]
2026-05-02 21:25:46 [INFO] Single top cell 'user_project_wrapper' found
2026-05-02 21:25:46 [INFO] GPIO defines: parsing verilog/rtl/user_defines.v
2026-05-02 21:25:48 [INFO] GPIO defines report: /tmp/tmpaw9zs9cy/repo/precheck_results/02_MAY_2026___21_25_46/outputs/reports/gpio_defines.report
2026-05-02 21:25:56 [INFO] Total XOR differences: 798
2026-05-02 21:25:56 [INFO] Running: klayout -b -r /usr/local/lib/python3.9/site-packages/cf_precheck/drc_scripts/sky130A_mr.drc -rd input=/tmp/tmpaw9zs9cy/repo/gds/user_project_wrapper.gds -rd topcell=user_project_wrapper -rd report=/tmp/tmpaw9zs9cy/repo/precheck_results/02_MAY_2026___21_25_46/outputs/reports/klayout_feol_check.xml -rd thr=2 -rd feol=true
2026-05-02 21:26:30 [ERROR] 94 DRC violations. See /tmp/tmpaw9zs9cy/repo/precheck_results/02_MAY_2026___21_25_46/outputs/reports/klayout_feol_check.xml
2026-05-02 21:26:30 [INFO] Running: klayout -b -r /usr/local/lib/python3.9/site-packages/cf_precheck/drc_scripts/sky130A_mr.drc -rd input=/tmp/tmpaw9zs9cy/repo/gds/user_project_wrapper.gds -rd topcell=user_project_wrapper -rd report=/tmp/tmpaw9zs9cy/repo/precheck_results/02_MAY_2026___21_25_46/outputs/reports/klayout_beol_check.xml -rd thr=2 -rd beol=true
2026-05-02 21:27:58 [ERROR] 280 DRC violations. See /tmp/tmpaw9zs9cy/repo/precheck_results/02_MAY_2026___21_25_46/outputs/reports/klayout_beol_check.xml
2026-05-02 21:27:58 [INFO] Running: klayout -b -r /usr/local/lib/python3.9/site-packages/cf_precheck/drc_scripts/sky130A_mr.drc -rd input=/tmp/tmpaw9zs9cy/repo/gds/user_project_wrapper.gds -rd topcell=user_project_wrapper -rd report=/tmp/tmpaw9zs9cy/repo/precheck_results/02_MAY_2026___21_25_46/outputs/reports/klayout_offgrid_check.xml -rd thr=2 -rd offgrid=true
2026-05-02 21:28:19 [INFO] No DRC violations found
2026-05-02 21:28:19 [INFO] Running: klayout -b -r /usr/local/lib/python3.9/site-packages/cf_precheck/drc_scripts/met_min_ca_density.lydrc -rd input=/tmp/tmpaw9zs9cy/repo/gds/user_project_wrapper.gds -rd topcell=user_project_wrapper -rd report=/tmp/tmpaw9zs9cy/repo/precheck_results/02_MAY_2026___21_25_46/outputs/reports/klayout_met_min_ca_density_check.xml -rd thr=2
2026-05-02 21:28:27 [INFO] No DRC violations found
2026-05-02 21:28:27 [INFO] Running: klayout -b -r /usr/local/lib/python3.9/site-packages/cf_precheck/drc_scripts/pin_label_purposes_overlapping_drawing.rb.drc -rd input=/tmp/tmpaw9zs9cy/repo/gds/user_project_wrapper.gds -rd topcell=user_project_wrapper -rd report=/tmp/tmpaw9zs9cy/repo/precheck_results/02_MAY_2026___21_25_46/outputs/reports/klayout_pin_label_purposes_overlapping_drawing_check.xml -rd thr=2 -rd top_cell_name=user_project_wrapper
2026-05-02 21:28:33 [INFO] No DRC violations found
2026-05-02 21:28:33 [INFO] Running: klayout -b -r /usr/local/lib/python3.9/site-packages/cf_precheck/drc_scripts/zeroarea.rb.drc -rd input=/tmp/tmpaw9zs9cy/repo/gds/user_project_wrapper.gds -rd topcell=user_project_wrapper -rd report=/tmp/tmpaw9zs9cy/repo/precheck_results/02_MAY_2026___21_25_46/outputs/reports/klayout_zeroarea_check.xml -rd thr=2 -rd cleaned_output=/tmp/tmpaw9zs9cy/repo/precheck_results/02_MAY_2026___21_25_46/outputs/user_project_wrapper_no_zero_areas.gds
2026-05-02 21:28:36 [INFO] No DRC violations found
2026-05-02 21:28:36 [INFO] Running: bash /usr/local/lib/python3.9/site-packages/cf_precheck/drc_scripts/gdsArea0 -V -m /tmp/tmpaw9zs9cy/repo/precheck_results/02_MAY_2026___21_25_46/outputs/reports/spike_check.xml /tmp/tmpaw9zs9cy/repo/gds/user_project_wrapper.gds
2026-05-02 21:28:39 [INFO] No spikes found
2026-05-02 21:28:40 [INFO] Loading LVS environment from /tmp/tmpaw9zs9cy/repo/lvs/user_project_wrapper/lvs_config.json
2026-05-02 21:28:40 [INFO] Loading LVS environment from /usr/local/lib/python3.9/site-packages/cf_precheck/be_checks/tech/sky130A/lvs_config.base.json
2026-05-02 21:28:40 [INFO] EXTRACT_FLATGLOB: *sky130_fd_pr__*[A-Z]* 
2026-05-02 21:28:40 [INFO] EXTRACT_ABSTRACT: *__fill_* *__fakediode_* *__tapvpwrvgnd_* 
2026-05-02 21:28:40 [INFO] EXTRACT_CREATE_SUBCUT: 
2026-05-02 21:28:40 [INFO] LVS_FLATTEN: 
2026-05-02 21:28:40 [INFO] LVS_NOFLATTEN: 
2026-05-02 21:28:40 [INFO] LVS_IGNORE: 
2026-05-02 21:28:40 [INFO] LVS_SPICE_FILES: /opt/pdks/sky130A/libs.ref/sky130_fd_sc_hd/spice/*.spice 
2026-05-02 21:28:40 [INFO] LVS_VERILOG_FILES: /tmp/tmpaw9zs9cy/repo/verilog/gl/user_project_wrapper.v
2026-05-02 21:28:40 [INFO] LAYOUT_FILE: /tmp/tmpaw9zs9cy/repo/gds/user_project_wrapper.gds
2026-05-02 21:28:40 [INFO] Running: run_be_checks --nooeb
2026-05-02 21:28:40 [INFO] LVS output directory: /tmp/tmpaw9zs9cy/repo/precheck_results/02_MAY_2026___21_25_46
2026-05-02 21:29:03 [ERROR] LVS FAILED (stat=1), see /tmp/tmpaw9zs9cy/repo/precheck_results/02_MAY_2026___21_25_46/logs/LVS_check.log
2026-05-02 21:29:03 [INFO] Loading LVS environment from /tmp/tmpaw9zs9cy/repo/lvs/user_project_wrapper/lvs_config.json
2026-05-02 21:29:03 [INFO] Loading LVS environment from /usr/local/lib/python3.9/site-packages/cf_precheck/be_checks/tech/sky130A/lvs_config.base.json
2026-05-02 21:29:03 [INFO] EXTRACT_FLATGLOB: *sky130_fd_pr__*[A-Z]* 
2026-05-02 21:29:03 [INFO] EXTRACT_ABSTRACT: *__fill_* *__fakediode_* *__tapvpwrvgnd_* 
2026-05-02 21:29:03 [INFO] EXTRACT_CREATE_SUBCUT: 
2026-05-02 21:29:03 [INFO] LVS_FLATTEN: 
2026-05-02 21:29:03 [INFO] LVS_NOFLATTEN: 
2026-05-02 21:29:03 [INFO] LVS_IGNORE: 
2026-05-02 21:29:03 [INFO] LVS_SPICE_FILES: /opt/pdks/sky130A/libs.ref/sky130_fd_sc_hd/spice/*.spice 
2026-05-02 21:29:03 [INFO] LVS_VERILOG_FILES: /tmp/tmpaw9zs9cy/repo/verilog/gl/user_project_wrapper.v
2026-05-02 21:29:03 [INFO] LAYOUT_FILE: /tmp/tmpaw9zs9cy/repo/gds/user_project_wrapper.gds
2026-05-02 21:29:03 [INFO] Running: run_oeb_check 
2026-05-02 21:29:03 [INFO] OEB output directory: /tmp/tmpaw9zs9cy/repo/precheck_results/02_MAY_2026___21_25_46
2026-05-02 21:29:26 [ERROR] OEB FAILED (stat=5), see /tmp/tmpaw9zs9cy/repo/precheck_results/02_MAY_2026___21_25_46/logs/OEB_check.log
