"polygons" in: met_min_ca_density.lydrc:35
    Polygons (raw): 717634 (flat)  45194 (hierarchical)
    Elapsed: 0.060s  Memory: 629.00M
"polygons" in: met_min_ca_density.lydrc:36
    Polygons (raw): 1542209 (flat)  44277 (hierarchical)
    Elapsed: 0.050s  Memory: 630.00M
"polygons" in: met_min_ca_density.lydrc:38
    Polygons (raw): 598828 (flat)  159260 (hierarchical)
    Elapsed: 0.170s  Memory: 637.00M
"polygons" in: met_min_ca_density.lydrc:39
    Polygons (raw): 51683 (flat)  51683 (hierarchical)
    Elapsed: 0.070s  Memory: 637.00M
"polygons" in: met_min_ca_density.lydrc:41
    Polygons (raw): 73200 (flat)  73200 (hierarchical)
    Elapsed: 0.080s  Memory: 638.00M
"polygons" in: met_min_ca_density.lydrc:42
    Polygons (raw): 12084 (flat)  12084 (hierarchical)
    Elapsed: 0.030s  Memory: 638.00M
"polygons" in: met_min_ca_density.lydrc:44
    Polygons (raw): 10473 (flat)  10473 (hierarchical)
    Elapsed: 0.020s  Memory: 638.00M
"polygons" in: met_min_ca_density.lydrc:45
    Polygons (raw): 10524 (flat)  10524 (hierarchical)
    Elapsed: 0.020s  Memory: 638.00M
"polygons" in: met_min_ca_density.lydrc:47
    Polygons (raw): 1265 (flat)  1265 (hierarchical)
    Elapsed: 0.020s  Memory: 638.00M
"polygons" in: met_min_ca_density.lydrc:48
    Polygons (raw): 0 (flat)  0 (hierarchical)
    Elapsed: 0.000s  Memory: 638.00M
"polygons" in: met_min_ca_density.lydrc:49
    Polygons (raw): 10646 (flat)  10646 (hierarchical)
    Elapsed: 0.030s  Memory: 638.00M
"polygons" in: met_min_ca_density.lydrc:51
    Polygons (raw): 434 (flat)  434 (hierarchical)
    Elapsed: 0.020s  Memory: 638.00M
"input" in: met_min_ca_density.lydrc:53
    Polygons (raw): 3 (flat)  3 (hierarchical)
    Elapsed: 0.040s  Memory: 638.00M
"area" in: met_min_ca_density.lydrc:55
    Elapsed: 0.020s  Memory: 641.00M
"polygons" in: met_min_ca_density.lydrc:59
    Polygons (raw): 717634 (flat)  45194 (hierarchical)
    Elapsed: 0.060s  Memory: 641.00M
"area" in: met_min_ca_density.lydrc:59
    Elapsed: 2.720s  Memory: 678.00M
li1_ca_density is 0.9769955905199252
"polygons" in: met_min_ca_density.lydrc:69
    Polygons (raw): 598828 (flat)  159260 (hierarchical)
    Elapsed: 0.170s  Memory: 684.00M
"area" in: met_min_ca_density.lydrc:69
    Elapsed: 2.890s  Memory: 696.00M
m1_ca_density is 0.9905988213316275
"polygons" in: met_min_ca_density.lydrc:79
    Polygons (raw): 73200 (flat)  73200 (hierarchical)
    Elapsed: 0.100s  Memory: 680.00M
"area" in: met_min_ca_density.lydrc:79
    Elapsed: 0.370s  Memory: 686.00M
m2_ca_density is 0.9985183030821918
"polygons" in: met_min_ca_density.lydrc:89
    Polygons (raw): 10473 (flat)  10473 (hierarchical)
    Elapsed: 0.030s  Memory: 686.00M
"area" in: met_min_ca_density.lydrc:89
    Elapsed: 0.100s  Memory: 686.00M
m3_ca_density is 0.9993706916640722
"polygons" in: met_min_ca_density.lydrc:99
    Polygons (raw): 1265 (flat)  1265 (hierarchical)
    Elapsed: 0.020s  Memory: 686.00M
"area" in: met_min_ca_density.lydrc:99
    Elapsed: 0.030s  Memory: 686.00M
m4_ca_density is 0.8610796062324876
"polygons" in: met_min_ca_density.lydrc:109
    Polygons (raw): 434 (flat)  434 (hierarchical)
    Elapsed: 0.020s  Memory: 686.00M
"area" in: met_min_ca_density.lydrc:109
    Elapsed: 0.030s  Memory: 686.00M
m5_ca_density is 0.8596460345968244
Writing report database: /tmp/tmp5_b2cj_d/repo/precheck_results/02_MAY_2026___12_45_19/outputs/reports/klayout_met_min_ca_density_check.xml ..
Total elapsed: 7.720s  Memory: 682.00M
