2026-05-02 17:10:20 [INFO] Extracting compressed files in: /tmp/tmpjx6_1iwn/repo
2026-05-02 17:10:20 [INFO] Project type: digital
2026-05-02 17:10:20 [INFO] GDS hash (user_project_wrapper): 68a436b5e5c1cde56dd6aa90fc1366cc85d9986a
2026-05-02 17:10:21 [INFO] Tools: KLayout v0.29.2 | Magic v8.3.471
2026-05-02 17:10:21 [INFO] PDK: SKY130A unknown
2026-05-02 17:10:21 [INFO] Running 13 checks: [topcell_check, gpio_defines, xor, klayout_feol, klayout_beol, klayout_offgrid, klayout_met_min_ca_density, klayout_pin_label_purposes_overlapping_drawing, klayout_zeroarea, spike_check, illegal_cellname_check, lvs, oeb]
2026-05-02 17:10:21 [INFO] Single top cell 'user_project_wrapper' found
2026-05-02 17:10:21 [INFO] GPIO defines: parsing verilog/rtl/user_defines.v
2026-05-02 17:10:22 [INFO] GPIO defines report: /tmp/tmpjx6_1iwn/repo/precheck_results/02_MAY_2026___17_10_20/outputs/reports/gpio_defines.report
2026-05-02 17:10:32 [INFO] Total XOR differences: 798
2026-05-02 17:10:32 [INFO] Running: klayout -b -r /usr/local/lib/python3.9/site-packages/cf_precheck/drc_scripts/sky130A_mr.drc -rd input=/tmp/tmpjx6_1iwn/repo/gds/user_project_wrapper.gds -rd topcell=user_project_wrapper -rd report=/tmp/tmpjx6_1iwn/repo/precheck_results/02_MAY_2026___17_10_20/outputs/reports/klayout_feol_check.xml -rd thr=2 -rd feol=true
2026-05-02 17:11:13 [INFO] No DRC violations found
2026-05-02 17:11:13 [INFO] Running: klayout -b -r /usr/local/lib/python3.9/site-packages/cf_precheck/drc_scripts/sky130A_mr.drc -rd input=/tmp/tmpjx6_1iwn/repo/gds/user_project_wrapper.gds -rd topcell=user_project_wrapper -rd report=/tmp/tmpjx6_1iwn/repo/precheck_results/02_MAY_2026___17_10_20/outputs/reports/klayout_beol_check.xml -rd thr=2 -rd beol=true
2026-05-02 17:12:57 [INFO] No DRC violations found
2026-05-02 17:12:57 [INFO] Running: klayout -b -r /usr/local/lib/python3.9/site-packages/cf_precheck/drc_scripts/sky130A_mr.drc -rd input=/tmp/tmpjx6_1iwn/repo/gds/user_project_wrapper.gds -rd topcell=user_project_wrapper -rd report=/tmp/tmpjx6_1iwn/repo/precheck_results/02_MAY_2026___17_10_20/outputs/reports/klayout_offgrid_check.xml -rd thr=2 -rd offgrid=true
2026-05-02 17:13:20 [INFO] No DRC violations found
2026-05-02 17:13:20 [INFO] Running: klayout -b -r /usr/local/lib/python3.9/site-packages/cf_precheck/drc_scripts/met_min_ca_density.lydrc -rd input=/tmp/tmpjx6_1iwn/repo/gds/user_project_wrapper.gds -rd topcell=user_project_wrapper -rd report=/tmp/tmpjx6_1iwn/repo/precheck_results/02_MAY_2026___17_10_20/outputs/reports/klayout_met_min_ca_density_check.xml -rd thr=2
2026-05-02 17:13:29 [INFO] No DRC violations found
2026-05-02 17:13:29 [INFO] Running: klayout -b -r /usr/local/lib/python3.9/site-packages/cf_precheck/drc_scripts/pin_label_purposes_overlapping_drawing.rb.drc -rd input=/tmp/tmpjx6_1iwn/repo/gds/user_project_wrapper.gds -rd topcell=user_project_wrapper -rd report=/tmp/tmpjx6_1iwn/repo/precheck_results/02_MAY_2026___17_10_20/outputs/reports/klayout_pin_label_purposes_overlapping_drawing_check.xml -rd thr=2 -rd top_cell_name=user_project_wrapper
2026-05-02 17:13:36 [INFO] No DRC violations found
2026-05-02 17:13:36 [INFO] Running: klayout -b -r /usr/local/lib/python3.9/site-packages/cf_precheck/drc_scripts/zeroarea.rb.drc -rd input=/tmp/tmpjx6_1iwn/repo/gds/user_project_wrapper.gds -rd topcell=user_project_wrapper -rd report=/tmp/tmpjx6_1iwn/repo/precheck_results/02_MAY_2026___17_10_20/outputs/reports/klayout_zeroarea_check.xml -rd thr=2 -rd cleaned_output=/tmp/tmpjx6_1iwn/repo/precheck_results/02_MAY_2026___17_10_20/outputs/user_project_wrapper_no_zero_areas.gds
2026-05-02 17:13:40 [INFO] No DRC violations found
2026-05-02 17:13:40 [INFO] Running: bash /usr/local/lib/python3.9/site-packages/cf_precheck/drc_scripts/gdsArea0 -V -m /tmp/tmpjx6_1iwn/repo/precheck_results/02_MAY_2026___17_10_20/outputs/reports/spike_check.xml /tmp/tmpjx6_1iwn/repo/gds/user_project_wrapper.gds
2026-05-02 17:13:45 [INFO] No spikes found
2026-05-02 17:13:45 [INFO] Loading LVS environment from /tmp/tmpjx6_1iwn/repo/lvs/user_project_wrapper/lvs_config.json
2026-05-02 17:13:45 [INFO] Loading LVS environment from /usr/local/lib/python3.9/site-packages/cf_precheck/be_checks/tech/sky130A/lvs_config.base.json
2026-05-02 17:13:45 [INFO] EXTRACT_FLATGLOB: *sky130_fd_pr__*[A-Z]* 
2026-05-02 17:13:45 [INFO] EXTRACT_ABSTRACT: *__fill_* *__fakediode_* *__tapvpwrvgnd_* 
2026-05-02 17:13:45 [INFO] EXTRACT_CREATE_SUBCUT: 
2026-05-02 17:13:45 [INFO] LVS_FLATTEN: 
2026-05-02 17:13:45 [INFO] LVS_NOFLATTEN: 
2026-05-02 17:13:45 [INFO] LVS_IGNORE: 
2026-05-02 17:13:45 [INFO] LVS_SPICE_FILES: /opt/pdks/sky130A/libs.ref/sky130_fd_sc_hd/spice/*.spice 
2026-05-02 17:13:45 [INFO] LVS_VERILOG_FILES: /tmp/tmpjx6_1iwn/repo/verilog/gl/user_project_wrapper.v
2026-05-02 17:13:45 [INFO] LAYOUT_FILE: /tmp/tmpjx6_1iwn/repo/gds/user_project_wrapper.gds
2026-05-02 17:13:45 [INFO] Running: run_be_checks --nooeb
2026-05-02 17:13:45 [INFO] LVS output directory: /tmp/tmpjx6_1iwn/repo/precheck_results/02_MAY_2026___17_10_20
2026-05-02 17:15:12 [ERROR] LVS FAILED (stat=1), see /tmp/tmpjx6_1iwn/repo/precheck_results/02_MAY_2026___17_10_20/logs/LVS_check.log
2026-05-02 17:15:12 [INFO] Loading LVS environment from /tmp/tmpjx6_1iwn/repo/lvs/user_project_wrapper/lvs_config.json
2026-05-02 17:15:12 [INFO] Loading LVS environment from /usr/local/lib/python3.9/site-packages/cf_precheck/be_checks/tech/sky130A/lvs_config.base.json
2026-05-02 17:15:12 [INFO] EXTRACT_FLATGLOB: *sky130_fd_pr__*[A-Z]* 
2026-05-02 17:15:12 [INFO] EXTRACT_ABSTRACT: *__fill_* *__fakediode_* *__tapvpwrvgnd_* 
2026-05-02 17:15:12 [INFO] EXTRACT_CREATE_SUBCUT: 
2026-05-02 17:15:12 [INFO] LVS_FLATTEN: 
2026-05-02 17:15:12 [INFO] LVS_NOFLATTEN: 
2026-05-02 17:15:12 [INFO] LVS_IGNORE: 
2026-05-02 17:15:12 [INFO] LVS_SPICE_FILES: /opt/pdks/sky130A/libs.ref/sky130_fd_sc_hd/spice/*.spice 
2026-05-02 17:15:12 [INFO] LVS_VERILOG_FILES: /tmp/tmpjx6_1iwn/repo/verilog/gl/user_project_wrapper.v
2026-05-02 17:15:12 [INFO] LAYOUT_FILE: /tmp/tmpjx6_1iwn/repo/gds/user_project_wrapper.gds
2026-05-02 17:15:12 [INFO] Running: run_oeb_check --noextract
2026-05-02 17:15:12 [INFO] OEB output directory: /tmp/tmpjx6_1iwn/repo/precheck_results/02_MAY_2026___17_10_20
2026-05-02 17:15:14 [WARNING] ERC check failed (stat=4), see /tmp/tmpjx6_1iwn/repo/precheck_results/02_MAY_2026___17_10_20/logs/OEB_check.log
