CVC: Log output to /tmp/tmp60znun96/repo/precheck_results/02_MAY_2026___21_09_08/tmp_oeb/cvc.oeb.log
CVC: Error output to /tmp/tmp60znun96/repo/precheck_results/02_MAY_2026___21_09_08/tmp_oeb/cvc.oeb.error.gz
CVC: Debug output to /tmp/tmp60znun96/repo/precheck_results/02_MAY_2026___21_09_08/tmp_oeb/cvc.oeb.debug.gz
CVC: Circuit Validation Check  Version 1.1.7
CVC: Start: Sat May  2 21:14:02 2026

Using the following parameters for CVC (Circuit Validation Check) from /tmp/tmp60znun96/repo/precheck_results/02_MAY_2026___21_09_08/tmp_oeb/cvcrc.oeb
CVC_TOP = 'user_project_wrapper'
CVC_NETLIST = '/tmp/tmp60znun96/repo/precheck_results/02_MAY_2026___21_09_08/tmp_oeb/user_project_wrapper.cdl.gz'
CVC_MODE = 'user_project_wrapper'
CVC_MODEL_FILE = '/usr/local/lib/python3.9/site-packages/cf_precheck/be_checks/tech/sky130A/cvc.models'
CVC_POWER_FILE = '/tmp/tmp60znun96/repo/precheck_results/02_MAY_2026___21_09_08/tmp_oeb/cvc.power.user_project_wrapper'
CVC_FUSE_FILE = ''
CVC_REPORT_FILE = '/tmp/tmp60znun96/repo/precheck_results/02_MAY_2026___21_09_08/tmp_oeb/cvc.oeb.log'
CVC_REPORT_TITLE = 'CVC user_project_wrapper'
CVC_CIRCUIT_ERROR_LIMIT = '100'
CVC_SEARCH_LIMIT = '100'
CVC_LEAK_LIMIT = '0.0002'
CVC_SOI = 'false'
CVC_SCRC = 'false'
CVC_VTH_GATES = 'false'
CVC_MIN_VTH_GATES = 'false'
CVC_IGNORE_VTH_FLOATING = 'false'
CVC_IGNORE_NO_LEAK_FLOATING = 'false'
CVC_LEAK_OVERVOLTAGE = 'true'
CVC_LOGIC_DIODES = 'false'
CVC_ANALOG_GATES = 'true'
CVC_BACKUP_RESULTS = 'false'
CVC_MOS_DIODE_ERROR_THRESHOLD = '0'
CVC_SHORT_ERROR_THRESHOLD = '0'
CVC_BIAS_ERROR_THRESHOLD = '0'
CVC_FORWARD_ERROR_THRESHOLD = '0'
CVC_FLOATING_ERROR_THRESHOLD = '0'
CVC_GATE_ERROR_THRESHOLD = '0'
CVC_LEAK?_ERROR_THRESHOLD = '0'
CVC_EXPECTED_ERROR_THRESHOLD = '0'
CVC_OVERVOLTAGE_ERROR_THRESHOLD = '0'
CVC_PARALLEL_CIRCUIT_PORT_LIMIT = '0'
CVC_CELL_ERROR_LIMIT_FILE = ''
CVC_CELL_CHECKSUM_FILE = ''
CVC_LARGE_CIRCUIT_SIZE = '10000000'
CVC_NET_CHECK_FILE = ''
CVC_MODEL_CHECK_FILE = ''
End of parameters

CVC: Reading device model settings...
CVC: Reading power settings...
CVC: Parsing netlist /tmp/tmp60znun96/repo/precheck_results/02_MAY_2026___21_09_08/tmp_oeb/user_project_wrapper.cdl.gz
Cdl fixed data size 1066253
Usage CDL: Time: 0  Memory: 32792  I/O: 8  Swap: 0
CVC: Counting and linking...
CVC: Assigning IDs ...
Usage DB: Time: 0  Memory: 38440  I/O: 8  Swap: 0
CVC: 54014(54014) instances, 27461(27461) nets, 114236(114236) devices.
CVC: Setting models ...
Setting model tolerances...

> c 6
CVC: Shorting switches...
	Shorted 0 short
	Shorted 0 sky130_fd_pr__res_generic_l1
	Shorted 0 sky130_fd_pr__res_generic_m1
	Shorted 0 sky130_fd_pr__res_generic_m2
	Shorted 0 sky130_fd_pr__res_generic_m3
	Shorted 0 sky130_fd_pr__res_generic_m4
	Shorted 0 sky130_fd_pr__res_generic_m5
Setting instance power...

ModelList> filename /usr/local/lib/python3.9/site-packages/cf_precheck/be_checks/tech/sky130A/cvc.models
 Model> sky130_fd_pr__cap_mim_m3_1         0 C->capacitor  Parameters>
 Model> sky130_fd_pr__cap_mim_m3_2         0 C->capacitor  Parameters>
 Model> sky130_fd_pr__cap_var         0 C->capacitor  Parameters>
 Model> sky130_fd_pr__cap_var_lvt         0 C->capacitor  Parameters>
 Model> condiode           0 D->diode      Parameters> Diodes> 1-2
 Model> sky130_fd_pr__diode_pd2nw_05v5         0 D->diode      Parameters> Diodes> 1-2
 Model> sky130_fd_pr__diode_pd2nw_05v5_lvt         0 D->diode      Parameters> Diodes> 1-2
 Model> sky130_fd_pr__diode_pd2nw_11v0         0 D->diode      Parameters> Diodes> 1-2
 Model> sky130_fd_pr__diode_pw2nd_05v5      2395 D->diode      Parameters> Diodes> 1-2
 Model> sky130_fd_pr__diode_pw2nd_05v5_lvt         0 D->diode      Parameters> Diodes> 1-2
 Model> sky130_fd_pr__diode_pw2nd_05v5_nvt         0 D->diode      Parameters> Diodes> 1-2
 Model> sky130_fd_pr__diode_pw2nd_11v0         0 D->diode      Parameters> Diodes> 1-2
 Model> sky130_fd_pr__model__parasitic__diode_ps2dn         0 D->diode      Parameters> Diodes> 1-2
 Model> sky130_fd_pr__model__parasitic__diode_ps2nw         0 D->diode      Parameters> Diodes> 1-2
 Model> sky130_fd_pr__model__parasitic__diode_pw2dn         0 D->diode      Parameters> Diodes> 1-2
 Model> nfet_01v8          0 M->nmos       Parameters> Vth=0.2 Vds=1.8 Vgs=1.8 R=L/W*7000 Diodes> 4-1 4-3
 Model> pfet_01v8_hvt         0 M->pmos       Parameters> Vth=-0.2 Vds=1.8 Vgs=1.8 R=L/W*7000 Diodes> 1-4 3-4
 Model> sky130_fd_bs_flash__special_sonosfet_star         0 M->nmos       Parameters> Vth=0.2 R=L/W*7000 Diodes> 4-1 4-3
 Model> sky130_fd_pr__esd_nfet_g5v0d10v5         0 M->nmos       Parameters> Vth=0.2 R=L/W*7000 Diodes> 4-1 4-3
 Model> sky130_fd_pr__nfet_01v8     53563 M->nmos       Parameters> Vth=0.2 Vds=1.8 Vgs=1.8 R=L/W*7000 Diodes> 4-1 4-3
 Model> sky130_fd_pr__nfet_01v8_lvt         0 M->nmos       Parameters> Vth=0.1 Vds=1.8 Vgs=1.8 R=L/W*7000 Diodes> 4-1 4-3
 Model> sky130_fd_pr__nfet_03v3_nvt         0 M->nmos       Parameters> Vth=0.2 Vds=3.3 Vgs=3.3 R=L/W*7000 Diodes> 4-1 4-3
 Model> sky130_fd_pr__nfet_05v0_nvt         0 M->nmos       Parameters> Vth=0.2 R=L/W*7000 Diodes> 4-1 4-3
 Model> sky130_fd_pr__nfet_g5v0d10v5         0 M->nmos       Parameters> Vth=0.2 R=L/W*7000 Diodes> 4-1 4-3
 Model> sky130_fd_pr__pfet_01v8         0 M->pmos       Parameters> Vth=-0.2 Vds=1.8 Vgs=1.8 R=L/W*7000 Diodes> 1-4 3-4
 Model> sky130_fd_pr__pfet_01v8_hvt     55704 M->pmos       Parameters> Vth=-0.3 Vds=1.8 Vgs=1.8 R=L/W*7000 Diodes> 1-4 3-4
 Model> sky130_fd_pr__pfet_01v8_lvt         0 M->pmos       Parameters> Vth=-0.1 Vds=1.8 Vgs=1.8 R=L/W*7000 Diodes> 1-4 3-4
 Model> sky130_fd_pr__pfet_g5v0d10v5         0 M->pmos       Parameters> Vth=-0.2 R=L/W*7000 Diodes> 1-4 3-4
 Model> sky130_fd_pr__special_nfet_01v8      2196 M->nmos       Parameters> Vth=0.2 Vds=1.8 Vgs=1.8 R=L/W*7000 Diodes> 4-1 4-3
 Model> sky130_fd_pr__special_nfet_latch         0 M->nmos       Parameters> Vth=0.2 Vds=1.8 Vgs=1.8 R=L/W*7000 Diodes> 4-1 4-3
 Model> sky130_fd_pr__special_nfet_pass         0 M->nmos       Parameters> Vth=0.2 Vds=1.8 Vgs=1.8 R=L/W*7000 Diodes> 4-1 4-3
 Model> sky130_fd_pr__special_pfet_01v8_hvt         0 M->pmos       Parameters> Vth=-0.3 Vds=1.8 Vgs=1.8 R=L/W*7000 Diodes> 1-4 3-4
 Model> sky130_fd_pr__special_pfet_latch         0 M->pmos       Parameters> Vth=-0.2 Vds=1.8 Vgs=1.8 R=L/W*7000 Diodes> 1-4 3-4
 Model> sky130_fd_pr__special_pfet_pass         0 M->pmos       Parameters> Vth=-0.2 Vds=1.8 Vgs=1.8 R=L/W*7000 Diodes> 1-4 3-4
 Model> sky130_fd_pr__npn_11v0         0 Q->bipolar    Parameters>
 Model> sky130_fd_pr__npn_11v0_W1p00L1p00         0 Q->bipolar    Parameters>
 Model> sky130_fd_pr__pnp_05v5         0 Q->bipolar    Parameters>
 Model> sky130_fd_pr__pnp_05v5_W0p68L0p68         0 Q->bipolar    Parameters>
 Model> sky130_fd_pr__pnp_05v5_W3p40L3p40         0 Q->bipolar    Parameters>
 Model> short              0 R->switch_on  Parameters>
 Model> sky130_fd_pr__res_generic_l1         0 R->switch_on  Parameters>
 Model> sky130_fd_pr__res_generic_m1         0 R->switch_on  Parameters>
 Model> sky130_fd_pr__res_generic_m2         0 R->switch_on  Parameters>
 Model> sky130_fd_pr__res_generic_m3         0 R->switch_on  Parameters>
 Model> sky130_fd_pr__res_generic_m4         0 R->switch_on  Parameters>
 Model> sky130_fd_pr__res_generic_m5         0 R->switch_on  Parameters>
 Model> sky130_fd_pr__res_generic_nd         0 R->resistor   Parameters> R=l/w*120
 Model> sky130_fd_pr__res_generic_nd__hv         0 R->resistor   Parameters> R=l/w*114
 Model> sky130_fd_pr__res_generic_pd         0 R->resistor   Parameters> R=l/w*197
 Model> sky130_fd_pr__res_generic_pd__hv         0 R->resistor   Parameters> R=l/w*191
 Model> sky130_fd_pr__res_generic_po       378 R->resistor   Parameters> R=l/w*48
 Model> sky130_fd_pr__res_high_po         0 R->resistor   Parameters> R=l/w*300
 Model> sky130_fd_pr__res_high_po_0p35         0 R->resistor   Parameters> R=l/0.35*300
 Model> sky130_fd_pr__res_high_po_0p69         0 R->resistor   Parameters> R=l/0.69*300
 Model> sky130_fd_pr__res_high_po_1p41         0 R->resistor   Parameters> R=l/1.41*300
 Model> sky130_fd_pr__res_high_po_2p85         0 R->resistor   Parameters> R=l/2.85*300
 Model> sky130_fd_pr__res_high_po_5p73         0 R->resistor   Parameters> R=l/5.73*300
 Model> sky130_fd_pr__res_iso_pw         0 R->resistor   Parameters> R=l/w*4400
 Model> sky130_fd_pr__res_xhigh_po         0 R->resistor   Parameters> R=l/w*2000
 Model> sky130_fd_pr__res_xhigh_po_0p35         0 R->resistor   Parameters> R=l/0.35*2000
 Model> sky130_fd_pr__res_xhigh_po_0p69         0 R->resistor   Parameters> R=l/0.69*2000
 Model> sky130_fd_pr__res_xhigh_po_1p41         0 R->resistor   Parameters> R=l/1.41*2000
 Model> sky130_fd_pr__res_xhigh_po_2p85         0 R->resistor   Parameters> R=l/2.85*2000
 Model> sky130_fd_pr__res_xhigh_po_5p73         0 R->resistor   Parameters> R=l/5.73*2000
ModelList> end

Power List> filename /tmp/tmp60znun96/repo/precheck_results/02_MAY_2026___21_09_08/tmp_oeb/cvc.power.user_project_wrapper
vccd* power 1.8
 ->vccd1 power 1.8 -> 1.8 power
 ->vccd2 power 1.8 -> 1.8 power
vdda* power 3.3
 ->vdda1 power 3.3 -> 3.3 power
 ->vdda2 power 3.3 -> 3.3 power
vssa* power 0.0
 ->vssa1 power 0.0 -> 0.0 power
 ->vssa2 power 0.0 -> 0.0 power
vssd* power 0.0
 ->vssd1 power 0.0 -> 0.0 power
 ->vssd2 power 0.0 -> 0.0 power
 user_clock2 input min@0.0 max@1.8 -> min@0.0 max@1.8 input
 wb_clk_i input min@0.0 max@1.8 -> min@0.0 max@1.8 input
 wb_rst_i input min@0.0 max@1.8 -> min@0.0 max@1.8 input
 wbs_cyc_i input min@0.0 max@1.8 -> min@0.0 max@1.8 input
 wbs_stb_i input min@0.0 max@1.8 -> min@0.0 max@1.8 input
 wbs_we_i input min@0.0 max@1.8 -> min@0.0 max@1.8 input
io_in[*] input min@0.0 max@1.8
 ->io_in[27] input min@0.0 max@1.8 -> min@0.0 max@1.8 input
 ->io_in[28] input min@0.0 max@1.8 -> min@0.0 max@1.8 input
 ->io_in[29] input min@0.0 max@1.8 -> min@0.0 max@1.8 input
 ->io_in[30] input min@0.0 max@1.8 -> min@0.0 max@1.8 input
 ->io_in[31] input min@0.0 max@1.8 -> min@0.0 max@1.8 input
 ->io_in[32] input min@0.0 max@1.8 -> min@0.0 max@1.8 input
 ->io_in[33] input min@0.0 max@1.8 -> min@0.0 max@1.8 input
 ->io_in[34] input min@0.0 max@1.8 -> min@0.0 max@1.8 input
 ->io_in[35] input min@0.0 max@1.8 -> min@0.0 max@1.8 input
 ->io_in[36] input min@0.0 max@1.8 -> min@0.0 max@1.8 input
 ->io_in[37] input min@0.0 max@1.8 -> min@0.0 max@1.8 input
 ->io_in[25] input min@0.0 max@1.8 -> min@0.0 max@1.8 input
 ->io_in[26] input min@0.0 max@1.8 -> min@0.0 max@1.8 input
 ->io_in[0] input min@0.0 max@1.8 -> min@0.0 max@1.8 input
 ->io_in[10] input min@0.0 max@1.8 -> min@0.0 max@1.8 input
 ->io_in[11] input min@0.0 max@1.8 -> min@0.0 max@1.8 input
 ->io_in[12] input min@0.0 max@1.8 -> min@0.0 max@1.8 input
 ->io_in[13] input min@0.0 max@1.8 -> min@0.0 max@1.8 input
 ->io_in[14] input min@0.0 max@1.8 -> min@0.0 max@1.8 input
 ->io_in[15] input min@0.0 max@1.8 -> min@0.0 max@1.8 input
 ->io_in[16] input min@0.0 max@1.8 -> min@0.0 max@1.8 input
 ->io_in[17] input min@0.0 max@1.8 -> min@0.0 max@1.8 input
 ->io_in[18] input min@0.0 max@1.8 -> min@0.0 max@1.8 input
 ->io_in[19] input min@0.0 max@1.8 -> min@0.0 max@1.8 input
 ->io_in[1] input min@0.0 max@1.8 -> min@0.0 max@1.8 input
 ->io_in[20] input min@0.0 max@1.8 -> min@0.0 max@1.8 input
 ->io_in[21] input min@0.0 max@1.8 -> min@0.0 max@1.8 input
 ->io_in[22] input min@0.0 max@1.8 -> min@0.0 max@1.8 input
 ->io_in[23] input min@0.0 max@1.8 -> min@0.0 max@1.8 input
 ->io_in[24] input min@0.0 max@1.8 -> min@0.0 max@1.8 input
 ->io_in[2] input min@0.0 max@1.8 -> min@0.0 max@1.8 input
 ->io_in[3] input min@0.0 max@1.8 -> min@0.0 max@1.8 input
 ->io_in[4] input min@0.0 max@1.8 -> min@0.0 max@1.8 input
 ->io_in[5] input min@0.0 max@1.8 -> min@0.0 max@1.8 input
 ->io_in[6] input min@0.0 max@1.8 -> min@0.0 max@1.8 input
 ->io_in[7] input min@0.0 max@1.8 -> min@0.0 max@1.8 input
 ->io_in[8] input min@0.0 max@1.8 -> min@0.0 max@1.8 input
 ->io_in[9] input min@0.0 max@1.8 -> min@0.0 max@1.8 input
la_data_in[*] input min@0.0 max@1.8
 ->la_data_in[83] input min@0.0 max@1.8 -> min@0.0 max@1.8 input
 ->la_data_in[84] input min@0.0 max@1.8 -> min@0.0 max@1.8 input
 ->la_data_in[85] input min@0.0 max@1.8 -> min@0.0 max@1.8 input
 ->la_data_in[86] input min@0.0 max@1.8 -> min@0.0 max@1.8 input
 ->la_data_in[87] input min@0.0 max@1.8 -> min@0.0 max@1.8 input
 ->la_data_in[88] input min@0.0 max@1.8 -> min@0.0 max@1.8 input
 ->la_data_in[89] input min@0.0 max@1.8 -> min@0.0 max@1.8 input
 ->la_data_in[90] input min@0.0 max@1.8 -> min@0.0 max@1.8 input
 ->la_data_in[91] input min@0.0 max@1.8 -> min@0.0 max@1.8 input
 ->la_data_in[92] input min@0.0 max@1.8 -> min@0.0 max@1.8 input
 ->la_data_in[93] input min@0.0 max@1.8 -> min@0.0 max@1.8 input
 ->la_data_in[94] input min@0.0 max@1.8 -> min@0.0 max@1.8 input
 ->la_data_in[95] input min@0.0 max@1.8 -> min@0.0 max@1.8 input
 ->la_data_in[96] input min@0.0 max@1.8 -> min@0.0 max@1.8 input
 ->la_data_in[97] input min@0.0 max@1.8 -> min@0.0 max@1.8 input
 ->la_data_in[98] input min@0.0 max@1.8 -> min@0.0 max@1.8 input
 ->la_data_in[99] input min@0.0 max@1.8 -> min@0.0 max@1.8 input
 ->la_data_in[100] input min@0.0 max@1.8 -> min@0.0 max@1.8 input
 ->la_data_in[101] input min@0.0 max@1.8 -> min@0.0 max@1.8 input
 ->la_data_in[102] input min@0.0 max@1.8 -> min@0.0 max@1.8 input
 ->la_data_in[103] input min@0.0 max@1.8 -> min@0.0 max@1.8 input
 ->la_data_in[104] input min@0.0 max@1.8 -> min@0.0 max@1.8 input
 ->la_data_in[105] input min@0.0 max@1.8 -> min@0.0 max@1.8 input
 ->la_data_in[106] input min@0.0 max@1.8 -> min@0.0 max@1.8 input
 ->la_data_in[107] input min@0.0 max@1.8 -> min@0.0 max@1.8 input
 ->la_data_in[108] input min@0.0 max@1.8 -> min@0.0 max@1.8 input
 ->la_data_in[109] input min@0.0 max@1.8 -> min@0.0 max@1.8 input
 ->la_data_in[110] input min@0.0 max@1.8 -> min@0.0 max@1.8 input
 ->la_data_in[111] input min@0.0 max@1.8 -> min@0.0 max@1.8 input
 ->la_data_in[112] input min@0.0 max@1.8 -> min@0.0 max@1.8 input
 ->la_data_in[113] input min@0.0 max@1.8 -> min@0.0 max@1.8 input
 ->la_data_in[114] input min@0.0 max@1.8 -> min@0.0 max@1.8 input
 ->la_data_in[115] input min@0.0 max@1.8 -> min@0.0 max@1.8 input
 ->la_data_in[116] input min@0.0 max@1.8 -> min@0.0 max@1.8 input
 ->la_data_in[117] input min@0.0 max@1.8 -> min@0.0 max@1.8 input
 ->la_data_in[118] input min@0.0 max@1.8 -> min@0.0 max@1.8 input
 ->la_data_in[119] input min@0.0 max@1.8 -> min@0.0 max@1.8 input
 ->la_data_in[120] input min@0.0 max@1.8 -> min@0.0 max@1.8 input
 ->la_data_in[121] input min@0.0 max@1.8 -> min@0.0 max@1.8 input
 ->la_data_in[122] input min@0.0 max@1.8 -> min@0.0 max@1.8 input
 ->la_data_in[123] input min@0.0 max@1.8 -> min@0.0 max@1.8 input
 ->la_data_in[124] input min@0.0 max@1.8 -> min@0.0 max@1.8 input
 ->la_data_in[125] input min@0.0 max@1.8 -> min@0.0 max@1.8 input
 ->la_data_in[126] input min@0.0 max@1.8 -> min@0.0 max@1.8 input
 ->la_data_in[127] input min@0.0 max@1.8 -> min@0.0 max@1.8 input
 ->la_data_in[77] input min@0.0 max@1.8 -> min@0.0 max@1.8 input
 ->la_data_in[78] input min@0.0 max@1.8 -> min@0.0 max@1.8 input
 ->la_data_in[79] input min@0.0 max@1.8 -> min@0.0 max@1.8 input
 ->la_data_in[80] input min@0.0 max@1.8 -> min@0.0 max@1.8 input
 ->la_data_in[81] input min@0.0 max@1.8 -> min@0.0 max@1.8 input
 ->la_data_in[82] input min@0.0 max@1.8 -> min@0.0 max@1.8 input
 ->la_data_in[16] input min@0.0 max@1.8 -> min@0.0 max@1.8 input
 ->la_data_in[28] input min@0.0 max@1.8 -> min@0.0 max@1.8 input
 ->la_data_in[29] input min@0.0 max@1.8 -> min@0.0 max@1.8 input
 ->la_data_in[30] input min@0.0 max@1.8 -> min@0.0 max@1.8 input
 ->la_data_in[31] input min@0.0 max@1.8 -> min@0.0 max@1.8 input
 ->la_data_in[32] input min@0.0 max@1.8 -> min@0.0 max@1.8 input
 ->la_data_in[33] input min@0.0 max@1.8 -> min@0.0 max@1.8 input
 ->la_data_in[34] input min@0.0 max@1.8 -> min@0.0 max@1.8 input
 ->la_data_in[35] input min@0.0 max@1.8 -> min@0.0 max@1.8 input
 ->la_data_in[36] input min@0.0 max@1.8 -> min@0.0 max@1.8 input
 ->la_data_in[17] input min@0.0 max@1.8 -> min@0.0 max@1.8 input
 ->la_data_in[37] input min@0.0 max@1.8 -> min@0.0 max@1.8 input
 ->la_data_in[38] input min@0.0 max@1.8 -> min@0.0 max@1.8 input
 ->la_data_in[39] input min@0.0 max@1.8 -> min@0.0 max@1.8 input
 ->la_data_in[40] input min@0.0 max@1.8 -> min@0.0 max@1.8 input
 ->la_data_in[41] input min@0.0 max@1.8 -> min@0.0 max@1.8 input
 ->la_data_in[42] input min@0.0 max@1.8 -> min@0.0 max@1.8 input
 ->la_data_in[43] input min@0.0 max@1.8 -> min@0.0 max@1.8 input
 ->la_data_in[44] input min@0.0 max@1.8 -> min@0.0 max@1.8 input
 ->la_data_in[45] input min@0.0 max@1.8 -> min@0.0 max@1.8 input
 ->la_data_in[18] input min@0.0 max@1.8 -> min@0.0 max@1.8 input
 ->la_data_in[46] input min@0.0 max@1.8 -> min@0.0 max@1.8 input
 ->la_data_in[47] input min@0.0 max@1.8 -> min@0.0 max@1.8 input
 ->la_data_in[48] input min@0.0 max@1.8 -> min@0.0 max@1.8 input
 ->la_data_in[49] input min@0.0 max@1.8 -> min@0.0 max@1.8 input
 ->la_data_in[50] input min@0.0 max@1.8 -> min@0.0 max@1.8 input
 ->la_data_in[51] input min@0.0 max@1.8 -> min@0.0 max@1.8 input
 ->la_data_in[52] input min@0.0 max@1.8 -> min@0.0 max@1.8 input
 ->la_data_in[53] input min@0.0 max@1.8 -> min@0.0 max@1.8 input
 ->la_data_in[54] input min@0.0 max@1.8 -> min@0.0 max@1.8 input
 ->la_data_in[15] input min@0.0 max@1.8 -> min@0.0 max@1.8 input
 ->la_data_in[55] input min@0.0 max@1.8 -> min@0.0 max@1.8 input
 ->la_data_in[56] input min@0.0 max@1.8 -> min@0.0 max@1.8 input
 ->la_data_in[57] input min@0.0 max@1.8 -> min@0.0 max@1.8 input
 ->la_data_in[58] input min@0.0 max@1.8 -> min@0.0 max@1.8 input
 ->la_data_in[59] input min@0.0 max@1.8 -> min@0.0 max@1.8 input
 ->la_data_in[60] input min@0.0 max@1.8 -> min@0.0 max@1.8 input
 ->la_data_in[61] input min@0.0 max@1.8 -> min@0.0 max@1.8 input
 ->la_data_in[62] input min@0.0 max@1.8 -> min@0.0 max@1.8 input
 ->la_data_in[63] input min@0.0 max@1.8 -> min@0.0 max@1.8 input
 ->la_data_in[19] input min@0.0 max@1.8 -> min@0.0 max@1.8 input
 ->la_data_in[64] input min@0.0 max@1.8 -> min@0.0 max@1.8 input
 ->la_data_in[65] input min@0.0 max@1.8 -> min@0.0 max@1.8 input
 ->la_data_in[66] input min@0.0 max@1.8 -> min@0.0 max@1.8 input
 ->la_data_in[67] input min@0.0 max@1.8 -> min@0.0 max@1.8 input
 ->la_data_in[68] input min@0.0 max@1.8 -> min@0.0 max@1.8 input
 ->la_data_in[69] input min@0.0 max@1.8 -> min@0.0 max@1.8 input
 ->la_data_in[70] input min@0.0 max@1.8 -> min@0.0 max@1.8 input
 ->la_data_in[71] input min@0.0 max@1.8 -> min@0.0 max@1.8 input
 ->la_data_in[72] input min@0.0 max@1.8 -> min@0.0 max@1.8 input
 ->la_data_in[20] input min@0.0 max@1.8 -> min@0.0 max@1.8 input
 ->la_data_in[73] input min@0.0 max@1.8 -> min@0.0 max@1.8 input
 ->la_data_in[74] input min@0.0 max@1.8 -> min@0.0 max@1.8 input
 ->la_data_in[75] input min@0.0 max@1.8 -> min@0.0 max@1.8 input
 ->la_data_in[76] input min@0.0 max@1.8 -> min@0.0 max@1.8 input
 ->la_data_in[21] input min@0.0 max@1.8 -> min@0.0 max@1.8 input
 ->la_data_in[22] input min@0.0 max@1.8 -> min@0.0 max@1.8 input
 ->la_data_in[23] input min@0.0 max@1.8 -> min@0.0 max@1.8 input
 ->la_data_in[24] input min@0.0 max@1.8 -> min@0.0 max@1.8 input
 ->la_data_in[25] input min@0.0 max@1.8 -> min@0.0 max@1.8 input
 ->la_data_in[26] input min@0.0 max@1.8 -> min@0.0 max@1.8 input
 ->la_data_in[27] input min@0.0 max@1.8 -> min@0.0 max@1.8 input
 ->la_data_in[5] input min@0.0 max@1.8 -> min@0.0 max@1.8 input
 ->la_data_in[4] input min@0.0 max@1.8 -> min@0.0 max@1.8 input
 ->la_data_in[11] input min@0.0 max@1.8 -> min@0.0 max@1.8 input
 ->la_data_in[9] input min@0.0 max@1.8 -> min@0.0 max@1.8 input
 ->la_data_in[10] input min@0.0 max@1.8 -> min@0.0 max@1.8 input
 ->la_data_in[8] input min@0.0 max@1.8 -> min@0.0 max@1.8 input
 ->la_data_in[12] input min@0.0 max@1.8 -> min@0.0 max@1.8 input
 ->la_data_in[1] input min@0.0 max@1.8 -> min@0.0 max@1.8 input
 ->la_data_in[13] input min@0.0 max@1.8 -> min@0.0 max@1.8 input
 ->la_data_in[14] input min@0.0 max@1.8 -> min@0.0 max@1.8 input
 ->la_data_in[7] input min@0.0 max@1.8 -> min@0.0 max@1.8 input
 ->la_data_in[2] input min@0.0 max@1.8 -> min@0.0 max@1.8 input
 ->la_data_in[0] input min@0.0 max@1.8 -> min@0.0 max@1.8 input
 ->la_data_in[6] input min@0.0 max@1.8 -> min@0.0 max@1.8 input
 ->la_data_in[3] input min@0.0 max@1.8 -> min@0.0 max@1.8 input
la_oenb[*] input min@0.0 max@1.8
 ->la_oenb[100] input min@0.0 max@1.8 -> min@0.0 max@1.8 input
 ->la_oenb[101] input min@0.0 max@1.8 -> min@0.0 max@1.8 input
 ->la_oenb[102] input min@0.0 max@1.8 -> min@0.0 max@1.8 input
 ->la_oenb[103] input min@0.0 max@1.8 -> min@0.0 max@1.8 input
 ->la_oenb[104] input min@0.0 max@1.8 -> min@0.0 max@1.8 input
 ->la_oenb[105] input min@0.0 max@1.8 -> min@0.0 max@1.8 input
 ->la_oenb[106] input min@0.0 max@1.8 -> min@0.0 max@1.8 input
 ->la_oenb[107] input min@0.0 max@1.8 -> min@0.0 max@1.8 input
 ->la_oenb[108] input min@0.0 max@1.8 -> min@0.0 max@1.8 input
 ->la_oenb[109] input min@0.0 max@1.8 -> min@0.0 max@1.8 input
 ->la_oenb[110] input min@0.0 max@1.8 -> min@0.0 max@1.8 input
 ->la_oenb[111] input min@0.0 max@1.8 -> min@0.0 max@1.8 input
 ->la_oenb[112] input min@0.0 max@1.8 -> min@0.0 max@1.8 input
 ->la_oenb[113] input min@0.0 max@1.8 -> min@0.0 max@1.8 input
 ->la_oenb[114] input min@0.0 max@1.8 -> min@0.0 max@1.8 input
 ->la_oenb[115] input min@0.0 max@1.8 -> min@0.0 max@1.8 input
 ->la_oenb[116] input min@0.0 max@1.8 -> min@0.0 max@1.8 input
 ->la_oenb[117] input min@0.0 max@1.8 -> min@0.0 max@1.8 input
 ->la_oenb[118] input min@0.0 max@1.8 -> min@0.0 max@1.8 input
 ->la_oenb[119] input min@0.0 max@1.8 -> min@0.0 max@1.8 input
 ->la_oenb[120] input min@0.0 max@1.8 -> min@0.0 max@1.8 input
 ->la_oenb[121] input min@0.0 max@1.8 -> min@0.0 max@1.8 input
 ->la_oenb[122] input min@0.0 max@1.8 -> min@0.0 max@1.8 input
 ->la_oenb[123] input min@0.0 max@1.8 -> min@0.0 max@1.8 input
 ->la_oenb[124] input min@0.0 max@1.8 -> min@0.0 max@1.8 input
 ->la_oenb[125] input min@0.0 max@1.8 -> min@0.0 max@1.8 input
 ->la_oenb[126] input min@0.0 max@1.8 -> min@0.0 max@1.8 input
 ->la_oenb[127] input min@0.0 max@1.8 -> min@0.0 max@1.8 input
 ->la_oenb[66] input min@0.0 max@1.8 -> min@0.0 max@1.8 input
 ->la_oenb[67] input min@0.0 max@1.8 -> min@0.0 max@1.8 input
 ->la_oenb[68] input min@0.0 max@1.8 -> min@0.0 max@1.8 input
 ->la_oenb[69] input min@0.0 max@1.8 -> min@0.0 max@1.8 input
 ->la_oenb[70] input min@0.0 max@1.8 -> min@0.0 max@1.8 input
 ->la_oenb[71] input min@0.0 max@1.8 -> min@0.0 max@1.8 input
 ->la_oenb[72] input min@0.0 max@1.8 -> min@0.0 max@1.8 input
 ->la_oenb[73] input min@0.0 max@1.8 -> min@0.0 max@1.8 input
 ->la_oenb[74] input min@0.0 max@1.8 -> min@0.0 max@1.8 input
 ->la_oenb[75] input min@0.0 max@1.8 -> min@0.0 max@1.8 input
 ->la_oenb[76] input min@0.0 max@1.8 -> min@0.0 max@1.8 input
 ->la_oenb[77] input min@0.0 max@1.8 -> min@0.0 max@1.8 input
 ->la_oenb[78] input min@0.0 max@1.8 -> min@0.0 max@1.8 input
 ->la_oenb[79] input min@0.0 max@1.8 -> min@0.0 max@1.8 input
 ->la_oenb[80] input min@0.0 max@1.8 -> min@0.0 max@1.8 input
 ->la_oenb[81] input min@0.0 max@1.8 -> min@0.0 max@1.8 input
 ->la_oenb[82] input min@0.0 max@1.8 -> min@0.0 max@1.8 input
 ->la_oenb[83] input min@0.0 max@1.8 -> min@0.0 max@1.8 input
 ->la_oenb[84] input min@0.0 max@1.8 -> min@0.0 max@1.8 input
 ->la_oenb[85] input min@0.0 max@1.8 -> min@0.0 max@1.8 input
 ->la_oenb[86] input min@0.0 max@1.8 -> min@0.0 max@1.8 input
 ->la_oenb[87] input min@0.0 max@1.8 -> min@0.0 max@1.8 input
 ->la_oenb[88] input min@0.0 max@1.8 -> min@0.0 max@1.8 input
 ->la_oenb[89] input min@0.0 max@1.8 -> min@0.0 max@1.8 input
 ->la_oenb[90] input min@0.0 max@1.8 -> min@0.0 max@1.8 input
 ->la_oenb[91] input min@0.0 max@1.8 -> min@0.0 max@1.8 input
 ->la_oenb[92] input min@0.0 max@1.8 -> min@0.0 max@1.8 input
 ->la_oenb[93] input min@0.0 max@1.8 -> min@0.0 max@1.8 input
 ->la_oenb[94] input min@0.0 max@1.8 -> min@0.0 max@1.8 input
 ->la_oenb[95] input min@0.0 max@1.8 -> min@0.0 max@1.8 input
 ->la_oenb[96] input min@0.0 max@1.8 -> min@0.0 max@1.8 input
 ->la_oenb[97] input min@0.0 max@1.8 -> min@0.0 max@1.8 input
 ->la_oenb[98] input min@0.0 max@1.8 -> min@0.0 max@1.8 input
 ->la_oenb[99] input min@0.0 max@1.8 -> min@0.0 max@1.8 input
 ->la_oenb[44] input min@0.0 max@1.8 -> min@0.0 max@1.8 input
 ->la_oenb[45] input min@0.0 max@1.8 -> min@0.0 max@1.8 input
 ->la_oenb[46] input min@0.0 max@1.8 -> min@0.0 max@1.8 input
 ->la_oenb[47] input min@0.0 max@1.8 -> min@0.0 max@1.8 input
 ->la_oenb[48] input min@0.0 max@1.8 -> min@0.0 max@1.8 input
 ->la_oenb[49] input min@0.0 max@1.8 -> min@0.0 max@1.8 input
 ->la_oenb[50] input min@0.0 max@1.8 -> min@0.0 max@1.8 input
 ->la_oenb[51] input min@0.0 max@1.8 -> min@0.0 max@1.8 input
 ->la_oenb[52] input min@0.0 max@1.8 -> min@0.0 max@1.8 input
 ->la_oenb[53] input min@0.0 max@1.8 -> min@0.0 max@1.8 input
 ->la_oenb[54] input min@0.0 max@1.8 -> min@0.0 max@1.8 input
 ->la_oenb[55] input min@0.0 max@1.8 -> min@0.0 max@1.8 input
 ->la_oenb[56] input min@0.0 max@1.8 -> min@0.0 max@1.8 input
 ->la_oenb[57] input min@0.0 max@1.8 -> min@0.0 max@1.8 input
 ->la_oenb[58] input min@0.0 max@1.8 -> min@0.0 max@1.8 input
 ->la_oenb[59] input min@0.0 max@1.8 -> min@0.0 max@1.8 input
 ->la_oenb[5] input min@0.0 max@1.8 -> min@0.0 max@1.8 input
 ->la_oenb[60] input min@0.0 max@1.8 -> min@0.0 max@1.8 input
 ->la_oenb[61] input min@0.0 max@1.8 -> min@0.0 max@1.8 input
 ->la_oenb[62] input min@0.0 max@1.8 -> min@0.0 max@1.8 input
 ->la_oenb[63] input min@0.0 max@1.8 -> min@0.0 max@1.8 input
 ->la_oenb[64] input min@0.0 max@1.8 -> min@0.0 max@1.8 input
 ->la_oenb[65] input min@0.0 max@1.8 -> min@0.0 max@1.8 input
 ->la_oenb[10] input min@0.0 max@1.8 -> min@0.0 max@1.8 input
 ->la_oenb[11] input min@0.0 max@1.8 -> min@0.0 max@1.8 input
 ->la_oenb[12] input min@0.0 max@1.8 -> min@0.0 max@1.8 input
 ->la_oenb[13] input min@0.0 max@1.8 -> min@0.0 max@1.8 input
 ->la_oenb[6] input min@0.0 max@1.8 -> min@0.0 max@1.8 input
 ->la_oenb[14] input min@0.0 max@1.8 -> min@0.0 max@1.8 input
 ->la_oenb[15] input min@0.0 max@1.8 -> min@0.0 max@1.8 input
 ->la_oenb[16] input min@0.0 max@1.8 -> min@0.0 max@1.8 input
 ->la_oenb[17] input min@0.0 max@1.8 -> min@0.0 max@1.8 input
 ->la_oenb[18] input min@0.0 max@1.8 -> min@0.0 max@1.8 input
 ->la_oenb[19] input min@0.0 max@1.8 -> min@0.0 max@1.8 input
 ->la_oenb[20] input min@0.0 max@1.8 -> min@0.0 max@1.8 input
 ->la_oenb[21] input min@0.0 max@1.8 -> min@0.0 max@1.8 input
 ->la_oenb[22] input min@0.0 max@1.8 -> min@0.0 max@1.8 input
 ->la_oenb[23] input min@0.0 max@1.8 -> min@0.0 max@1.8 input
 ->la_oenb[7] input min@0.0 max@1.8 -> min@0.0 max@1.8 input
 ->la_oenb[24] input min@0.0 max@1.8 -> min@0.0 max@1.8 input
 ->la_oenb[25] input min@0.0 max@1.8 -> min@0.0 max@1.8 input
 ->la_oenb[26] input min@0.0 max@1.8 -> min@0.0 max@1.8 input
 ->la_oenb[27] input min@0.0 max@1.8 -> min@0.0 max@1.8 input
 ->la_oenb[28] input min@0.0 max@1.8 -> min@0.0 max@1.8 input
 ->la_oenb[29] input min@0.0 max@1.8 -> min@0.0 max@1.8 input
 ->la_oenb[30] input min@0.0 max@1.8 -> min@0.0 max@1.8 input
 ->la_oenb[31] input min@0.0 max@1.8 -> min@0.0 max@1.8 input
 ->la_oenb[32] input min@0.0 max@1.8 -> min@0.0 max@1.8 input
 ->la_oenb[33] input min@0.0 max@1.8 -> min@0.0 max@1.8 input
 ->la_oenb[8] input min@0.0 max@1.8 -> min@0.0 max@1.8 input
 ->la_oenb[34] input min@0.0 max@1.8 -> min@0.0 max@1.8 input
 ->la_oenb[35] input min@0.0 max@1.8 -> min@0.0 max@1.8 input
 ->la_oenb[36] input min@0.0 max@1.8 -> min@0.0 max@1.8 input
 ->la_oenb[37] input min@0.0 max@1.8 -> min@0.0 max@1.8 input
 ->la_oenb[38] input min@0.0 max@1.8 -> min@0.0 max@1.8 input
 ->la_oenb[39] input min@0.0 max@1.8 -> min@0.0 max@1.8 input
 ->la_oenb[40] input min@0.0 max@1.8 -> min@0.0 max@1.8 input
 ->la_oenb[41] input min@0.0 max@1.8 -> min@0.0 max@1.8 input
 ->la_oenb[42] input min@0.0 max@1.8 -> min@0.0 max@1.8 input
 ->la_oenb[43] input min@0.0 max@1.8 -> min@0.0 max@1.8 input
 ->la_oenb[9] input min@0.0 max@1.8 -> min@0.0 max@1.8 input
 ->la_oenb[1] input min@0.0 max@1.8 -> min@0.0 max@1.8 input
 ->la_oenb[2] input min@0.0 max@1.8 -> min@0.0 max@1.8 input
 ->la_oenb[3] input min@0.0 max@1.8 -> min@0.0 max@1.8 input
 ->la_oenb[4] input min@0.0 max@1.8 -> min@0.0 max@1.8 input
 ->la_oenb[0] input min@0.0 max@1.8 -> min@0.0 max@1.8 input
wbs_adr_i[*] input min@0.0 max@1.8
 ->wbs_adr_i[0] input min@0.0 max@1.8 -> min@0.0 max@1.8 input
 ->wbs_adr_i[10] input min@0.0 max@1.8 -> min@0.0 max@1.8 input
 ->wbs_adr_i[11] input min@0.0 max@1.8 -> min@0.0 max@1.8 input
 ->wbs_adr_i[12] input min@0.0 max@1.8 -> min@0.0 max@1.8 input
 ->wbs_adr_i[13] input min@0.0 max@1.8 -> min@0.0 max@1.8 input
 ->wbs_adr_i[14] input min@0.0 max@1.8 -> min@0.0 max@1.8 input
 ->wbs_adr_i[15] input min@0.0 max@1.8 -> min@0.0 max@1.8 input
 ->wbs_adr_i[16] input min@0.0 max@1.8 -> min@0.0 max@1.8 input
 ->wbs_adr_i[17] input min@0.0 max@1.8 -> min@0.0 max@1.8 input
 ->wbs_adr_i[18] input min@0.0 max@1.8 -> min@0.0 max@1.8 input
 ->wbs_adr_i[19] input min@0.0 max@1.8 -> min@0.0 max@1.8 input
 ->wbs_adr_i[1] input min@0.0 max@1.8 -> min@0.0 max@1.8 input
 ->wbs_adr_i[20] input min@0.0 max@1.8 -> min@0.0 max@1.8 input
 ->wbs_adr_i[21] input min@0.0 max@1.8 -> min@0.0 max@1.8 input
 ->wbs_adr_i[22] input min@0.0 max@1.8 -> min@0.0 max@1.8 input
 ->wbs_adr_i[23] input min@0.0 max@1.8 -> min@0.0 max@1.8 input
 ->wbs_adr_i[24] input min@0.0 max@1.8 -> min@0.0 max@1.8 input
 ->wbs_adr_i[25] input min@0.0 max@1.8 -> min@0.0 max@1.8 input
 ->wbs_adr_i[26] input min@0.0 max@1.8 -> min@0.0 max@1.8 input
 ->wbs_adr_i[27] input min@0.0 max@1.8 -> min@0.0 max@1.8 input
 ->wbs_adr_i[28] input min@0.0 max@1.8 -> min@0.0 max@1.8 input
 ->wbs_adr_i[29] input min@0.0 max@1.8 -> min@0.0 max@1.8 input
 ->wbs_adr_i[2] input min@0.0 max@1.8 -> min@0.0 max@1.8 input
 ->wbs_adr_i[30] input min@0.0 max@1.8 -> min@0.0 max@1.8 input
 ->wbs_adr_i[31] input min@0.0 max@1.8 -> min@0.0 max@1.8 input
 ->wbs_adr_i[3] input min@0.0 max@1.8 -> min@0.0 max@1.8 input
 ->wbs_adr_i[4] input min@0.0 max@1.8 -> min@0.0 max@1.8 input
 ->wbs_adr_i[5] input min@0.0 max@1.8 -> min@0.0 max@1.8 input
 ->wbs_adr_i[6] input min@0.0 max@1.8 -> min@0.0 max@1.8 input
 ->wbs_adr_i[7] input min@0.0 max@1.8 -> min@0.0 max@1.8 input
 ->wbs_adr_i[8] input min@0.0 max@1.8 -> min@0.0 max@1.8 input
 ->wbs_adr_i[9] input min@0.0 max@1.8 -> min@0.0 max@1.8 input
wbs_dat_i[*] input min@0.0 max@1.8
 ->wbs_dat_i[24] input min@0.0 max@1.8 -> min@0.0 max@1.8 input
 ->wbs_dat_i[25] input min@0.0 max@1.8 -> min@0.0 max@1.8 input
 ->wbs_dat_i[26] input min@0.0 max@1.8 -> min@0.0 max@1.8 input
 ->wbs_dat_i[27] input min@0.0 max@1.8 -> min@0.0 max@1.8 input
 ->wbs_dat_i[28] input min@0.0 max@1.8 -> min@0.0 max@1.8 input
 ->wbs_dat_i[29] input min@0.0 max@1.8 -> min@0.0 max@1.8 input
 ->wbs_dat_i[30] input min@0.0 max@1.8 -> min@0.0 max@1.8 input
 ->wbs_dat_i[31] input min@0.0 max@1.8 -> min@0.0 max@1.8 input
 ->wbs_dat_i[19] input min@0.0 max@1.8 -> min@0.0 max@1.8 input
 ->wbs_dat_i[1] input min@0.0 max@1.8 -> min@0.0 max@1.8 input
 ->wbs_dat_i[20] input min@0.0 max@1.8 -> min@0.0 max@1.8 input
 ->wbs_dat_i[21] input min@0.0 max@1.8 -> min@0.0 max@1.8 input
 ->wbs_dat_i[22] input min@0.0 max@1.8 -> min@0.0 max@1.8 input
 ->wbs_dat_i[23] input min@0.0 max@1.8 -> min@0.0 max@1.8 input
 ->wbs_dat_i[2] input min@0.0 max@1.8 -> min@0.0 max@1.8 input
 ->wbs_dat_i[3] input min@0.0 max@1.8 -> min@0.0 max@1.8 input
 ->wbs_dat_i[4] input min@0.0 max@1.8 -> min@0.0 max@1.8 input
 ->wbs_dat_i[5] input min@0.0 max@1.8 -> min@0.0 max@1.8 input
 ->wbs_dat_i[6] input min@0.0 max@1.8 -> min@0.0 max@1.8 input
 ->wbs_dat_i[7] input min@0.0 max@1.8 -> min@0.0 max@1.8 input
 ->wbs_dat_i[8] input min@0.0 max@1.8 -> min@0.0 max@1.8 input
 ->wbs_dat_i[9] input min@0.0 max@1.8 -> min@0.0 max@1.8 input
 ->wbs_dat_i[0] input min@0.0 max@1.8 -> min@0.0 max@1.8 input
 ->wbs_dat_i[10] input min@0.0 max@1.8 -> min@0.0 max@1.8 input
 ->wbs_dat_i[11] input min@0.0 max@1.8 -> min@0.0 max@1.8 input
 ->wbs_dat_i[12] input min@0.0 max@1.8 -> min@0.0 max@1.8 input
 ->wbs_dat_i[13] input min@0.0 max@1.8 -> min@0.0 max@1.8 input
 ->wbs_dat_i[14] input min@0.0 max@1.8 -> min@0.0 max@1.8 input
 ->wbs_dat_i[15] input min@0.0 max@1.8 -> min@0.0 max@1.8 input
 ->wbs_dat_i[16] input min@0.0 max@1.8 -> min@0.0 max@1.8 input
 ->wbs_dat_i[17] input min@0.0 max@1.8 -> min@0.0 max@1.8 input
 ->wbs_dat_i[18] input min@0.0 max@1.8 -> min@0.0 max@1.8 input
wbs_sel_i[*] input min@0.0 max@1.8
 ->wbs_sel_i[0] input min@0.0 max@1.8 -> min@0.0 max@1.8 input
 ->wbs_sel_i[1] input min@0.0 max@1.8 -> min@0.0 max@1.8 input
 ->wbs_sel_i[2] input min@0.0 max@1.8 -> min@0.0 max@1.8 input
 ->wbs_sel_i[3] input min@0.0 max@1.8 -> min@0.0 max@1.8 input
> expected values
io_out[6:0] expectMin@0.0 expectMax@1.8
 ->io_out[0] expectMin@0.0 expectMax@1.8
 ->io_out[1] expectMin@0.0 expectMax@1.8
 ->io_out[2] expectMin@0.0 expectMax@1.8
 ->io_out[3] expectMin@0.0 expectMax@1.8
 ->io_out[4] expectMin@0.0 expectMax@1.8
 ->io_out[5] expectMin@0.0 expectMax@1.8
 ->io_out[6] expectMin@0.0 expectMax@1.8
io_oeb[6:0] expectMin@0.0 expectMax@1.8
 ->io_oeb[0] expectMin@0.0 expectMax@1.8
 ->io_oeb[1] expectMin@0.0 expectMax@1.8
 ->io_oeb[2] expectMin@0.0 expectMax@1.8
 ->io_oeb[3] expectMin@0.0 expectMax@1.8
 ->io_oeb[4] expectMin@0.0 expectMax@1.8
 ->io_oeb[5] expectMin@0.0 expectMax@1.8
 ->io_oeb[6] expectMin@0.0 expectMax@1.8
> macros
Power List> end

CVC: Linking devices...
Usage EQUIV: Time: 0  Memory: 48404  I/O: 72  Swap: 0
Power nets 396
Hash dump:parameter->resistance map
Contains 359 buckets, 691 elements
Element count 0, 51
Element count 1, 118
Element count 2, 87
Element count 3, 54
Element count 4, 25
Element count 5, 13
Element count 6, 6
Element count 7, 4
Element count 8, 1
Unused hash: 0.14, average depth 3.12
Hash dump:text->circuit map
Contains 79 buckets, 145 elements
Element count 0, 14
Element count 1, 19
Element count 2, 24
Element count 3, 12
Element count 4, 8
Element count 5, 2
Unused hash: 0.18, average depth 2.77
Hash dump:string->text map
Contains 53201 buckets, 62293 elements
Element count 0, 16482
Element count 1, 19332
Element count 2, 11275
Element count 3, 4470
Element count 4, 1297
Element count 5, 272
Element count 6, 60
Element count 7, 11
Element count 8, 2
Unused hash: 0.31, average depth 2.17
CVC: Shorting non conducting resistors...
CVC: Calculating resistor voltages...
Usage RES: Time: 0  Memory: 48404  I/O: 72  Swap: 0
Power nets 396
CVC: Calculating min/max voltages...
Processing trivial nets found 9100 trivial nets
CVC: Ignoring invalid calculations...
CVC:   Removed 0 calculations
Copying master nets
CVC: Ignoring non-conducting devices...
CVC:   Ignored 234 devices
Usage MIN/MAX1: Time: 0  Memory: 49256  I/O: 72  Swap: 0
Power nets 9456
! Checking forward bias diode errors: 

! Checking nmos source/drain vs bias errors: 

! Checking nmos gate vs source errors: 

! Checking pmos source/drain vs bias errors: 

! Checking pmos gate vs source errors: 

Usage ERROR: Time: 0  Memory: 49256  I/O: 80  Swap: 0
CVC: Propagating Simulation voltages 1...
Usage SIM1: Time: 0  Memory: 50048  I/O: 80  Swap: 0
Power nets 9456
WARNING: missing bias (2) /output20/VPB at (sky130_fd_sc_hd__buf_4)/MX0
WARNING: missing bias (2) /output7/VPB at (sky130_fd_sc_hd__buf_4)/MX0
WARNING: missing bias (2) /output42/VPB at (sky130_fd_sc_hd__buf_4)/MX0
WARNING: missing bias (2) /output31/VPB at (sky130_fd_sc_hd__buf_4)/MX0
WARNING: missing bias (2) /output21/VPB at (sky130_fd_sc_hd__buf_4)/MX0
WARNING: missing bias (2) /output10/VPB at (sky130_fd_sc_hd__buf_4)/MX0
WARNING: missing bias (2) /output8/VPB at (sky130_fd_sc_hd__buf_4)/MX0
WARNING: missing bias (2) /output43/VPB at (sky130_fd_sc_hd__buf_4)/MX0
WARNING: missing bias (2) /output32/VPB at (sky130_fd_sc_hd__buf_4)/MX0
WARNING: missing bias (2) /output22/VPB at (sky130_fd_sc_hd__buf_4)/MX0
WARNING: missing bias (2) /output11/VPB at (sky130_fd_sc_hd__buf_4)/MX0
WARNING: missing bias (2) /output9/VPB at (sky130_fd_sc_hd__buf_4)/MX0
WARNING: missing bias (2) /output44/VPB at (sky130_fd_sc_hd__buf_4)/MX0
WARNING: missing bias (2) /output33/VPB at (sky130_fd_sc_hd__buf_4)/MX0
WARNING: missing bias (2) /output23/VPB at (sky130_fd_sc_hd__buf_4)/MX0
WARNING: missing bias (2) /output34/VPB at (sky130_fd_sc_hd__buf_4)/MX0
WARNING: missing bias (2) /output12/VPB at (sky130_fd_sc_hd__buf_4)/MX0
WARNING: missing bias (2) /output45/VPB at (sky130_fd_sc_hd__buf_4)/MX0
WARNING: missing bias (2) /output24/VPB at (sky130_fd_sc_hd__buf_4)/MX0
WARNING: missing bias (2) /output13/VPB at (sky130_fd_sc_hd__buf_4)/MX0
WARNING: missing bias (2) /output35/VPB at (sky130_fd_sc_hd__buf_4)/MX0
WARNING: missing bias (4) /output46/VPB at (sky130_fd_sc_hd__buf_4)/MX0
WARNING: missing bias (4) /output14/VPB at (sky130_fd_sc_hd__buf_4)/MX0
WARNING: missing bias (2) /output36/VPB at (sky130_fd_sc_hd__buf_4)/MX0
WARNING: missing bias (2) /output25/VPB at (sky130_fd_sc_hd__buf_4)/MX0
WARNING: missing bias (2) /output47/VPB at (sky130_fd_sc_hd__buf_4)/MX0
WARNING: missing bias (2) /output26/VPB at (sky130_fd_sc_hd__buf_4)/MX0
WARNING: missing bias (2) /output37/VPB at (sky130_fd_sc_hd__buf_4)/MX0
WARNING: missing bias (2) /output15/VPB at (sky130_fd_sc_hd__buf_4)/MX0
WARNING: missing bias (2) /output48/VPB at (sky130_fd_sc_hd__buf_4)/MX0
WARNING: missing bias (2) /output27/VPB at (sky130_fd_sc_hd__buf_4)/MX0
WARNING: missing bias (2) /output38/VPB at (sky130_fd_sc_hd__buf_4)/MX0
WARNING: missing bias (2) /output16/VPB at (sky130_fd_sc_hd__buf_4)/MX0
WARNING: missing bias (2) /output49/VPB at (sky130_fd_sc_hd__buf_4)/MX0
WARNING: missing bias (2) /output28/VPB at (sky130_fd_sc_hd__buf_4)/MX0
WARNING: missing bias (2) /output17/VPB at (sky130_fd_sc_hd__buf_4)/MX0
WARNING: missing bias (2) /output39/VPB at (sky130_fd_sc_hd__buf_4)/MX0
WARNING: missing bias (2) /output29/VPB at (sky130_fd_sc_hd__buf_4)/MX0
WARNING: missing bias (4) /output18/VPB at (sky130_fd_sc_hd__buf_4)/MX0
WARNING: missing bias (2) /output19/VPB at (sky130_fd_sc_hd__buf_4)/MX0
WARNING: missing bias (2) /fanout54/VPB at (sky130_fd_sc_hd__clkbuf_4)/MX0
WARNING: missing bias (2) /input1/VPB at (sky130_fd_sc_hd__buf_12)/MX1
WARNING: missing bias (2) /fanout57/VPB at (sky130_fd_sc_hd__buf_12)/MX1
WARNING: missing bias (1) /rst_inv_inst/VPB at (sky130_fd_sc_hd__inv_2)/MX0
WARNING: missing bias (2) /output2/VPB at (sky130_fd_sc_hd__buf_4)/MX0
WARNING: missing bias (2) /wire58/VPB at (sky130_fd_sc_hd__buf_12)/MX1
WARNING: missing bias (2) /output3/VPB at (sky130_fd_sc_hd__buf_4)/MX0
WARNING: missing bias (2) /output4/VPB at (sky130_fd_sc_hd__buf_4)/MX0
WARNING: missing bias (2) /output50/VPB at (sky130_fd_sc_hd__buf_4)/MX0
WARNING: missing bias (2) /output5/VPB at (sky130_fd_sc_hd__buf_4)/MX0
WARNING: missing bias (2) /output40/VPB at (sky130_fd_sc_hd__buf_4)/MX0
WARNING: missing bias (2) /output51/VPB at (sky130_fd_sc_hd__buf_4)/MX0
WARNING: missing bias (2) /output30/VPB at (sky130_fd_sc_hd__buf_4)/MX0
WARNING: missing bias (2) /output52/VPB at (sky130_fd_sc_hd__buf_4)/MX0
WARNING: missing bias (2) /output6/VPB at (sky130_fd_sc_hd__buf_4)/MX0
WARNING: missing bias (2) /output41/VPB at (sky130_fd_sc_hd__buf_4)/MX0
CVC: Propagating Simulation voltages 3...
Usage SIM2: Time: 0  Memory: 50048  I/O: 96  Swap: 0
Power nets 9456
Added 0 latch voltages
CVC: Calculating min/max voltages...
Processing trivial nets found 9100 trivial nets
CVC: Ignoring invalid calculations...
CVC:   Removed 0 calculations
Copying master nets
CVC: Ignoring non-conducting devices...
CVC:   Ignored 0 devices
Usage MIN/MAX2: Time: 0  Memory: 50840  I/O: 96  Swap: 0
Power nets 18516
! Checking overvoltage errors

! Checking nmos possible leak errors: 

! Checking pmos possible leak errors: 

! Checking mos floating input errors:

! Checking expected values:

CVC: Error Counts
CVC: Fuse Problems:         0
CVC: Min Voltage Conflicts: 0
CVC: Max Voltage Conflicts: 0
CVC: Leaks:                 0
CVC: LDD drain->source:     0
CVC: HI-Z Inputs:           4
CVC: Forward Bias Diodes:   0
CVC: NMOS Source vs Bulk:   0
CVC: NMOS Gate vs Source:   0
CVC: NMOS Possible Leaks:   0
CVC: PMOS Source vs Bulk:   0
CVC: PMOS Gate vs Source:   0
CVC: PMOS Possible Leaks:   0
CVC: Overvoltage-VBG:       0
CVC: Overvoltage-VBS:       0
CVC: Overvoltage-VDS:       0
CVC: Overvoltage-VGS:       0
CVC: Model errors:          0
CVC: Unexpected voltage :   28
CVC: Total:                 32
Usage Total: Time: 0  Memory: 51428  I/O: 136  Swap: 0
Virtual net update/access 250487/8725710
CVC: Log output to /tmp/tmp60znun96/repo/precheck_results/02_MAY_2026___21_09_08/tmp_oeb/cvc.oeb.log
CVC: End: Sat May  2 21:14:03 2026


> gn io_in[0]
Net io_in[0]: 566
 connections: gate 0 source 0 drain 0 bulk 0
 base definition io_in[*]
  default min unknown
  default sim unknown
  default max unknown
 defined as  input min@0.0 max@1.8 =>  min@0.0 max@1.8 input


> gn io_in[1]
Net io_in[1]: 577
 connections: gate 0 source 0 drain 0 bulk 0
 base definition io_in[*]
  default min unknown
  default sim unknown
  default max unknown
 defined as  input min@0.0 max@1.8 =>  min@0.0 max@1.8 input


> gn io_in[2]
Net io_in[2]: 583
 connections: gate 0 source 0 drain 0 bulk 0
 base definition io_in[*]
  default min unknown
  default sim unknown
  default max unknown
 defined as  input min@0.0 max@1.8 =>  min@0.0 max@1.8 input


> gn io_in[3]
Net io_in[3]: 584
 connections: gate 0 source 0 drain 0 bulk 0
 base definition io_in[*]
  default min unknown
  default sim unknown
  default max unknown
 defined as  input min@0.0 max@1.8 =>  min@0.0 max@1.8 input


> gn io_in[4]
Net io_in[4]: 585
 connections: gate 0 source 0 drain 0 bulk 0
 base definition io_in[*]
  default min unknown
  default sim unknown
  default max unknown
 defined as  input min@0.0 max@1.8 =>  min@0.0 max@1.8 input


> gn io_in[5]
Net io_in[5]: 586
 connections: gate 0 source 0 drain 0 bulk 0
 base definition io_in[*]
  default min unknown
  default sim unknown
  default max unknown
 defined as  input min@0.0 max@1.8 =>  min@0.0 max@1.8 input


> gn io_in[6]
Net io_in[6]: 587
 connections: gate 0 source 0 drain 0 bulk 0
 base definition io_in[*]
  default min unknown
  default sim unknown
  default max unknown
 defined as  input min@0.0 max@1.8 =>  min@0.0 max@1.8 input


> gn io_in[7]
Net io_in[7]: 588
 connections: gate 0 source 0 drain 0 bulk 0
 base definition io_in[*]
  default min unknown
  default sim unknown
  default max unknown
 defined as  input min@0.0 max@1.8 =>  min@0.0 max@1.8 input


> gn io_in[8]
Net io_in[8]: 589
 connections: gate 2 source 0 drain 0 bulk 0
 base definition io_in[*]
  default min unknown
  default sim unknown
  default max unknown
 defined as  input min@0.0 max@1.8 =>  min@0.0 max@1.8 input


> gn io_in[9]
Net io_in[9]: 590
 connections: gate 2 source 0 drain 0 bulk 0
 base definition io_in[*]
  default min unknown
  default sim unknown
  default max unknown
 defined as  input min@0.0 max@1.8 =>  min@0.0 max@1.8 input


> gn io_in[10]
Net io_in[10]: 567
 connections: gate 0 source 0 drain 0 bulk 0
 base definition io_in[*]
  default min unknown
  default sim unknown
  default max unknown
 defined as  input min@0.0 max@1.8 =>  min@0.0 max@1.8 input


> gn io_in[11]
Net io_in[11]: 568
 connections: gate 2 source 0 drain 0 bulk 0
 base definition io_in[*]
  default min unknown
  default sim unknown
  default max unknown
 defined as  input min@0.0 max@1.8 =>  min@0.0 max@1.8 input


> gn io_in[12]
Net io_in[12]: 569
 connections: gate 0 source 0 drain 0 bulk 0
 base definition io_in[*]
  default min unknown
  default sim unknown
  default max unknown
 defined as  input min@0.0 max@1.8 =>  min@0.0 max@1.8 input


> gn io_in[13]
Net io_in[13]: 570
 connections: gate 0 source 0 drain 0 bulk 0
 base definition io_in[*]
  default min unknown
  default sim unknown
  default max unknown
 defined as  input min@0.0 max@1.8 =>  min@0.0 max@1.8 input


> gn io_in[14]
Net io_in[14]: 571
 connections: gate 0 source 0 drain 0 bulk 0
 base definition io_in[*]
  default min unknown
  default sim unknown
  default max unknown
 defined as  input min@0.0 max@1.8 =>  min@0.0 max@1.8 input


> gn io_in[15]
Net io_in[15]: 572
 connections: gate 0 source 0 drain 0 bulk 0
 base definition io_in[*]
  default min unknown
  default sim unknown
  default max unknown
 defined as  input min@0.0 max@1.8 =>  min@0.0 max@1.8 input


> gn io_in[16]
Net io_in[16]: 573
 connections: gate 0 source 0 drain 0 bulk 0
 base definition io_in[*]
  default min unknown
  default sim unknown
  default max unknown
 defined as  input min@0.0 max@1.8 =>  min@0.0 max@1.8 input


> gn io_in[17]
Net io_in[17]: 574
 connections: gate 0 source 0 drain 0 bulk 0
 base definition io_in[*]
  default min unknown
  default sim unknown
  default max unknown
 defined as  input min@0.0 max@1.8 =>  min@0.0 max@1.8 input


> gn io_in[18]
Net io_in[18]: 575
 connections: gate 0 source 0 drain 0 bulk 0
 base definition io_in[*]
  default min unknown
  default sim unknown
  default max unknown
 defined as  input min@0.0 max@1.8 =>  min@0.0 max@1.8 input


> gn io_in[19]
Net io_in[19]: 576
 connections: gate 0 source 0 drain 0 bulk 0
 base definition io_in[*]
  default min unknown
  default sim unknown
  default max unknown
 defined as  input min@0.0 max@1.8 =>  min@0.0 max@1.8 input


> gn io_in[20]
Net io_in[20]: 578
 connections: gate 0 source 0 drain 0 bulk 0
 base definition io_in[*]
  default min unknown
  default sim unknown
  default max unknown
 defined as  input min@0.0 max@1.8 =>  min@0.0 max@1.8 input


> gn io_in[21]
Net io_in[21]: 579
 connections: gate 2 source 0 drain 0 bulk 0
 base definition io_in[*]
  default min unknown
  default sim unknown
  default max unknown
 defined as  input min@0.0 max@1.8 =>  min@0.0 max@1.8 input


> gn io_in[22]
Net io_in[22]: 580
 connections: gate 0 source 0 drain 0 bulk 0
 base definition io_in[*]
  default min unknown
  default sim unknown
  default max unknown
 defined as  input min@0.0 max@1.8 =>  min@0.0 max@1.8 input


> gn io_in[23]
Net io_in[23]: 581
 connections: gate 0 source 0 drain 0 bulk 0
 base definition io_in[*]
  default min unknown
  default sim unknown
  default max unknown
 defined as  input min@0.0 max@1.8 =>  min@0.0 max@1.8 input


> gn io_in[24]
Net io_in[24]: 582
 connections: gate 0 source 0 drain 0 bulk 0
 base definition io_in[*]
  default min unknown
  default sim unknown
  default max unknown
 defined as  input min@0.0 max@1.8 =>  min@0.0 max@1.8 input


> gn io_in[25]
Net io_in[25]: 564
 connections: gate 0 source 0 drain 0 bulk 0
 base definition io_in[*]
  default min unknown
  default sim unknown
  default max unknown
 defined as  input min@0.0 max@1.8 =>  min@0.0 max@1.8 input


> gn io_in[26]
Net io_in[26]: 565
 connections: gate 0 source 0 drain 0 bulk 0
 base definition io_in[*]
  default min unknown
  default sim unknown
  default max unknown
 defined as  input min@0.0 max@1.8 =>  min@0.0 max@1.8 input


> gn io_in[27]
Net io_in[27]: 530
 connections: gate 0 source 0 drain 0 bulk 0
 base definition io_in[*]
  default min unknown
  default sim unknown
  default max unknown
 defined as  input min@0.0 max@1.8 =>  min@0.0 max@1.8 input


> gn io_in[28]
Net io_in[28]: 544
 connections: gate 0 source 0 drain 0 bulk 0
 base definition io_in[*]
  default min unknown
  default sim unknown
  default max unknown
 defined as  input min@0.0 max@1.8 =>  min@0.0 max@1.8 input


> gn io_in[29]
Net io_in[29]: 545
 connections: gate 0 source 0 drain 0 bulk 0
 base definition io_in[*]
  default min unknown
  default sim unknown
  default max unknown
 defined as  input min@0.0 max@1.8 =>  min@0.0 max@1.8 input


> gn io_in[30]
Net io_in[30]: 546
 connections: gate 0 source 0 drain 0 bulk 0
 base definition io_in[*]
  default min unknown
  default sim unknown
  default max unknown
 defined as  input min@0.0 max@1.8 =>  min@0.0 max@1.8 input


> gn io_in[31]
Net io_in[31]: 547
 connections: gate 0 source 0 drain 0 bulk 0
 base definition io_in[*]
  default min unknown
  default sim unknown
  default max unknown
 defined as  input min@0.0 max@1.8 =>  min@0.0 max@1.8 input


> gn io_in[32]
Net io_in[32]: 548
 connections: gate 0 source 0 drain 0 bulk 0
 base definition io_in[*]
  default min unknown
  default sim unknown
  default max unknown
 defined as  input min@0.0 max@1.8 =>  min@0.0 max@1.8 input


> gn io_in[33]
Net io_in[33]: 549
 connections: gate 0 source 0 drain 0 bulk 0
 base definition io_in[*]
  default min unknown
  default sim unknown
  default max unknown
 defined as  input min@0.0 max@1.8 =>  min@0.0 max@1.8 input


> gn io_in[34]
Net io_in[34]: 550
 connections: gate 0 source 0 drain 0 bulk 0
 base definition io_in[*]
  default min unknown
  default sim unknown
  default max unknown
 defined as  input min@0.0 max@1.8 =>  min@0.0 max@1.8 input


> gn io_in[35]
Net io_in[35]: 551
 connections: gate 0 source 0 drain 0 bulk 0
 base definition io_in[*]
  default min unknown
  default sim unknown
  default max unknown
 defined as  input min@0.0 max@1.8 =>  min@0.0 max@1.8 input


> gn io_in[36]
Net io_in[36]: 552
 connections: gate 0 source 0 drain 0 bulk 0
 base definition io_in[*]
  default min unknown
  default sim unknown
  default max unknown
 defined as  input min@0.0 max@1.8 =>  min@0.0 max@1.8 input


> gn io_in[37]
Net io_in[37]: 553
 connections: gate 0 source 0 drain 0 bulk 0
 base definition io_in[*]
  default min unknown
  default sim unknown
  default max unknown
 defined as  input min@0.0 max@1.8 =>  min@0.0 max@1.8 input


> gn io_out[0]
Net io_out[0]: 616
 connections: gate 0 source 0 drain 0 bulk 0


> gn io_out[1]
Net io_out[1]: 627
 connections: gate 0 source 0 drain 0 bulk 0


> gn io_out[2]
Net io_out[2]: 633
 connections: gate 0 source 0 drain 0 bulk 0


> gn io_out[3]
Net io_out[3]: 634
 connections: gate 0 source 0 drain 0 bulk 0


> gn io_out[4]
Net io_out[4]: 635
 connections: gate 0 source 0 drain 0 bulk 0


> gn io_out[5]
Net io_out[5]: 636
 connections: gate 0 source 0 drain 0 bulk 0


> gn io_out[6]
Net io_out[6]: 637
 connections: gate 0 source 0 drain 0 bulk 0


> gn io_out[7]
Net io_out[7]: 638
 connections: gate 0 source 0 drain 0 bulk 0


> gn io_out[8]
Net io_out[8]: 639
 connections: gate 0 source 0 drain 0 bulk 0


> gn io_out[9]
Net io_out[9]: 640
 connections: gate 0 source 0 drain 0 bulk 0


> gn io_out[10]
Net io_out[10]: 617
 connections: gate 0 source 1 drain 1 bulk 0


> gn io_out[11]
Net io_out[11]: 618
 connections: gate 0 source 0 drain 0 bulk 0


> gn io_out[12]
Net io_out[12]: 619
 connections: gate 0 source 1 drain 1 bulk 0


> gn io_out[13]
Net io_out[13]: 620
 connections: gate 0 source 1 drain 1 bulk 0


> gn io_out[14]
Net io_out[14]: 621
 connections: gate 0 source 1 drain 1 bulk 0


> gn io_out[15]
Net io_out[15]: 622
 connections: gate 0 source 1 drain 1 bulk 0


> gn io_out[16]
Net io_out[16]: 623
 connections: gate 0 source 1 drain 1 bulk 0


> gn io_out[17]
Net io_out[17]: 624
 connections: gate 0 source 1 drain 1 bulk 0


> gn io_out[18]
Net io_out[18]: 625
 connections: gate 0 source 1 drain 1 bulk 0


> gn io_out[19]
Net io_out[19]: 626
 connections: gate 0 source 1 drain 1 bulk 0


> gn io_out[20]
Net io_out[20]: 628
 connections: gate 0 source 1 drain 1 bulk 0


> gn io_out[21]
Net io_out[21]: 629
 connections: gate 0 source 0 drain 0 bulk 0


> gn io_out[22]
Net io_out[22]: 630
 connections: gate 0 source 1 drain 1 bulk 0


> gn io_out[23]
Net io_out[23]: 631
 connections: gate 0 source 1 drain 1 bulk 0


> gn io_out[24]
Net io_out[24]: 632
 connections: gate 0 source 1 drain 1 bulk 0


> gn io_out[25]
Net io_out[25]: 531
 connections: gate 0 source 0 drain 0 bulk 0


> gn io_out[26]
Net io_out[26]: 532
 connections: gate 0 source 0 drain 0 bulk 0


> gn io_out[27]
Net io_out[27]: 533
 connections: gate 0 source 0 drain 0 bulk 0


> gn io_out[28]
Net io_out[28]: 534
 connections: gate 0 source 0 drain 0 bulk 0


> gn io_out[29]
Net io_out[29]: 535
 connections: gate 0 source 0 drain 0 bulk 0


> gn io_out[30]
Net io_out[30]: 536
 connections: gate 0 source 0 drain 0 bulk 0


> gn io_out[31]
Net io_out[31]: 537
 connections: gate 0 source 0 drain 0 bulk 0


> gn io_out[32]
Net io_out[32]: 538
 connections: gate 0 source 0 drain 0 bulk 0


> gn io_out[33]
Net io_out[33]: 539
 connections: gate 0 source 0 drain 0 bulk 0


> gn io_out[34]
Net io_out[34]: 540
 connections: gate 0 source 0 drain 0 bulk 0


> gn io_out[35]
Net io_out[35]: 541
 connections: gate 0 source 0 drain 0 bulk 0


> gn io_out[36]
Net io_out[36]: 542
 connections: gate 0 source 0 drain 0 bulk 0


> gn io_out[37]
Net io_out[37]: 543
 connections: gate 0 source 0 drain 0 bulk 0


> gn io_oeb[0]
Net io_oeb[0]: 591
 connections: gate 0 source 1 drain 1 bulk 0


> gn io_oeb[1]
Net io_oeb[1]: 602
 connections: gate 0 source 1 drain 1 bulk 0


> gn io_oeb[2]
Net io_oeb[2]: 608
 connections: gate 0 source 1 drain 1 bulk 0


> gn io_oeb[3]
Net io_oeb[3]: 609
 connections: gate 0 source 1 drain 1 bulk 0


> gn io_oeb[4]
Net io_oeb[4]: 610
 connections: gate 0 source 1 drain 1 bulk 0


> gn io_oeb[5]
Net io_oeb[5]: 611
 connections: gate 0 source 1 drain 1 bulk 0


> gn io_oeb[6]
Net io_oeb[6]: 612
 connections: gate 0 source 1 drain 1 bulk 0


> gn io_oeb[7]
Net io_oeb[7]: 613
 connections: gate 0 source 1 drain 1 bulk 0


> gn io_oeb[8]
Net io_oeb[8]: 614
 connections: gate 0 source 1 drain 1 bulk 0


> gn io_oeb[9]
Net io_oeb[9]: 615
 connections: gate 0 source 1 drain 1 bulk 0


> gn io_oeb[10]
Net io_oeb[10]: 592
 connections: gate 0 source 1 drain 1 bulk 0


> gn io_oeb[11]
Net io_oeb[11]: 593
 connections: gate 0 source 1 drain 1 bulk 0


> gn io_oeb[12]
Net io_oeb[12]: 594
 connections: gate 0 source 1 drain 1 bulk 0


> gn io_oeb[13]
Net io_oeb[13]: 595
 connections: gate 0 source 1 drain 1 bulk 0


> gn io_oeb[14]
Net io_oeb[14]: 596
 connections: gate 0 source 1 drain 1 bulk 0


> gn io_oeb[15]
Net io_oeb[15]: 597
 connections: gate 0 source 1 drain 1 bulk 0


> gn io_oeb[16]
Net io_oeb[16]: 598
 connections: gate 0 source 1 drain 1 bulk 0


> gn io_oeb[17]
Net io_oeb[17]: 599
 connections: gate 0 source 1 drain 1 bulk 0


> gn io_oeb[18]
Net io_oeb[18]: 600
 connections: gate 0 source 1 drain 1 bulk 0


> gn io_oeb[19]
Net io_oeb[19]: 601
 connections: gate 0 source 1 drain 1 bulk 0


> gn io_oeb[20]
Net io_oeb[20]: 603
 connections: gate 0 source 1 drain 1 bulk 0


> gn io_oeb[21]
Net io_oeb[21]: 604
 connections: gate 0 source 1 drain 1 bulk 0


> gn io_oeb[22]
Net io_oeb[22]: 605
 connections: gate 0 source 1 drain 1 bulk 0


> gn io_oeb[23]
Net io_oeb[23]: 606
 connections: gate 0 source 1 drain 1 bulk 0


> gn io_oeb[24]
Net io_oeb[24]: 607
 connections: gate 0 source 1 drain 1 bulk 0


> gn io_oeb[25]
Net io_oeb[25]: 554
 connections: gate 0 source 1 drain 1 bulk 0


> gn io_oeb[26]
Net io_oeb[26]: 555
 connections: gate 0 source 1 drain 1 bulk 0


> gn io_oeb[27]
Net io_oeb[27]: 556
 connections: gate 0 source 1 drain 1 bulk 0


> gn io_oeb[28]
Net io_oeb[28]: 557
 connections: gate 0 source 1 drain 1 bulk 0


> gn io_oeb[29]
Net io_oeb[29]: 558
 connections: gate 0 source 1 drain 1 bulk 0


> gn io_oeb[30]
Net io_oeb[30]: 559
 connections: gate 0 source 1 drain 1 bulk 0


> gn io_oeb[31]
Net io_oeb[31]: 560
 connections: gate 0 source 1 drain 1 bulk 0


> gn io_oeb[32]
Net io_oeb[32]: 561
 connections: gate 0 source 1 drain 1 bulk 0


> gn io_oeb[33]
Net io_oeb[33]: 562
 connections: gate 0 source 1 drain 1 bulk 0


> gn io_oeb[34]
Net io_oeb[34]: 563
 connections: gate 0 source 1 drain 1 bulk 0


> gn io_oeb[35]
Net io_oeb[35]: 37
 connections: gate 0 source 1 drain 1 bulk 0


> gn io_oeb[36]
Net io_oeb[36]: 38
 connections: gate 0 source 1 drain 1 bulk 0


> gn io_oeb[37]
Net io_oeb[37]: 39
 connections: gate 0 source 1 drain 1 bulk 0


> gn io_in[0]
Net io_in[0]: 566
 connections: gate 0 source 0 drain 0 bulk 0
 base definition io_in[*]
  default min unknown
  default sim unknown
  default max unknown
 defined as  input min@0.0 max@1.8 =>  min@0.0 max@1.8 input


> gn io_in[1]
Net io_in[1]: 577
 connections: gate 0 source 0 drain 0 bulk 0
 base definition io_in[*]
  default min unknown
  default sim unknown
  default max unknown
 defined as  input min@0.0 max@1.8 =>  min@0.0 max@1.8 input


> gn io_in[2]
Net io_in[2]: 583
 connections: gate 0 source 0 drain 0 bulk 0
 base definition io_in[*]
  default min unknown
  default sim unknown
  default max unknown
 defined as  input min@0.0 max@1.8 =>  min@0.0 max@1.8 input


> gn io_in[3]
Net io_in[3]: 584
 connections: gate 0 source 0 drain 0 bulk 0
 base definition io_in[*]
  default min unknown
  default sim unknown
  default max unknown
 defined as  input min@0.0 max@1.8 =>  min@0.0 max@1.8 input


> gn io_in[4]
Net io_in[4]: 585
 connections: gate 0 source 0 drain 0 bulk 0
 base definition io_in[*]
  default min unknown
  default sim unknown
  default max unknown
 defined as  input min@0.0 max@1.8 =>  min@0.0 max@1.8 input


> gn io_in[5]
Net io_in[5]: 586
 connections: gate 0 source 0 drain 0 bulk 0
 base definition io_in[*]
  default min unknown
  default sim unknown
  default max unknown
 defined as  input min@0.0 max@1.8 =>  min@0.0 max@1.8 input


> gn io_in[6]
Net io_in[6]: 587
 connections: gate 0 source 0 drain 0 bulk 0
 base definition io_in[*]
  default min unknown
  default sim unknown
  default max unknown
 defined as  input min@0.0 max@1.8 =>  min@0.0 max@1.8 input


> gn io_in[7]
Net io_in[7]: 588
 connections: gate 0 source 0 drain 0 bulk 0
 base definition io_in[*]
  default min unknown
  default sim unknown
  default max unknown
 defined as  input min@0.0 max@1.8 =>  min@0.0 max@1.8 input


> gn io_in[8]
Net io_in[8]: 589
 connections: gate 2 source 0 drain 0 bulk 0
 base definition io_in[*]
  default min unknown
  default sim unknown
  default max unknown
 defined as  input min@0.0 max@1.8 =>  min@0.0 max@1.8 input


> gn io_in[9]
Net io_in[9]: 590
 connections: gate 2 source 0 drain 0 bulk 0
 base definition io_in[*]
  default min unknown
  default sim unknown
  default max unknown
 defined as  input min@0.0 max@1.8 =>  min@0.0 max@1.8 input


> gn io_in[10]
Net io_in[10]: 567
 connections: gate 0 source 0 drain 0 bulk 0
 base definition io_in[*]
  default min unknown
  default sim unknown
  default max unknown
 defined as  input min@0.0 max@1.8 =>  min@0.0 max@1.8 input


> gn io_in[11]
Net io_in[11]: 568
 connections: gate 2 source 0 drain 0 bulk 0
 base definition io_in[*]
  default min unknown
  default sim unknown
  default max unknown
 defined as  input min@0.0 max@1.8 =>  min@0.0 max@1.8 input


> gn io_in[12]
Net io_in[12]: 569
 connections: gate 0 source 0 drain 0 bulk 0
 base definition io_in[*]
  default min unknown
  default sim unknown
  default max unknown
 defined as  input min@0.0 max@1.8 =>  min@0.0 max@1.8 input


> gn io_in[13]
Net io_in[13]: 570
 connections: gate 0 source 0 drain 0 bulk 0
 base definition io_in[*]
  default min unknown
  default sim unknown
  default max unknown
 defined as  input min@0.0 max@1.8 =>  min@0.0 max@1.8 input


> gn io_in[14]
Net io_in[14]: 571
 connections: gate 0 source 0 drain 0 bulk 0
 base definition io_in[*]
  default min unknown
  default sim unknown
  default max unknown
 defined as  input min@0.0 max@1.8 =>  min@0.0 max@1.8 input


> gn io_in[15]
Net io_in[15]: 572
 connections: gate 0 source 0 drain 0 bulk 0
 base definition io_in[*]
  default min unknown
  default sim unknown
  default max unknown
 defined as  input min@0.0 max@1.8 =>  min@0.0 max@1.8 input


> gn io_in[16]
Net io_in[16]: 573
 connections: gate 0 source 0 drain 0 bulk 0
 base definition io_in[*]
  default min unknown
  default sim unknown
  default max unknown
 defined as  input min@0.0 max@1.8 =>  min@0.0 max@1.8 input


> gn io_in[17]
Net io_in[17]: 574
 connections: gate 0 source 0 drain 0 bulk 0
 base definition io_in[*]
  default min unknown
  default sim unknown
  default max unknown
 defined as  input min@0.0 max@1.8 =>  min@0.0 max@1.8 input


> gn io_in[18]
Net io_in[18]: 575
 connections: gate 0 source 0 drain 0 bulk 0
 base definition io_in[*]
  default min unknown
  default sim unknown
  default max unknown
 defined as  input min@0.0 max@1.8 =>  min@0.0 max@1.8 input


> gn io_in[19]
Net io_in[19]: 576
 connections: gate 0 source 0 drain 0 bulk 0
 base definition io_in[*]
  default min unknown
  default sim unknown
  default max unknown
 defined as  input min@0.0 max@1.8 =>  min@0.0 max@1.8 input


> gn io_in[20]
Net io_in[20]: 578
 connections: gate 0 source 0 drain 0 bulk 0
 base definition io_in[*]
  default min unknown
  default sim unknown
  default max unknown
 defined as  input min@0.0 max@1.8 =>  min@0.0 max@1.8 input


> gn io_in[21]
Net io_in[21]: 579
 connections: gate 2 source 0 drain 0 bulk 0
 base definition io_in[*]
  default min unknown
  default sim unknown
  default max unknown
 defined as  input min@0.0 max@1.8 =>  min@0.0 max@1.8 input


> gn io_in[22]
Net io_in[22]: 580
 connections: gate 0 source 0 drain 0 bulk 0
 base definition io_in[*]
  default min unknown
  default sim unknown
  default max unknown
 defined as  input min@0.0 max@1.8 =>  min@0.0 max@1.8 input


> gn io_in[23]
Net io_in[23]: 581
 connections: gate 0 source 0 drain 0 bulk 0
 base definition io_in[*]
  default min unknown
  default sim unknown
  default max unknown
 defined as  input min@0.0 max@1.8 =>  min@0.0 max@1.8 input


> gn io_in[24]
Net io_in[24]: 582
 connections: gate 0 source 0 drain 0 bulk 0
 base definition io_in[*]
  default min unknown
  default sim unknown
  default max unknown
 defined as  input min@0.0 max@1.8 =>  min@0.0 max@1.8 input


> gn io_in[25]
Net io_in[25]: 564
 connections: gate 0 source 0 drain 0 bulk 0
 base definition io_in[*]
  default min unknown
  default sim unknown
  default max unknown
 defined as  input min@0.0 max@1.8 =>  min@0.0 max@1.8 input


> gn io_in[26]
Net io_in[26]: 565
 connections: gate 0 source 0 drain 0 bulk 0
 base definition io_in[*]
  default min unknown
  default sim unknown
  default max unknown
 defined as  input min@0.0 max@1.8 =>  min@0.0 max@1.8 input


> gn io_in[27]
Net io_in[27]: 530
 connections: gate 0 source 0 drain 0 bulk 0
 base definition io_in[*]
  default min unknown
  default sim unknown
  default max unknown
 defined as  input min@0.0 max@1.8 =>  min@0.0 max@1.8 input


> gn io_in[28]
Net io_in[28]: 544
 connections: gate 0 source 0 drain 0 bulk 0
 base definition io_in[*]
  default min unknown
  default sim unknown
  default max unknown
 defined as  input min@0.0 max@1.8 =>  min@0.0 max@1.8 input


> gn io_in[29]
Net io_in[29]: 545
 connections: gate 0 source 0 drain 0 bulk 0
 base definition io_in[*]
  default min unknown
  default sim unknown
  default max unknown
 defined as  input min@0.0 max@1.8 =>  min@0.0 max@1.8 input


> gn io_in[30]
Net io_in[30]: 546
 connections: gate 0 source 0 drain 0 bulk 0
 base definition io_in[*]
  default min unknown
  default sim unknown
  default max unknown
 defined as  input min@0.0 max@1.8 =>  min@0.0 max@1.8 input


> gn io_in[31]
Net io_in[31]: 547
 connections: gate 0 source 0 drain 0 bulk 0
 base definition io_in[*]
  default min unknown
  default sim unknown
  default max unknown
 defined as  input min@0.0 max@1.8 =>  min@0.0 max@1.8 input


> gn io_in[32]
Net io_in[32]: 548
 connections: gate 0 source 0 drain 0 bulk 0
 base definition io_in[*]
  default min unknown
  default sim unknown
  default max unknown
 defined as  input min@0.0 max@1.8 =>  min@0.0 max@1.8 input


> gn io_in[33]
Net io_in[33]: 549
 connections: gate 0 source 0 drain 0 bulk 0
 base definition io_in[*]
  default min unknown
  default sim unknown
  default max unknown
 defined as  input min@0.0 max@1.8 =>  min@0.0 max@1.8 input


> gn io_in[34]
Net io_in[34]: 550
 connections: gate 0 source 0 drain 0 bulk 0
 base definition io_in[*]
  default min unknown
  default sim unknown
  default max unknown
 defined as  input min@0.0 max@1.8 =>  min@0.0 max@1.8 input


> gn io_in[35]
Net io_in[35]: 551
 connections: gate 0 source 0 drain 0 bulk 0
 base definition io_in[*]
  default min unknown
  default sim unknown
  default max unknown
 defined as  input min@0.0 max@1.8 =>  min@0.0 max@1.8 input


> gn io_in[36]
Net io_in[36]: 552
 connections: gate 0 source 0 drain 0 bulk 0
 base definition io_in[*]
  default min unknown
  default sim unknown
  default max unknown
 defined as  input min@0.0 max@1.8 =>  min@0.0 max@1.8 input


> gn io_in[37]
Net io_in[37]: 553
 connections: gate 0 source 0 drain 0 bulk 0
 base definition io_in[*]
  default min unknown
  default sim unknown
  default max unknown
 defined as  input min@0.0 max@1.8 =>  min@0.0 max@1.8 input


> gn analog_io[0]
Net analog_io[0]: 8
 connections: gate 0 source 0 drain 0 bulk 0


> gn analog_io[1]
Net analog_io[1]: 19
 connections: gate 0 source 0 drain 0 bulk 0


> gn analog_io[2]
Net analog_io[2]: 29
 connections: gate 0 source 0 drain 0 bulk 0


> gn analog_io[3]
Net analog_io[3]: 30
 connections: gate 0 source 0 drain 0 bulk 0


> gn analog_io[4]
Net analog_io[4]: 31
 connections: gate 0 source 0 drain 0 bulk 0


> gn analog_io[5]
Net analog_io[5]: 32
 connections: gate 0 source 0 drain 0 bulk 0


> gn analog_io[6]
Net analog_io[6]: 33
 connections: gate 0 source 0 drain 0 bulk 0


> gn analog_io[7]
Net analog_io[7]: 34
 connections: gate 0 source 0 drain 0 bulk 0


> gn analog_io[8]
Net analog_io[8]: 35
 connections: gate 0 source 0 drain 0 bulk 0


> gn analog_io[9]
Net analog_io[9]: 36
 connections: gate 0 source 0 drain 0 bulk 0


> gn analog_io[10]
Net analog_io[10]: 9
 connections: gate 0 source 0 drain 0 bulk 0


> gn analog_io[11]
Net analog_io[11]: 10
 connections: gate 0 source 0 drain 0 bulk 0


> gn analog_io[12]
Net analog_io[12]: 11
 connections: gate 0 source 0 drain 0 bulk 0


> gn analog_io[13]
Net analog_io[13]: 12
 connections: gate 0 source 0 drain 0 bulk 0


> gn analog_io[14]
Net analog_io[14]: 13
 connections: gate 0 source 0 drain 0 bulk 0


> gn analog_io[15]
Net analog_io[15]: 14
 connections: gate 0 source 0 drain 0 bulk 0


> gn analog_io[16]
Net analog_io[16]: 15
 connections: gate 0 source 0 drain 0 bulk 0


> gn analog_io[17]
Net analog_io[17]: 16
 connections: gate 0 source 0 drain 0 bulk 0


> gn analog_io[18]
Net analog_io[18]: 17
 connections: gate 0 source 0 drain 0 bulk 0


> gn analog_io[19]
Net analog_io[19]: 18
 connections: gate 0 source 0 drain 0 bulk 0


> gn analog_io[20]
Net analog_io[20]: 20
 connections: gate 0 source 0 drain 0 bulk 0


> gn analog_io[21]
Net analog_io[21]: 21
 connections: gate 0 source 0 drain 0 bulk 0


> gn analog_io[22]
Net analog_io[22]: 22
 connections: gate 0 source 0 drain 0 bulk 0


> gn analog_io[23]
Net analog_io[23]: 23
 connections: gate 0 source 0 drain 0 bulk 0


> gn analog_io[24]
Net analog_io[24]: 24
 connections: gate 0 source 0 drain 0 bulk 0


> gn analog_io[25]
Net analog_io[25]: 25
 connections: gate 0 source 0 drain 0 bulk 0


> gn analog_io[26]
Net analog_io[26]: 26
 connections: gate 0 source 0 drain 0 bulk 0


> gn analog_io[27]
Net analog_io[27]: 27
 connections: gate 0 source 0 drain 0 bulk 0


> gn analog_io[28]
Net analog_io[28]: 28
 connections: gate 0 source 0 drain 0 bulk 0


> q
Runtime: 0:00:01 (hh:mm:ss)
