"polygons" in: met_min_ca_density.lydrc:35
    Polygons (raw): 715765 (flat)  45248 (hierarchical)
    Elapsed: 0.080s  Memory: 629.00M
"polygons" in: met_min_ca_density.lydrc:36
    Polygons (raw): 1540497 (flat)  44333 (hierarchical)
    Elapsed: 0.050s  Memory: 630.00M
"polygons" in: met_min_ca_density.lydrc:38
    Polygons (raw): 598324 (flat)  159448 (hierarchical)
    Elapsed: 0.170s  Memory: 637.00M
"polygons" in: met_min_ca_density.lydrc:39
    Polygons (raw): 51722 (flat)  51722 (hierarchical)
    Elapsed: 0.050s  Memory: 637.00M
"polygons" in: met_min_ca_density.lydrc:41
    Polygons (raw): 73269 (flat)  73269 (hierarchical)
    Elapsed: 0.080s  Memory: 638.00M
"polygons" in: met_min_ca_density.lydrc:42
    Polygons (raw): 12087 (flat)  12087 (hierarchical)
    Elapsed: 0.030s  Memory: 638.00M
"polygons" in: met_min_ca_density.lydrc:44
    Polygons (raw): 10485 (flat)  10485 (hierarchical)
    Elapsed: 0.030s  Memory: 638.00M
"polygons" in: met_min_ca_density.lydrc:45
    Polygons (raw): 10526 (flat)  10526 (hierarchical)
    Elapsed: 0.030s  Memory: 638.00M
"polygons" in: met_min_ca_density.lydrc:47
    Polygons (raw): 1266 (flat)  1266 (hierarchical)
    Elapsed: 0.020s  Memory: 638.00M
"polygons" in: met_min_ca_density.lydrc:48
    Polygons (raw): 0 (flat)  0 (hierarchical)
    Elapsed: 0.000s  Memory: 638.00M
"polygons" in: met_min_ca_density.lydrc:49
    Polygons (raw): 10646 (flat)  10646 (hierarchical)
    Elapsed: 0.020s  Memory: 638.00M
"polygons" in: met_min_ca_density.lydrc:51
    Polygons (raw): 436 (flat)  436 (hierarchical)
    Elapsed: 0.020s  Memory: 638.00M
"input" in: met_min_ca_density.lydrc:53
    Polygons (raw): 3 (flat)  3 (hierarchical)
    Elapsed: 0.040s  Memory: 638.00M
"area" in: met_min_ca_density.lydrc:55
    Elapsed: 0.030s  Memory: 641.00M
"polygons" in: met_min_ca_density.lydrc:59
    Polygons (raw): 715765 (flat)  45248 (hierarchical)
    Elapsed: 0.060s  Memory: 641.00M
"area" in: met_min_ca_density.lydrc:59
    Elapsed: 2.710s  Memory: 679.00M
li1_ca_density is 0.9769837773826666
"polygons" in: met_min_ca_density.lydrc:69
    Polygons (raw): 598324 (flat)  159448 (hierarchical)
    Elapsed: 0.170s  Memory: 683.00M
"area" in: met_min_ca_density.lydrc:69
    Elapsed: 2.880s  Memory: 683.00M
m1_ca_density is 0.9905164268928043
"polygons" in: met_min_ca_density.lydrc:79
    Polygons (raw): 73269 (flat)  73269 (hierarchical)
    Elapsed: 0.090s  Memory: 683.00M
"area" in: met_min_ca_density.lydrc:79
    Elapsed: 0.370s  Memory: 684.00M
m2_ca_density is 0.9984275867742061
"polygons" in: met_min_ca_density.lydrc:89
    Polygons (raw): 10485 (flat)  10485 (hierarchical)
    Elapsed: 0.020s  Memory: 684.00M
"area" in: met_min_ca_density.lydrc:89
    Elapsed: 0.090s  Memory: 684.00M
m3_ca_density is 0.9993725402591843
"polygons" in: met_min_ca_density.lydrc:99
    Polygons (raw): 1266 (flat)  1266 (hierarchical)
    Elapsed: 0.010s  Memory: 684.00M
"area" in: met_min_ca_density.lydrc:99
    Elapsed: 0.030s  Memory: 684.00M
m4_ca_density is 0.8610794839955636
"polygons" in: met_min_ca_density.lydrc:109
    Polygons (raw): 436 (flat)  436 (hierarchical)
    Elapsed: 0.010s  Memory: 684.00M
"area" in: met_min_ca_density.lydrc:109
    Elapsed: 0.030s  Memory: 684.00M
m5_ca_density is 0.8595376659791407
Writing report database: /tmp/tmp60znun96/repo/precheck_results/02_MAY_2026___21_09_08/outputs/reports/klayout_met_min_ca_density_check.xml ..
Total elapsed: 7.740s  Memory: 680.00M
